TimeQuest Timing Analyzer report for Counter_irregularities
Fri Oct  2 18:19:36 2015
Quartus II 64-Bit Version 13.0.1 Build 232 06/12/2013 Service Pack 1 SJ Full Version


---------------------
; Table of Contents ;
---------------------
  1. Legal Notice
  2. TimeQuest Timing Analyzer Summary
  3. Parallel Compilation
  4. Clocks
  5. Slow Model Fmax Summary
  6. Slow Model Setup Summary
  7. Slow Model Hold Summary
  8. Slow Model Recovery Summary
  9. Slow Model Removal Summary
 10. Slow Model Minimum Pulse Width Summary
 11. Slow Model Setup: 'CLOCK_50'
 12. Slow Model Hold: 'CLOCK_50'
 13. Slow Model Recovery: 'CLOCK_50'
 14. Slow Model Removal: 'CLOCK_50'
 15. Slow Model Minimum Pulse Width: 'CLOCK_50'
 16. Clock to Output Times
 17. Minimum Clock to Output Times
 18. Fast Model Setup Summary
 19. Fast Model Hold Summary
 20. Fast Model Recovery Summary
 21. Fast Model Removal Summary
 22. Fast Model Minimum Pulse Width Summary
 23. Fast Model Setup: 'CLOCK_50'
 24. Fast Model Hold: 'CLOCK_50'
 25. Fast Model Recovery: 'CLOCK_50'
 26. Fast Model Removal: 'CLOCK_50'
 27. Fast Model Minimum Pulse Width: 'CLOCK_50'
 28. Clock to Output Times
 29. Minimum Clock to Output Times
 30. Multicorner Timing Analysis Summary
 31. Clock to Output Times
 32. Minimum Clock to Output Times
 33. Setup Transfers
 34. Hold Transfers
 35. Recovery Transfers
 36. Removal Transfers
 37. Report TCCS
 38. Report RSKM
 39. Unconstrained Paths
 40. TimeQuest Timing Analyzer Messages



----------------
; Legal Notice ;
----------------
Copyright (C) 1991-2013 Altera Corporation
Your use of Altera Corporation's design tools, logic functions 
and other software and tools, and its AMPP partner logic 
functions, and any output files from any of the foregoing 
(including device programming or simulation files), and any 
associated documentation or information are expressly subject 
to the terms and conditions of the Altera Program License 
Subscription Agreement, Altera MegaCore Function License 
Agreement, or other applicable license agreement, including, 
without limitation, that your use is for the sole purpose of 
programming logic devices manufactured by Altera and sold by 
Altera or its authorized distributors.  Please refer to the 
applicable agreement for further details.



+-----------------------------------------------------------------------------------------+
; TimeQuest Timing Analyzer Summary                                                       ;
+--------------------+--------------------------------------------------------------------+
; Quartus II Version ; Version 13.0.1 Build 232 06/12/2013 Service Pack 1 SJ Full Version ;
; Revision Name      ; Counter_irregularities                                             ;
; Device Family      ; Cyclone II                                                         ;
; Device Name        ; EP2C35F672C6                                                       ;
; Timing Models      ; Final                                                              ;
; Delay Model        ; Combined                                                           ;
; Rise/Fall Delays   ; Unavailable                                                        ;
+--------------------+--------------------------------------------------------------------+


+------------------------------------------+
; Parallel Compilation                     ;
+----------------------------+-------------+
; Processors                 ; Number      ;
+----------------------------+-------------+
; Number detected on machine ; 4           ;
; Maximum allowed            ; 2           ;
;                            ;             ;
; Average used               ; 1.00        ;
; Maximum used               ; 1           ;
;                            ;             ;
; Usage by Processor         ; % Time Used ;
;     Processor 1            ; 100.0%      ;
;     Processors 2-4         ;   0.0%      ;
+----------------------------+-------------+


+--------------------------------------------------------------------------------------------------------------------------------------------------------------------------------------+
; Clocks                                                                                                                                                                               ;
+------------+------+--------+------------+-------+-------+------------+-----------+-------------+-------+--------+-----------+------------+----------+--------+--------+--------------+
; Clock Name ; Type ; Period ; Frequency  ; Rise  ; Fall  ; Duty Cycle ; Divide by ; Multiply by ; Phase ; Offset ; Edge List ; Edge Shift ; Inverted ; Master ; Source ; Targets      ;
+------------+------+--------+------------+-------+-------+------------+-----------+-------------+-------+--------+-----------+------------+----------+--------+--------+--------------+
; CLOCK_50   ; Base ; 1.000  ; 1000.0 MHz ; 0.000 ; 0.500 ;            ;           ;             ;       ;        ;           ;            ;          ;        ;        ; { CLOCK_50 } ;
+------------+------+--------+------------+-------+-------+------------+-----------+-------------+-------+--------+-----------+------------+----------+--------+--------+--------------+


+-----------------------------------------------------------------------------------------------------------+
; Slow Model Fmax Summary                                                                                   ;
+------------+-----------------+------------+---------------------------------------------------------------+
; Fmax       ; Restricted Fmax ; Clock Name ; Note                                                          ;
+------------+-----------------+------------+---------------------------------------------------------------+
; 511.77 MHz ; 450.05 MHz      ; CLOCK_50   ; limit due to minimum period restriction (max I/O toggle rate) ;
+------------+-----------------+------------+---------------------------------------------------------------+
This panel reports FMAX for every clock in the design, regardless of the user-specified clock periods.  FMAX is only computed for paths where the source and destination registers or ports are driven by the same clock.  Paths of different clocks, including generated clocks, are ignored.  For paths between a clock and its inversion, FMAX is computed as if the rising and falling edges are scaled along with FMAX, such that the duty cycle (in terms of a percentage) is maintained. Altera recommends that you always use clock constraints and other slack reports for sign-off analysis.


+-----------------------------------+
; Slow Model Setup Summary          ;
+----------+--------+---------------+
; Clock    ; Slack  ; End Point TNS ;
+----------+--------+---------------+
; CLOCK_50 ; -0.954 ; -4.871        ;
+----------+--------+---------------+


+----------------------------------+
; Slow Model Hold Summary          ;
+----------+-------+---------------+
; Clock    ; Slack ; End Point TNS ;
+----------+-------+---------------+
; CLOCK_50 ; 0.391 ; 0.000         ;
+----------+-------+---------------+


+-----------------------------------+
; Slow Model Recovery Summary       ;
+----------+--------+---------------+
; Clock    ; Slack  ; End Point TNS ;
+----------+--------+---------------+
; CLOCK_50 ; -1.505 ; -12.040       ;
+----------+--------+---------------+


+----------------------------------+
; Slow Model Removal Summary       ;
+----------+-------+---------------+
; Clock    ; Slack ; End Point TNS ;
+----------+-------+---------------+
; CLOCK_50 ; 1.819 ; 0.000         ;
+----------+-------+---------------+


+----------------------------------------+
; Slow Model Minimum Pulse Width Summary ;
+----------+--------+--------------------+
; Clock    ; Slack  ; End Point TNS      ;
+----------+--------+--------------------+
; CLOCK_50 ; -1.222 ; -9.222             ;
+----------+--------+--------------------+


+------------------------------------------------------------------------------------------------------------------------------------------+
; Slow Model Setup: 'CLOCK_50'                                                                                                             ;
+--------+-----------------------------+-----------------------------+--------------+-------------+--------------+------------+------------+
; Slack  ; From Node                   ; To Node                     ; Launch Clock ; Latch Clock ; Relationship ; Clock Skew ; Data Delay ;
+--------+-----------------------------+-----------------------------+--------------+-------------+--------------+------------+------------+
; -0.954 ; counter:inst_counter|cnt[0] ; counter:inst_counter|cnt[7] ; CLOCK_50     ; CLOCK_50    ; 1.000        ; 0.000      ; 1.990      ;
; -0.883 ; counter:inst_counter|cnt[0] ; counter:inst_counter|cnt[6] ; CLOCK_50     ; CLOCK_50    ; 1.000        ; 0.000      ; 1.919      ;
; -0.812 ; counter:inst_counter|cnt[0] ; counter:inst_counter|cnt[5] ; CLOCK_50     ; CLOCK_50    ; 1.000        ; 0.000      ; 1.848      ;
; -0.764 ; counter:inst_counter|cnt[1] ; counter:inst_counter|cnt[7] ; CLOCK_50     ; CLOCK_50    ; 1.000        ; 0.000      ; 1.800      ;
; -0.741 ; counter:inst_counter|cnt[0] ; counter:inst_counter|cnt[4] ; CLOCK_50     ; CLOCK_50    ; 1.000        ; 0.000      ; 1.777      ;
; -0.694 ; counter:inst_counter|cnt[2] ; counter:inst_counter|cnt[7] ; CLOCK_50     ; CLOCK_50    ; 1.000        ; 0.000      ; 1.730      ;
; -0.693 ; counter:inst_counter|cnt[1] ; counter:inst_counter|cnt[6] ; CLOCK_50     ; CLOCK_50    ; 1.000        ; 0.000      ; 1.729      ;
; -0.670 ; counter:inst_counter|cnt[0] ; counter:inst_counter|cnt[3] ; CLOCK_50     ; CLOCK_50    ; 1.000        ; 0.000      ; 1.706      ;
; -0.635 ; counter:inst_counter|cnt[3] ; counter:inst_counter|cnt[7] ; CLOCK_50     ; CLOCK_50    ; 1.000        ; 0.000      ; 1.671      ;
; -0.623 ; counter:inst_counter|cnt[2] ; counter:inst_counter|cnt[6] ; CLOCK_50     ; CLOCK_50    ; 1.000        ; 0.000      ; 1.659      ;
; -0.622 ; counter:inst_counter|cnt[1] ; counter:inst_counter|cnt[5] ; CLOCK_50     ; CLOCK_50    ; 1.000        ; 0.000      ; 1.658      ;
; -0.599 ; counter:inst_counter|cnt[0] ; counter:inst_counter|cnt[2] ; CLOCK_50     ; CLOCK_50    ; 1.000        ; 0.000      ; 1.635      ;
; -0.599 ; counter:inst_counter|cnt[4] ; counter:inst_counter|cnt[7] ; CLOCK_50     ; CLOCK_50    ; 1.000        ; 0.000      ; 1.635      ;
; -0.564 ; counter:inst_counter|cnt[3] ; counter:inst_counter|cnt[6] ; CLOCK_50     ; CLOCK_50    ; 1.000        ; 0.000      ; 1.600      ;
; -0.552 ; counter:inst_counter|cnt[2] ; counter:inst_counter|cnt[5] ; CLOCK_50     ; CLOCK_50    ; 1.000        ; 0.000      ; 1.588      ;
; -0.551 ; counter:inst_counter|cnt[1] ; counter:inst_counter|cnt[4] ; CLOCK_50     ; CLOCK_50    ; 1.000        ; 0.000      ; 1.587      ;
; -0.528 ; counter:inst_counter|cnt[4] ; counter:inst_counter|cnt[6] ; CLOCK_50     ; CLOCK_50    ; 1.000        ; 0.000      ; 1.564      ;
; -0.494 ; counter:inst_counter|cnt[5] ; counter:inst_counter|cnt[7] ; CLOCK_50     ; CLOCK_50    ; 1.000        ; 0.000      ; 1.530      ;
; -0.493 ; counter:inst_counter|cnt[3] ; counter:inst_counter|cnt[5] ; CLOCK_50     ; CLOCK_50    ; 1.000        ; 0.000      ; 1.529      ;
; -0.481 ; counter:inst_counter|cnt[2] ; counter:inst_counter|cnt[4] ; CLOCK_50     ; CLOCK_50    ; 1.000        ; 0.000      ; 1.517      ;
; -0.480 ; counter:inst_counter|cnt[1] ; counter:inst_counter|cnt[3] ; CLOCK_50     ; CLOCK_50    ; 1.000        ; 0.000      ; 1.516      ;
; -0.458 ; counter:inst_counter|cnt[6] ; counter:inst_counter|cnt[7] ; CLOCK_50     ; CLOCK_50    ; 1.000        ; 0.000      ; 1.494      ;
; -0.457 ; counter:inst_counter|cnt[4] ; counter:inst_counter|cnt[5] ; CLOCK_50     ; CLOCK_50    ; 1.000        ; 0.000      ; 1.493      ;
; -0.423 ; counter:inst_counter|cnt[5] ; counter:inst_counter|cnt[6] ; CLOCK_50     ; CLOCK_50    ; 1.000        ; 0.000      ; 1.459      ;
; -0.422 ; counter:inst_counter|cnt[3] ; counter:inst_counter|cnt[4] ; CLOCK_50     ; CLOCK_50    ; 1.000        ; 0.000      ; 1.458      ;
; -0.410 ; counter:inst_counter|cnt[2] ; counter:inst_counter|cnt[3] ; CLOCK_50     ; CLOCK_50    ; 1.000        ; 0.000      ; 1.446      ;
; -0.409 ; counter:inst_counter|cnt[1] ; counter:inst_counter|cnt[2] ; CLOCK_50     ; CLOCK_50    ; 1.000        ; 0.000      ; 1.445      ;
; -0.212 ; counter:inst_counter|cnt[0] ; counter:inst_counter|cnt[1] ; CLOCK_50     ; CLOCK_50    ; 1.000        ; 0.000      ; 1.248      ;
; -0.072 ; counter:inst_counter|cnt[6] ; counter:inst_counter|cnt[6] ; CLOCK_50     ; CLOCK_50    ; 1.000        ; 0.000      ; 1.108      ;
; -0.071 ; counter:inst_counter|cnt[4] ; counter:inst_counter|cnt[4] ; CLOCK_50     ; CLOCK_50    ; 1.000        ; 0.000      ; 1.107      ;
; -0.040 ; counter:inst_counter|cnt[5] ; counter:inst_counter|cnt[5] ; CLOCK_50     ; CLOCK_50    ; 1.000        ; 0.000      ; 1.076      ;
; -0.039 ; counter:inst_counter|cnt[3] ; counter:inst_counter|cnt[3] ; CLOCK_50     ; CLOCK_50    ; 1.000        ; 0.000      ; 1.075      ;
; -0.027 ; counter:inst_counter|cnt[2] ; counter:inst_counter|cnt[2] ; CLOCK_50     ; CLOCK_50    ; 1.000        ; 0.000      ; 1.063      ;
; -0.026 ; counter:inst_counter|cnt[1] ; counter:inst_counter|cnt[1] ; CLOCK_50     ; CLOCK_50    ; 1.000        ; 0.000      ; 1.062      ;
; 0.232  ; counter:inst_counter|cnt[7] ; counter:inst_counter|cnt[7] ; CLOCK_50     ; CLOCK_50    ; 1.000        ; 0.000      ; 0.804      ;
; 0.379  ; counter:inst_counter|cnt[0] ; counter:inst_counter|cnt[0] ; CLOCK_50     ; CLOCK_50    ; 1.000        ; 0.000      ; 0.657      ;
+--------+-----------------------------+-----------------------------+--------------+-------------+--------------+------------+------------+


+-----------------------------------------------------------------------------------------------------------------------------------------+
; Slow Model Hold: 'CLOCK_50'                                                                                                             ;
+-------+-----------------------------+-----------------------------+--------------+-------------+--------------+------------+------------+
; Slack ; From Node                   ; To Node                     ; Launch Clock ; Latch Clock ; Relationship ; Clock Skew ; Data Delay ;
+-------+-----------------------------+-----------------------------+--------------+-------------+--------------+------------+------------+
; 0.391 ; counter:inst_counter|cnt[0] ; counter:inst_counter|cnt[0] ; CLOCK_50     ; CLOCK_50    ; 0.000        ; 0.000      ; 0.657      ;
; 0.538 ; counter:inst_counter|cnt[7] ; counter:inst_counter|cnt[7] ; CLOCK_50     ; CLOCK_50    ; 0.000        ; 0.000      ; 0.804      ;
; 0.796 ; counter:inst_counter|cnt[1] ; counter:inst_counter|cnt[1] ; CLOCK_50     ; CLOCK_50    ; 0.000        ; 0.000      ; 1.062      ;
; 0.797 ; counter:inst_counter|cnt[2] ; counter:inst_counter|cnt[2] ; CLOCK_50     ; CLOCK_50    ; 0.000        ; 0.000      ; 1.063      ;
; 0.809 ; counter:inst_counter|cnt[3] ; counter:inst_counter|cnt[3] ; CLOCK_50     ; CLOCK_50    ; 0.000        ; 0.000      ; 1.075      ;
; 0.810 ; counter:inst_counter|cnt[5] ; counter:inst_counter|cnt[5] ; CLOCK_50     ; CLOCK_50    ; 0.000        ; 0.000      ; 1.076      ;
; 0.841 ; counter:inst_counter|cnt[4] ; counter:inst_counter|cnt[4] ; CLOCK_50     ; CLOCK_50    ; 0.000        ; 0.000      ; 1.107      ;
; 0.842 ; counter:inst_counter|cnt[6] ; counter:inst_counter|cnt[6] ; CLOCK_50     ; CLOCK_50    ; 0.000        ; 0.000      ; 1.108      ;
; 0.982 ; counter:inst_counter|cnt[0] ; counter:inst_counter|cnt[1] ; CLOCK_50     ; CLOCK_50    ; 0.000        ; 0.000      ; 1.248      ;
; 1.179 ; counter:inst_counter|cnt[1] ; counter:inst_counter|cnt[2] ; CLOCK_50     ; CLOCK_50    ; 0.000        ; 0.000      ; 1.445      ;
; 1.180 ; counter:inst_counter|cnt[2] ; counter:inst_counter|cnt[3] ; CLOCK_50     ; CLOCK_50    ; 0.000        ; 0.000      ; 1.446      ;
; 1.192 ; counter:inst_counter|cnt[3] ; counter:inst_counter|cnt[4] ; CLOCK_50     ; CLOCK_50    ; 0.000        ; 0.000      ; 1.458      ;
; 1.193 ; counter:inst_counter|cnt[5] ; counter:inst_counter|cnt[6] ; CLOCK_50     ; CLOCK_50    ; 0.000        ; 0.000      ; 1.459      ;
; 1.227 ; counter:inst_counter|cnt[4] ; counter:inst_counter|cnt[5] ; CLOCK_50     ; CLOCK_50    ; 0.000        ; 0.000      ; 1.493      ;
; 1.228 ; counter:inst_counter|cnt[6] ; counter:inst_counter|cnt[7] ; CLOCK_50     ; CLOCK_50    ; 0.000        ; 0.000      ; 1.494      ;
; 1.250 ; counter:inst_counter|cnt[1] ; counter:inst_counter|cnt[3] ; CLOCK_50     ; CLOCK_50    ; 0.000        ; 0.000      ; 1.516      ;
; 1.251 ; counter:inst_counter|cnt[2] ; counter:inst_counter|cnt[4] ; CLOCK_50     ; CLOCK_50    ; 0.000        ; 0.000      ; 1.517      ;
; 1.263 ; counter:inst_counter|cnt[3] ; counter:inst_counter|cnt[5] ; CLOCK_50     ; CLOCK_50    ; 0.000        ; 0.000      ; 1.529      ;
; 1.264 ; counter:inst_counter|cnt[5] ; counter:inst_counter|cnt[7] ; CLOCK_50     ; CLOCK_50    ; 0.000        ; 0.000      ; 1.530      ;
; 1.298 ; counter:inst_counter|cnt[4] ; counter:inst_counter|cnt[6] ; CLOCK_50     ; CLOCK_50    ; 0.000        ; 0.000      ; 1.564      ;
; 1.321 ; counter:inst_counter|cnt[1] ; counter:inst_counter|cnt[4] ; CLOCK_50     ; CLOCK_50    ; 0.000        ; 0.000      ; 1.587      ;
; 1.322 ; counter:inst_counter|cnt[2] ; counter:inst_counter|cnt[5] ; CLOCK_50     ; CLOCK_50    ; 0.000        ; 0.000      ; 1.588      ;
; 1.334 ; counter:inst_counter|cnt[3] ; counter:inst_counter|cnt[6] ; CLOCK_50     ; CLOCK_50    ; 0.000        ; 0.000      ; 1.600      ;
; 1.369 ; counter:inst_counter|cnt[0] ; counter:inst_counter|cnt[2] ; CLOCK_50     ; CLOCK_50    ; 0.000        ; 0.000      ; 1.635      ;
; 1.369 ; counter:inst_counter|cnt[4] ; counter:inst_counter|cnt[7] ; CLOCK_50     ; CLOCK_50    ; 0.000        ; 0.000      ; 1.635      ;
; 1.392 ; counter:inst_counter|cnt[1] ; counter:inst_counter|cnt[5] ; CLOCK_50     ; CLOCK_50    ; 0.000        ; 0.000      ; 1.658      ;
; 1.393 ; counter:inst_counter|cnt[2] ; counter:inst_counter|cnt[6] ; CLOCK_50     ; CLOCK_50    ; 0.000        ; 0.000      ; 1.659      ;
; 1.405 ; counter:inst_counter|cnt[3] ; counter:inst_counter|cnt[7] ; CLOCK_50     ; CLOCK_50    ; 0.000        ; 0.000      ; 1.671      ;
; 1.440 ; counter:inst_counter|cnt[0] ; counter:inst_counter|cnt[3] ; CLOCK_50     ; CLOCK_50    ; 0.000        ; 0.000      ; 1.706      ;
; 1.463 ; counter:inst_counter|cnt[1] ; counter:inst_counter|cnt[6] ; CLOCK_50     ; CLOCK_50    ; 0.000        ; 0.000      ; 1.729      ;
; 1.464 ; counter:inst_counter|cnt[2] ; counter:inst_counter|cnt[7] ; CLOCK_50     ; CLOCK_50    ; 0.000        ; 0.000      ; 1.730      ;
; 1.511 ; counter:inst_counter|cnt[0] ; counter:inst_counter|cnt[4] ; CLOCK_50     ; CLOCK_50    ; 0.000        ; 0.000      ; 1.777      ;
; 1.534 ; counter:inst_counter|cnt[1] ; counter:inst_counter|cnt[7] ; CLOCK_50     ; CLOCK_50    ; 0.000        ; 0.000      ; 1.800      ;
; 1.582 ; counter:inst_counter|cnt[0] ; counter:inst_counter|cnt[5] ; CLOCK_50     ; CLOCK_50    ; 0.000        ; 0.000      ; 1.848      ;
; 1.653 ; counter:inst_counter|cnt[0] ; counter:inst_counter|cnt[6] ; CLOCK_50     ; CLOCK_50    ; 0.000        ; 0.000      ; 1.919      ;
; 1.724 ; counter:inst_counter|cnt[0] ; counter:inst_counter|cnt[7] ; CLOCK_50     ; CLOCK_50    ; 0.000        ; 0.000      ; 1.990      ;
+-------+-----------------------------+-----------------------------+--------------+-------------+--------------+------------+------------+


+------------------------------------------------------------------------------------------------------------------------------------------+
; Slow Model Recovery: 'CLOCK_50'                                                                                                          ;
+--------+-----------------------------+-----------------------------+--------------+-------------+--------------+------------+------------+
; Slack  ; From Node                   ; To Node                     ; Launch Clock ; Latch Clock ; Relationship ; Clock Skew ; Data Delay ;
+--------+-----------------------------+-----------------------------+--------------+-------------+--------------+------------+------------+
; -1.505 ; counter:inst_counter|cnt[7] ; counter:inst_counter|cnt[2] ; CLOCK_50     ; CLOCK_50    ; 1.000        ; 0.000      ; 2.541      ;
; -1.505 ; counter:inst_counter|cnt[7] ; counter:inst_counter|cnt[3] ; CLOCK_50     ; CLOCK_50    ; 1.000        ; 0.000      ; 2.541      ;
; -1.505 ; counter:inst_counter|cnt[7] ; counter:inst_counter|cnt[4] ; CLOCK_50     ; CLOCK_50    ; 1.000        ; 0.000      ; 2.541      ;
; -1.505 ; counter:inst_counter|cnt[7] ; counter:inst_counter|cnt[5] ; CLOCK_50     ; CLOCK_50    ; 1.000        ; 0.000      ; 2.541      ;
; -1.505 ; counter:inst_counter|cnt[7] ; counter:inst_counter|cnt[6] ; CLOCK_50     ; CLOCK_50    ; 1.000        ; 0.000      ; 2.541      ;
; -1.505 ; counter:inst_counter|cnt[7] ; counter:inst_counter|cnt[7] ; CLOCK_50     ; CLOCK_50    ; 1.000        ; 0.000      ; 2.541      ;
; -1.505 ; counter:inst_counter|cnt[7] ; counter:inst_counter|cnt[0] ; CLOCK_50     ; CLOCK_50    ; 1.000        ; 0.000      ; 2.541      ;
; -1.505 ; counter:inst_counter|cnt[7] ; counter:inst_counter|cnt[1] ; CLOCK_50     ; CLOCK_50    ; 1.000        ; 0.000      ; 2.541      ;
; -1.472 ; counter:inst_counter|cnt[6] ; counter:inst_counter|cnt[2] ; CLOCK_50     ; CLOCK_50    ; 1.000        ; 0.000      ; 2.508      ;
; -1.472 ; counter:inst_counter|cnt[6] ; counter:inst_counter|cnt[3] ; CLOCK_50     ; CLOCK_50    ; 1.000        ; 0.000      ; 2.508      ;
; -1.472 ; counter:inst_counter|cnt[6] ; counter:inst_counter|cnt[4] ; CLOCK_50     ; CLOCK_50    ; 1.000        ; 0.000      ; 2.508      ;
; -1.472 ; counter:inst_counter|cnt[6] ; counter:inst_counter|cnt[5] ; CLOCK_50     ; CLOCK_50    ; 1.000        ; 0.000      ; 2.508      ;
; -1.472 ; counter:inst_counter|cnt[6] ; counter:inst_counter|cnt[6] ; CLOCK_50     ; CLOCK_50    ; 1.000        ; 0.000      ; 2.508      ;
; -1.472 ; counter:inst_counter|cnt[6] ; counter:inst_counter|cnt[7] ; CLOCK_50     ; CLOCK_50    ; 1.000        ; 0.000      ; 2.508      ;
; -1.472 ; counter:inst_counter|cnt[6] ; counter:inst_counter|cnt[0] ; CLOCK_50     ; CLOCK_50    ; 1.000        ; 0.000      ; 2.508      ;
; -1.472 ; counter:inst_counter|cnt[6] ; counter:inst_counter|cnt[1] ; CLOCK_50     ; CLOCK_50    ; 1.000        ; 0.000      ; 2.508      ;
; -1.465 ; counter:inst_counter|cnt[0] ; counter:inst_counter|cnt[2] ; CLOCK_50     ; CLOCK_50    ; 1.000        ; 0.000      ; 2.501      ;
; -1.465 ; counter:inst_counter|cnt[0] ; counter:inst_counter|cnt[3] ; CLOCK_50     ; CLOCK_50    ; 1.000        ; 0.000      ; 2.501      ;
; -1.465 ; counter:inst_counter|cnt[0] ; counter:inst_counter|cnt[4] ; CLOCK_50     ; CLOCK_50    ; 1.000        ; 0.000      ; 2.501      ;
; -1.465 ; counter:inst_counter|cnt[0] ; counter:inst_counter|cnt[5] ; CLOCK_50     ; CLOCK_50    ; 1.000        ; 0.000      ; 2.501      ;
; -1.465 ; counter:inst_counter|cnt[0] ; counter:inst_counter|cnt[6] ; CLOCK_50     ; CLOCK_50    ; 1.000        ; 0.000      ; 2.501      ;
; -1.465 ; counter:inst_counter|cnt[0] ; counter:inst_counter|cnt[7] ; CLOCK_50     ; CLOCK_50    ; 1.000        ; 0.000      ; 2.501      ;
; -1.465 ; counter:inst_counter|cnt[0] ; counter:inst_counter|cnt[0] ; CLOCK_50     ; CLOCK_50    ; 1.000        ; 0.000      ; 2.501      ;
; -1.465 ; counter:inst_counter|cnt[0] ; counter:inst_counter|cnt[1] ; CLOCK_50     ; CLOCK_50    ; 1.000        ; 0.000      ; 2.501      ;
; -1.431 ; counter:inst_counter|cnt[5] ; counter:inst_counter|cnt[2] ; CLOCK_50     ; CLOCK_50    ; 1.000        ; 0.000      ; 2.467      ;
; -1.431 ; counter:inst_counter|cnt[5] ; counter:inst_counter|cnt[3] ; CLOCK_50     ; CLOCK_50    ; 1.000        ; 0.000      ; 2.467      ;
; -1.431 ; counter:inst_counter|cnt[5] ; counter:inst_counter|cnt[4] ; CLOCK_50     ; CLOCK_50    ; 1.000        ; 0.000      ; 2.467      ;
; -1.431 ; counter:inst_counter|cnt[5] ; counter:inst_counter|cnt[5] ; CLOCK_50     ; CLOCK_50    ; 1.000        ; 0.000      ; 2.467      ;
; -1.431 ; counter:inst_counter|cnt[5] ; counter:inst_counter|cnt[6] ; CLOCK_50     ; CLOCK_50    ; 1.000        ; 0.000      ; 2.467      ;
; -1.431 ; counter:inst_counter|cnt[5] ; counter:inst_counter|cnt[7] ; CLOCK_50     ; CLOCK_50    ; 1.000        ; 0.000      ; 2.467      ;
; -1.431 ; counter:inst_counter|cnt[5] ; counter:inst_counter|cnt[0] ; CLOCK_50     ; CLOCK_50    ; 1.000        ; 0.000      ; 2.467      ;
; -1.431 ; counter:inst_counter|cnt[5] ; counter:inst_counter|cnt[1] ; CLOCK_50     ; CLOCK_50    ; 1.000        ; 0.000      ; 2.467      ;
; -1.293 ; counter:inst_counter|cnt[2] ; counter:inst_counter|cnt[2] ; CLOCK_50     ; CLOCK_50    ; 1.000        ; 0.000      ; 2.329      ;
; -1.293 ; counter:inst_counter|cnt[2] ; counter:inst_counter|cnt[3] ; CLOCK_50     ; CLOCK_50    ; 1.000        ; 0.000      ; 2.329      ;
; -1.293 ; counter:inst_counter|cnt[2] ; counter:inst_counter|cnt[4] ; CLOCK_50     ; CLOCK_50    ; 1.000        ; 0.000      ; 2.329      ;
; -1.293 ; counter:inst_counter|cnt[2] ; counter:inst_counter|cnt[5] ; CLOCK_50     ; CLOCK_50    ; 1.000        ; 0.000      ; 2.329      ;
; -1.293 ; counter:inst_counter|cnt[2] ; counter:inst_counter|cnt[6] ; CLOCK_50     ; CLOCK_50    ; 1.000        ; 0.000      ; 2.329      ;
; -1.293 ; counter:inst_counter|cnt[2] ; counter:inst_counter|cnt[7] ; CLOCK_50     ; CLOCK_50    ; 1.000        ; 0.000      ; 2.329      ;
; -1.293 ; counter:inst_counter|cnt[2] ; counter:inst_counter|cnt[0] ; CLOCK_50     ; CLOCK_50    ; 1.000        ; 0.000      ; 2.329      ;
; -1.293 ; counter:inst_counter|cnt[2] ; counter:inst_counter|cnt[1] ; CLOCK_50     ; CLOCK_50    ; 1.000        ; 0.000      ; 2.329      ;
; -1.205 ; counter:inst_counter|cnt[4] ; counter:inst_counter|cnt[2] ; CLOCK_50     ; CLOCK_50    ; 1.000        ; 0.000      ; 2.241      ;
; -1.205 ; counter:inst_counter|cnt[4] ; counter:inst_counter|cnt[3] ; CLOCK_50     ; CLOCK_50    ; 1.000        ; 0.000      ; 2.241      ;
; -1.205 ; counter:inst_counter|cnt[4] ; counter:inst_counter|cnt[4] ; CLOCK_50     ; CLOCK_50    ; 1.000        ; 0.000      ; 2.241      ;
; -1.205 ; counter:inst_counter|cnt[4] ; counter:inst_counter|cnt[5] ; CLOCK_50     ; CLOCK_50    ; 1.000        ; 0.000      ; 2.241      ;
; -1.205 ; counter:inst_counter|cnt[4] ; counter:inst_counter|cnt[6] ; CLOCK_50     ; CLOCK_50    ; 1.000        ; 0.000      ; 2.241      ;
; -1.205 ; counter:inst_counter|cnt[4] ; counter:inst_counter|cnt[7] ; CLOCK_50     ; CLOCK_50    ; 1.000        ; 0.000      ; 2.241      ;
; -1.205 ; counter:inst_counter|cnt[4] ; counter:inst_counter|cnt[0] ; CLOCK_50     ; CLOCK_50    ; 1.000        ; 0.000      ; 2.241      ;
; -1.205 ; counter:inst_counter|cnt[4] ; counter:inst_counter|cnt[1] ; CLOCK_50     ; CLOCK_50    ; 1.000        ; 0.000      ; 2.241      ;
; -1.194 ; counter:inst_counter|cnt[3] ; counter:inst_counter|cnt[2] ; CLOCK_50     ; CLOCK_50    ; 1.000        ; 0.000      ; 2.230      ;
; -1.194 ; counter:inst_counter|cnt[3] ; counter:inst_counter|cnt[3] ; CLOCK_50     ; CLOCK_50    ; 1.000        ; 0.000      ; 2.230      ;
; -1.194 ; counter:inst_counter|cnt[3] ; counter:inst_counter|cnt[4] ; CLOCK_50     ; CLOCK_50    ; 1.000        ; 0.000      ; 2.230      ;
; -1.194 ; counter:inst_counter|cnt[3] ; counter:inst_counter|cnt[5] ; CLOCK_50     ; CLOCK_50    ; 1.000        ; 0.000      ; 2.230      ;
; -1.194 ; counter:inst_counter|cnt[3] ; counter:inst_counter|cnt[6] ; CLOCK_50     ; CLOCK_50    ; 1.000        ; 0.000      ; 2.230      ;
; -1.194 ; counter:inst_counter|cnt[3] ; counter:inst_counter|cnt[7] ; CLOCK_50     ; CLOCK_50    ; 1.000        ; 0.000      ; 2.230      ;
; -1.194 ; counter:inst_counter|cnt[3] ; counter:inst_counter|cnt[0] ; CLOCK_50     ; CLOCK_50    ; 1.000        ; 0.000      ; 2.230      ;
; -1.194 ; counter:inst_counter|cnt[3] ; counter:inst_counter|cnt[1] ; CLOCK_50     ; CLOCK_50    ; 1.000        ; 0.000      ; 2.230      ;
; -1.049 ; counter:inst_counter|cnt[1] ; counter:inst_counter|cnt[2] ; CLOCK_50     ; CLOCK_50    ; 1.000        ; 0.000      ; 2.085      ;
; -1.049 ; counter:inst_counter|cnt[1] ; counter:inst_counter|cnt[3] ; CLOCK_50     ; CLOCK_50    ; 1.000        ; 0.000      ; 2.085      ;
; -1.049 ; counter:inst_counter|cnt[1] ; counter:inst_counter|cnt[4] ; CLOCK_50     ; CLOCK_50    ; 1.000        ; 0.000      ; 2.085      ;
; -1.049 ; counter:inst_counter|cnt[1] ; counter:inst_counter|cnt[5] ; CLOCK_50     ; CLOCK_50    ; 1.000        ; 0.000      ; 2.085      ;
; -1.049 ; counter:inst_counter|cnt[1] ; counter:inst_counter|cnt[6] ; CLOCK_50     ; CLOCK_50    ; 1.000        ; 0.000      ; 2.085      ;
; -1.049 ; counter:inst_counter|cnt[1] ; counter:inst_counter|cnt[7] ; CLOCK_50     ; CLOCK_50    ; 1.000        ; 0.000      ; 2.085      ;
; -1.049 ; counter:inst_counter|cnt[1] ; counter:inst_counter|cnt[0] ; CLOCK_50     ; CLOCK_50    ; 1.000        ; 0.000      ; 2.085      ;
; -1.049 ; counter:inst_counter|cnt[1] ; counter:inst_counter|cnt[1] ; CLOCK_50     ; CLOCK_50    ; 1.000        ; 0.000      ; 2.085      ;
+--------+-----------------------------+-----------------------------+--------------+-------------+--------------+------------+------------+


+-----------------------------------------------------------------------------------------------------------------------------------------+
; Slow Model Removal: 'CLOCK_50'                                                                                                          ;
+-------+-----------------------------+-----------------------------+--------------+-------------+--------------+------------+------------+
; Slack ; From Node                   ; To Node                     ; Launch Clock ; Latch Clock ; Relationship ; Clock Skew ; Data Delay ;
+-------+-----------------------------+-----------------------------+--------------+-------------+--------------+------------+------------+
; 1.819 ; counter:inst_counter|cnt[1] ; counter:inst_counter|cnt[2] ; CLOCK_50     ; CLOCK_50    ; 0.000        ; 0.000      ; 2.085      ;
; 1.819 ; counter:inst_counter|cnt[1] ; counter:inst_counter|cnt[3] ; CLOCK_50     ; CLOCK_50    ; 0.000        ; 0.000      ; 2.085      ;
; 1.819 ; counter:inst_counter|cnt[1] ; counter:inst_counter|cnt[4] ; CLOCK_50     ; CLOCK_50    ; 0.000        ; 0.000      ; 2.085      ;
; 1.819 ; counter:inst_counter|cnt[1] ; counter:inst_counter|cnt[5] ; CLOCK_50     ; CLOCK_50    ; 0.000        ; 0.000      ; 2.085      ;
; 1.819 ; counter:inst_counter|cnt[1] ; counter:inst_counter|cnt[6] ; CLOCK_50     ; CLOCK_50    ; 0.000        ; 0.000      ; 2.085      ;
; 1.819 ; counter:inst_counter|cnt[1] ; counter:inst_counter|cnt[7] ; CLOCK_50     ; CLOCK_50    ; 0.000        ; 0.000      ; 2.085      ;
; 1.819 ; counter:inst_counter|cnt[1] ; counter:inst_counter|cnt[0] ; CLOCK_50     ; CLOCK_50    ; 0.000        ; 0.000      ; 2.085      ;
; 1.819 ; counter:inst_counter|cnt[1] ; counter:inst_counter|cnt[1] ; CLOCK_50     ; CLOCK_50    ; 0.000        ; 0.000      ; 2.085      ;
; 1.964 ; counter:inst_counter|cnt[3] ; counter:inst_counter|cnt[2] ; CLOCK_50     ; CLOCK_50    ; 0.000        ; 0.000      ; 2.230      ;
; 1.964 ; counter:inst_counter|cnt[3] ; counter:inst_counter|cnt[3] ; CLOCK_50     ; CLOCK_50    ; 0.000        ; 0.000      ; 2.230      ;
; 1.964 ; counter:inst_counter|cnt[3] ; counter:inst_counter|cnt[4] ; CLOCK_50     ; CLOCK_50    ; 0.000        ; 0.000      ; 2.230      ;
; 1.964 ; counter:inst_counter|cnt[3] ; counter:inst_counter|cnt[5] ; CLOCK_50     ; CLOCK_50    ; 0.000        ; 0.000      ; 2.230      ;
; 1.964 ; counter:inst_counter|cnt[3] ; counter:inst_counter|cnt[6] ; CLOCK_50     ; CLOCK_50    ; 0.000        ; 0.000      ; 2.230      ;
; 1.964 ; counter:inst_counter|cnt[3] ; counter:inst_counter|cnt[7] ; CLOCK_50     ; CLOCK_50    ; 0.000        ; 0.000      ; 2.230      ;
; 1.964 ; counter:inst_counter|cnt[3] ; counter:inst_counter|cnt[0] ; CLOCK_50     ; CLOCK_50    ; 0.000        ; 0.000      ; 2.230      ;
; 1.964 ; counter:inst_counter|cnt[3] ; counter:inst_counter|cnt[1] ; CLOCK_50     ; CLOCK_50    ; 0.000        ; 0.000      ; 2.230      ;
; 1.975 ; counter:inst_counter|cnt[4] ; counter:inst_counter|cnt[2] ; CLOCK_50     ; CLOCK_50    ; 0.000        ; 0.000      ; 2.241      ;
; 1.975 ; counter:inst_counter|cnt[4] ; counter:inst_counter|cnt[3] ; CLOCK_50     ; CLOCK_50    ; 0.000        ; 0.000      ; 2.241      ;
; 1.975 ; counter:inst_counter|cnt[4] ; counter:inst_counter|cnt[4] ; CLOCK_50     ; CLOCK_50    ; 0.000        ; 0.000      ; 2.241      ;
; 1.975 ; counter:inst_counter|cnt[4] ; counter:inst_counter|cnt[5] ; CLOCK_50     ; CLOCK_50    ; 0.000        ; 0.000      ; 2.241      ;
; 1.975 ; counter:inst_counter|cnt[4] ; counter:inst_counter|cnt[6] ; CLOCK_50     ; CLOCK_50    ; 0.000        ; 0.000      ; 2.241      ;
; 1.975 ; counter:inst_counter|cnt[4] ; counter:inst_counter|cnt[7] ; CLOCK_50     ; CLOCK_50    ; 0.000        ; 0.000      ; 2.241      ;
; 1.975 ; counter:inst_counter|cnt[4] ; counter:inst_counter|cnt[0] ; CLOCK_50     ; CLOCK_50    ; 0.000        ; 0.000      ; 2.241      ;
; 1.975 ; counter:inst_counter|cnt[4] ; counter:inst_counter|cnt[1] ; CLOCK_50     ; CLOCK_50    ; 0.000        ; 0.000      ; 2.241      ;
; 2.063 ; counter:inst_counter|cnt[2] ; counter:inst_counter|cnt[2] ; CLOCK_50     ; CLOCK_50    ; 0.000        ; 0.000      ; 2.329      ;
; 2.063 ; counter:inst_counter|cnt[2] ; counter:inst_counter|cnt[3] ; CLOCK_50     ; CLOCK_50    ; 0.000        ; 0.000      ; 2.329      ;
; 2.063 ; counter:inst_counter|cnt[2] ; counter:inst_counter|cnt[4] ; CLOCK_50     ; CLOCK_50    ; 0.000        ; 0.000      ; 2.329      ;
; 2.063 ; counter:inst_counter|cnt[2] ; counter:inst_counter|cnt[5] ; CLOCK_50     ; CLOCK_50    ; 0.000        ; 0.000      ; 2.329      ;
; 2.063 ; counter:inst_counter|cnt[2] ; counter:inst_counter|cnt[6] ; CLOCK_50     ; CLOCK_50    ; 0.000        ; 0.000      ; 2.329      ;
; 2.063 ; counter:inst_counter|cnt[2] ; counter:inst_counter|cnt[7] ; CLOCK_50     ; CLOCK_50    ; 0.000        ; 0.000      ; 2.329      ;
; 2.063 ; counter:inst_counter|cnt[2] ; counter:inst_counter|cnt[0] ; CLOCK_50     ; CLOCK_50    ; 0.000        ; 0.000      ; 2.329      ;
; 2.063 ; counter:inst_counter|cnt[2] ; counter:inst_counter|cnt[1] ; CLOCK_50     ; CLOCK_50    ; 0.000        ; 0.000      ; 2.329      ;
; 2.201 ; counter:inst_counter|cnt[5] ; counter:inst_counter|cnt[2] ; CLOCK_50     ; CLOCK_50    ; 0.000        ; 0.000      ; 2.467      ;
; 2.201 ; counter:inst_counter|cnt[5] ; counter:inst_counter|cnt[3] ; CLOCK_50     ; CLOCK_50    ; 0.000        ; 0.000      ; 2.467      ;
; 2.201 ; counter:inst_counter|cnt[5] ; counter:inst_counter|cnt[4] ; CLOCK_50     ; CLOCK_50    ; 0.000        ; 0.000      ; 2.467      ;
; 2.201 ; counter:inst_counter|cnt[5] ; counter:inst_counter|cnt[5] ; CLOCK_50     ; CLOCK_50    ; 0.000        ; 0.000      ; 2.467      ;
; 2.201 ; counter:inst_counter|cnt[5] ; counter:inst_counter|cnt[6] ; CLOCK_50     ; CLOCK_50    ; 0.000        ; 0.000      ; 2.467      ;
; 2.201 ; counter:inst_counter|cnt[5] ; counter:inst_counter|cnt[7] ; CLOCK_50     ; CLOCK_50    ; 0.000        ; 0.000      ; 2.467      ;
; 2.201 ; counter:inst_counter|cnt[5] ; counter:inst_counter|cnt[0] ; CLOCK_50     ; CLOCK_50    ; 0.000        ; 0.000      ; 2.467      ;
; 2.201 ; counter:inst_counter|cnt[5] ; counter:inst_counter|cnt[1] ; CLOCK_50     ; CLOCK_50    ; 0.000        ; 0.000      ; 2.467      ;
; 2.235 ; counter:inst_counter|cnt[0] ; counter:inst_counter|cnt[2] ; CLOCK_50     ; CLOCK_50    ; 0.000        ; 0.000      ; 2.501      ;
; 2.235 ; counter:inst_counter|cnt[0] ; counter:inst_counter|cnt[3] ; CLOCK_50     ; CLOCK_50    ; 0.000        ; 0.000      ; 2.501      ;
; 2.235 ; counter:inst_counter|cnt[0] ; counter:inst_counter|cnt[4] ; CLOCK_50     ; CLOCK_50    ; 0.000        ; 0.000      ; 2.501      ;
; 2.235 ; counter:inst_counter|cnt[0] ; counter:inst_counter|cnt[5] ; CLOCK_50     ; CLOCK_50    ; 0.000        ; 0.000      ; 2.501      ;
; 2.235 ; counter:inst_counter|cnt[0] ; counter:inst_counter|cnt[6] ; CLOCK_50     ; CLOCK_50    ; 0.000        ; 0.000      ; 2.501      ;
; 2.235 ; counter:inst_counter|cnt[0] ; counter:inst_counter|cnt[7] ; CLOCK_50     ; CLOCK_50    ; 0.000        ; 0.000      ; 2.501      ;
; 2.235 ; counter:inst_counter|cnt[0] ; counter:inst_counter|cnt[0] ; CLOCK_50     ; CLOCK_50    ; 0.000        ; 0.000      ; 2.501      ;
; 2.235 ; counter:inst_counter|cnt[0] ; counter:inst_counter|cnt[1] ; CLOCK_50     ; CLOCK_50    ; 0.000        ; 0.000      ; 2.501      ;
; 2.242 ; counter:inst_counter|cnt[6] ; counter:inst_counter|cnt[2] ; CLOCK_50     ; CLOCK_50    ; 0.000        ; 0.000      ; 2.508      ;
; 2.242 ; counter:inst_counter|cnt[6] ; counter:inst_counter|cnt[3] ; CLOCK_50     ; CLOCK_50    ; 0.000        ; 0.000      ; 2.508      ;
; 2.242 ; counter:inst_counter|cnt[6] ; counter:inst_counter|cnt[4] ; CLOCK_50     ; CLOCK_50    ; 0.000        ; 0.000      ; 2.508      ;
; 2.242 ; counter:inst_counter|cnt[6] ; counter:inst_counter|cnt[5] ; CLOCK_50     ; CLOCK_50    ; 0.000        ; 0.000      ; 2.508      ;
; 2.242 ; counter:inst_counter|cnt[6] ; counter:inst_counter|cnt[6] ; CLOCK_50     ; CLOCK_50    ; 0.000        ; 0.000      ; 2.508      ;
; 2.242 ; counter:inst_counter|cnt[6] ; counter:inst_counter|cnt[7] ; CLOCK_50     ; CLOCK_50    ; 0.000        ; 0.000      ; 2.508      ;
; 2.242 ; counter:inst_counter|cnt[6] ; counter:inst_counter|cnt[0] ; CLOCK_50     ; CLOCK_50    ; 0.000        ; 0.000      ; 2.508      ;
; 2.242 ; counter:inst_counter|cnt[6] ; counter:inst_counter|cnt[1] ; CLOCK_50     ; CLOCK_50    ; 0.000        ; 0.000      ; 2.508      ;
; 2.275 ; counter:inst_counter|cnt[7] ; counter:inst_counter|cnt[2] ; CLOCK_50     ; CLOCK_50    ; 0.000        ; 0.000      ; 2.541      ;
; 2.275 ; counter:inst_counter|cnt[7] ; counter:inst_counter|cnt[3] ; CLOCK_50     ; CLOCK_50    ; 0.000        ; 0.000      ; 2.541      ;
; 2.275 ; counter:inst_counter|cnt[7] ; counter:inst_counter|cnt[4] ; CLOCK_50     ; CLOCK_50    ; 0.000        ; 0.000      ; 2.541      ;
; 2.275 ; counter:inst_counter|cnt[7] ; counter:inst_counter|cnt[5] ; CLOCK_50     ; CLOCK_50    ; 0.000        ; 0.000      ; 2.541      ;
; 2.275 ; counter:inst_counter|cnt[7] ; counter:inst_counter|cnt[6] ; CLOCK_50     ; CLOCK_50    ; 0.000        ; 0.000      ; 2.541      ;
; 2.275 ; counter:inst_counter|cnt[7] ; counter:inst_counter|cnt[7] ; CLOCK_50     ; CLOCK_50    ; 0.000        ; 0.000      ; 2.541      ;
; 2.275 ; counter:inst_counter|cnt[7] ; counter:inst_counter|cnt[0] ; CLOCK_50     ; CLOCK_50    ; 0.000        ; 0.000      ; 2.541      ;
; 2.275 ; counter:inst_counter|cnt[7] ; counter:inst_counter|cnt[1] ; CLOCK_50     ; CLOCK_50    ; 0.000        ; 0.000      ; 2.541      ;
+-------+-----------------------------+-----------------------------+--------------+-------------+--------------+------------+------------+


+-----------------------------------------------------------------------------------------------------------------+
; Slow Model Minimum Pulse Width: 'CLOCK_50'                                                                      ;
+--------+--------------+----------------+------------------+----------+------------+-----------------------------+
; Slack  ; Actual Width ; Required Width ; Type             ; Clock    ; Clock Edge ; Target                      ;
+--------+--------------+----------------+------------------+----------+------------+-----------------------------+
; -1.222 ; 1.000        ; 2.222          ; Port Rate        ; CLOCK_50 ; Rise       ; CLOCK_50                    ;
; -0.500 ; 0.500        ; 1.000          ; High Pulse Width ; CLOCK_50 ; Rise       ; counter:inst_counter|cnt[0] ;
; -0.500 ; 0.500        ; 1.000          ; Low Pulse Width  ; CLOCK_50 ; Rise       ; counter:inst_counter|cnt[0] ;
; -0.500 ; 0.500        ; 1.000          ; High Pulse Width ; CLOCK_50 ; Rise       ; counter:inst_counter|cnt[1] ;
; -0.500 ; 0.500        ; 1.000          ; Low Pulse Width  ; CLOCK_50 ; Rise       ; counter:inst_counter|cnt[1] ;
; -0.500 ; 0.500        ; 1.000          ; High Pulse Width ; CLOCK_50 ; Rise       ; counter:inst_counter|cnt[2] ;
; -0.500 ; 0.500        ; 1.000          ; Low Pulse Width  ; CLOCK_50 ; Rise       ; counter:inst_counter|cnt[2] ;
; -0.500 ; 0.500        ; 1.000          ; High Pulse Width ; CLOCK_50 ; Rise       ; counter:inst_counter|cnt[3] ;
; -0.500 ; 0.500        ; 1.000          ; Low Pulse Width  ; CLOCK_50 ; Rise       ; counter:inst_counter|cnt[3] ;
; -0.500 ; 0.500        ; 1.000          ; High Pulse Width ; CLOCK_50 ; Rise       ; counter:inst_counter|cnt[4] ;
; -0.500 ; 0.500        ; 1.000          ; Low Pulse Width  ; CLOCK_50 ; Rise       ; counter:inst_counter|cnt[4] ;
; -0.500 ; 0.500        ; 1.000          ; High Pulse Width ; CLOCK_50 ; Rise       ; counter:inst_counter|cnt[5] ;
; -0.500 ; 0.500        ; 1.000          ; Low Pulse Width  ; CLOCK_50 ; Rise       ; counter:inst_counter|cnt[5] ;
; -0.500 ; 0.500        ; 1.000          ; High Pulse Width ; CLOCK_50 ; Rise       ; counter:inst_counter|cnt[6] ;
; -0.500 ; 0.500        ; 1.000          ; Low Pulse Width  ; CLOCK_50 ; Rise       ; counter:inst_counter|cnt[6] ;
; -0.500 ; 0.500        ; 1.000          ; High Pulse Width ; CLOCK_50 ; Rise       ; counter:inst_counter|cnt[7] ;
; -0.500 ; 0.500        ; 1.000          ; Low Pulse Width  ; CLOCK_50 ; Rise       ; counter:inst_counter|cnt[7] ;
; 0.500  ; 0.500        ; 0.000          ; High Pulse Width ; CLOCK_50 ; Rise       ; CLOCK_50|combout            ;
; 0.500  ; 0.500        ; 0.000          ; Low Pulse Width  ; CLOCK_50 ; Rise       ; CLOCK_50|combout            ;
; 0.500  ; 0.500        ; 0.000          ; High Pulse Width ; CLOCK_50 ; Rise       ; CLOCK_50~clkctrl|inclk[0]   ;
; 0.500  ; 0.500        ; 0.000          ; Low Pulse Width  ; CLOCK_50 ; Rise       ; CLOCK_50~clkctrl|inclk[0]   ;
; 0.500  ; 0.500        ; 0.000          ; High Pulse Width ; CLOCK_50 ; Rise       ; CLOCK_50~clkctrl|outclk     ;
; 0.500  ; 0.500        ; 0.000          ; Low Pulse Width  ; CLOCK_50 ; Rise       ; CLOCK_50~clkctrl|outclk     ;
; 0.500  ; 0.500        ; 0.000          ; High Pulse Width ; CLOCK_50 ; Rise       ; inst_counter|cnt[0]|clk     ;
; 0.500  ; 0.500        ; 0.000          ; Low Pulse Width  ; CLOCK_50 ; Rise       ; inst_counter|cnt[0]|clk     ;
; 0.500  ; 0.500        ; 0.000          ; High Pulse Width ; CLOCK_50 ; Rise       ; inst_counter|cnt[1]|clk     ;
; 0.500  ; 0.500        ; 0.000          ; Low Pulse Width  ; CLOCK_50 ; Rise       ; inst_counter|cnt[1]|clk     ;
; 0.500  ; 0.500        ; 0.000          ; High Pulse Width ; CLOCK_50 ; Rise       ; inst_counter|cnt[2]|clk     ;
; 0.500  ; 0.500        ; 0.000          ; Low Pulse Width  ; CLOCK_50 ; Rise       ; inst_counter|cnt[2]|clk     ;
; 0.500  ; 0.500        ; 0.000          ; High Pulse Width ; CLOCK_50 ; Rise       ; inst_counter|cnt[3]|clk     ;
; 0.500  ; 0.500        ; 0.000          ; Low Pulse Width  ; CLOCK_50 ; Rise       ; inst_counter|cnt[3]|clk     ;
; 0.500  ; 0.500        ; 0.000          ; High Pulse Width ; CLOCK_50 ; Rise       ; inst_counter|cnt[4]|clk     ;
; 0.500  ; 0.500        ; 0.000          ; Low Pulse Width  ; CLOCK_50 ; Rise       ; inst_counter|cnt[4]|clk     ;
; 0.500  ; 0.500        ; 0.000          ; High Pulse Width ; CLOCK_50 ; Rise       ; inst_counter|cnt[5]|clk     ;
; 0.500  ; 0.500        ; 0.000          ; Low Pulse Width  ; CLOCK_50 ; Rise       ; inst_counter|cnt[5]|clk     ;
; 0.500  ; 0.500        ; 0.000          ; High Pulse Width ; CLOCK_50 ; Rise       ; inst_counter|cnt[6]|clk     ;
; 0.500  ; 0.500        ; 0.000          ; Low Pulse Width  ; CLOCK_50 ; Rise       ; inst_counter|cnt[6]|clk     ;
; 0.500  ; 0.500        ; 0.000          ; High Pulse Width ; CLOCK_50 ; Rise       ; inst_counter|cnt[7]|clk     ;
; 0.500  ; 0.500        ; 0.000          ; Low Pulse Width  ; CLOCK_50 ; Rise       ; inst_counter|cnt[7]|clk     ;
+--------+--------------+----------------+------------------+----------+------------+-----------------------------+


+-----------------------------------------------------------------------+
; Clock to Output Times                                                 ;
+-----------+------------+-------+-------+------------+-----------------+
; Data Port ; Clock Port ; Rise  ; Fall  ; Clock Edge ; Clock Reference ;
+-----------+------------+-------+-------+------------+-----------------+
; GPIO_0_0  ; CLOCK_50   ; 7.258 ; 7.258 ; Rise       ; CLOCK_50        ;
+-----------+------------+-------+-------+------------+-----------------+


+-----------------------------------------------------------------------+
; Minimum Clock to Output Times                                         ;
+-----------+------------+-------+-------+------------+-----------------+
; Data Port ; Clock Port ; Rise  ; Fall  ; Clock Edge ; Clock Reference ;
+-----------+------------+-------+-------+------------+-----------------+
; GPIO_0_0  ; CLOCK_50   ; 6.802 ; 6.802 ; Rise       ; CLOCK_50        ;
+-----------+------------+-------+-------+------------+-----------------+


+----------------------------------+
; Fast Model Setup Summary         ;
+----------+-------+---------------+
; Clock    ; Slack ; End Point TNS ;
+----------+-------+---------------+
; CLOCK_50 ; 0.120 ; 0.000         ;
+----------+-------+---------------+


+----------------------------------+
; Fast Model Hold Summary          ;
+----------+-------+---------------+
; Clock    ; Slack ; End Point TNS ;
+----------+-------+---------------+
; CLOCK_50 ; 0.215 ; 0.000         ;
+----------+-------+---------------+


+-----------------------------------+
; Fast Model Recovery Summary       ;
+----------+--------+---------------+
; Clock    ; Slack  ; End Point TNS ;
+----------+--------+---------------+
; CLOCK_50 ; -0.268 ; -2.144        ;
+----------+--------+---------------+


+----------------------------------+
; Fast Model Removal Summary       ;
+----------+-------+---------------+
; Clock    ; Slack ; End Point TNS ;
+----------+-------+---------------+
; CLOCK_50 ; 0.908 ; 0.000         ;
+----------+-------+---------------+


+----------------------------------------+
; Fast Model Minimum Pulse Width Summary ;
+----------+--------+--------------------+
; Clock    ; Slack  ; End Point TNS      ;
+----------+--------+--------------------+
; CLOCK_50 ; -1.222 ; -9.222             ;
+----------+--------+--------------------+


+-----------------------------------------------------------------------------------------------------------------------------------------+
; Fast Model Setup: 'CLOCK_50'                                                                                                            ;
+-------+-----------------------------+-----------------------------+--------------+-------------+--------------+------------+------------+
; Slack ; From Node                   ; To Node                     ; Launch Clock ; Latch Clock ; Relationship ; Clock Skew ; Data Delay ;
+-------+-----------------------------+-----------------------------+--------------+-------------+--------------+------------+------------+
; 0.120 ; counter:inst_counter|cnt[0] ; counter:inst_counter|cnt[7] ; CLOCK_50     ; CLOCK_50    ; 1.000        ; 0.000      ; 0.912      ;
; 0.155 ; counter:inst_counter|cnt[0] ; counter:inst_counter|cnt[6] ; CLOCK_50     ; CLOCK_50    ; 1.000        ; 0.000      ; 0.877      ;
; 0.190 ; counter:inst_counter|cnt[0] ; counter:inst_counter|cnt[5] ; CLOCK_50     ; CLOCK_50    ; 1.000        ; 0.000      ; 0.842      ;
; 0.210 ; counter:inst_counter|cnt[1] ; counter:inst_counter|cnt[7] ; CLOCK_50     ; CLOCK_50    ; 1.000        ; 0.000      ; 0.822      ;
; 0.225 ; counter:inst_counter|cnt[0] ; counter:inst_counter|cnt[4] ; CLOCK_50     ; CLOCK_50    ; 1.000        ; 0.000      ; 0.807      ;
; 0.245 ; counter:inst_counter|cnt[2] ; counter:inst_counter|cnt[7] ; CLOCK_50     ; CLOCK_50    ; 1.000        ; 0.000      ; 0.787      ;
; 0.245 ; counter:inst_counter|cnt[1] ; counter:inst_counter|cnt[6] ; CLOCK_50     ; CLOCK_50    ; 1.000        ; 0.000      ; 0.787      ;
; 0.260 ; counter:inst_counter|cnt[0] ; counter:inst_counter|cnt[3] ; CLOCK_50     ; CLOCK_50    ; 1.000        ; 0.000      ; 0.772      ;
; 0.272 ; counter:inst_counter|cnt[3] ; counter:inst_counter|cnt[7] ; CLOCK_50     ; CLOCK_50    ; 1.000        ; 0.000      ; 0.760      ;
; 0.280 ; counter:inst_counter|cnt[2] ; counter:inst_counter|cnt[6] ; CLOCK_50     ; CLOCK_50    ; 1.000        ; 0.000      ; 0.752      ;
; 0.280 ; counter:inst_counter|cnt[1] ; counter:inst_counter|cnt[5] ; CLOCK_50     ; CLOCK_50    ; 1.000        ; 0.000      ; 0.752      ;
; 0.295 ; counter:inst_counter|cnt[0] ; counter:inst_counter|cnt[2] ; CLOCK_50     ; CLOCK_50    ; 1.000        ; 0.000      ; 0.737      ;
; 0.295 ; counter:inst_counter|cnt[4] ; counter:inst_counter|cnt[7] ; CLOCK_50     ; CLOCK_50    ; 1.000        ; 0.000      ; 0.737      ;
; 0.307 ; counter:inst_counter|cnt[3] ; counter:inst_counter|cnt[6] ; CLOCK_50     ; CLOCK_50    ; 1.000        ; 0.000      ; 0.725      ;
; 0.315 ; counter:inst_counter|cnt[2] ; counter:inst_counter|cnt[5] ; CLOCK_50     ; CLOCK_50    ; 1.000        ; 0.000      ; 0.717      ;
; 0.315 ; counter:inst_counter|cnt[1] ; counter:inst_counter|cnt[4] ; CLOCK_50     ; CLOCK_50    ; 1.000        ; 0.000      ; 0.717      ;
; 0.330 ; counter:inst_counter|cnt[4] ; counter:inst_counter|cnt[6] ; CLOCK_50     ; CLOCK_50    ; 1.000        ; 0.000      ; 0.702      ;
; 0.342 ; counter:inst_counter|cnt[5] ; counter:inst_counter|cnt[7] ; CLOCK_50     ; CLOCK_50    ; 1.000        ; 0.000      ; 0.690      ;
; 0.342 ; counter:inst_counter|cnt[3] ; counter:inst_counter|cnt[5] ; CLOCK_50     ; CLOCK_50    ; 1.000        ; 0.000      ; 0.690      ;
; 0.350 ; counter:inst_counter|cnt[2] ; counter:inst_counter|cnt[4] ; CLOCK_50     ; CLOCK_50    ; 1.000        ; 0.000      ; 0.682      ;
; 0.350 ; counter:inst_counter|cnt[1] ; counter:inst_counter|cnt[3] ; CLOCK_50     ; CLOCK_50    ; 1.000        ; 0.000      ; 0.682      ;
; 0.364 ; counter:inst_counter|cnt[6] ; counter:inst_counter|cnt[7] ; CLOCK_50     ; CLOCK_50    ; 1.000        ; 0.000      ; 0.668      ;
; 0.365 ; counter:inst_counter|cnt[4] ; counter:inst_counter|cnt[5] ; CLOCK_50     ; CLOCK_50    ; 1.000        ; 0.000      ; 0.667      ;
; 0.377 ; counter:inst_counter|cnt[5] ; counter:inst_counter|cnt[6] ; CLOCK_50     ; CLOCK_50    ; 1.000        ; 0.000      ; 0.655      ;
; 0.377 ; counter:inst_counter|cnt[3] ; counter:inst_counter|cnt[4] ; CLOCK_50     ; CLOCK_50    ; 1.000        ; 0.000      ; 0.655      ;
; 0.385 ; counter:inst_counter|cnt[2] ; counter:inst_counter|cnt[3] ; CLOCK_50     ; CLOCK_50    ; 1.000        ; 0.000      ; 0.647      ;
; 0.385 ; counter:inst_counter|cnt[1] ; counter:inst_counter|cnt[2] ; CLOCK_50     ; CLOCK_50    ; 1.000        ; 0.000      ; 0.647      ;
; 0.435 ; counter:inst_counter|cnt[0] ; counter:inst_counter|cnt[1] ; CLOCK_50     ; CLOCK_50    ; 1.000        ; 0.000      ; 0.597      ;
; 0.504 ; counter:inst_counter|cnt[6] ; counter:inst_counter|cnt[6] ; CLOCK_50     ; CLOCK_50    ; 1.000        ; 0.000      ; 0.528      ;
; 0.505 ; counter:inst_counter|cnt[4] ; counter:inst_counter|cnt[4] ; CLOCK_50     ; CLOCK_50    ; 1.000        ; 0.000      ; 0.527      ;
; 0.515 ; counter:inst_counter|cnt[5] ; counter:inst_counter|cnt[5] ; CLOCK_50     ; CLOCK_50    ; 1.000        ; 0.000      ; 0.517      ;
; 0.515 ; counter:inst_counter|cnt[3] ; counter:inst_counter|cnt[3] ; CLOCK_50     ; CLOCK_50    ; 1.000        ; 0.000      ; 0.517      ;
; 0.520 ; counter:inst_counter|cnt[1] ; counter:inst_counter|cnt[1] ; CLOCK_50     ; CLOCK_50    ; 1.000        ; 0.000      ; 0.512      ;
; 0.523 ; counter:inst_counter|cnt[2] ; counter:inst_counter|cnt[2] ; CLOCK_50     ; CLOCK_50    ; 1.000        ; 0.000      ; 0.509      ;
; 0.632 ; counter:inst_counter|cnt[7] ; counter:inst_counter|cnt[7] ; CLOCK_50     ; CLOCK_50    ; 1.000        ; 0.000      ; 0.400      ;
; 0.665 ; counter:inst_counter|cnt[0] ; counter:inst_counter|cnt[0] ; CLOCK_50     ; CLOCK_50    ; 1.000        ; 0.000      ; 0.367      ;
+-------+-----------------------------+-----------------------------+--------------+-------------+--------------+------------+------------+


+-----------------------------------------------------------------------------------------------------------------------------------------+
; Fast Model Hold: 'CLOCK_50'                                                                                                             ;
+-------+-----------------------------+-----------------------------+--------------+-------------+--------------+------------+------------+
; Slack ; From Node                   ; To Node                     ; Launch Clock ; Latch Clock ; Relationship ; Clock Skew ; Data Delay ;
+-------+-----------------------------+-----------------------------+--------------+-------------+--------------+------------+------------+
; 0.215 ; counter:inst_counter|cnt[0] ; counter:inst_counter|cnt[0] ; CLOCK_50     ; CLOCK_50    ; 0.000        ; 0.000      ; 0.367      ;
; 0.248 ; counter:inst_counter|cnt[7] ; counter:inst_counter|cnt[7] ; CLOCK_50     ; CLOCK_50    ; 0.000        ; 0.000      ; 0.400      ;
; 0.357 ; counter:inst_counter|cnt[2] ; counter:inst_counter|cnt[2] ; CLOCK_50     ; CLOCK_50    ; 0.000        ; 0.000      ; 0.509      ;
; 0.360 ; counter:inst_counter|cnt[1] ; counter:inst_counter|cnt[1] ; CLOCK_50     ; CLOCK_50    ; 0.000        ; 0.000      ; 0.512      ;
; 0.365 ; counter:inst_counter|cnt[3] ; counter:inst_counter|cnt[3] ; CLOCK_50     ; CLOCK_50    ; 0.000        ; 0.000      ; 0.517      ;
; 0.365 ; counter:inst_counter|cnt[5] ; counter:inst_counter|cnt[5] ; CLOCK_50     ; CLOCK_50    ; 0.000        ; 0.000      ; 0.517      ;
; 0.375 ; counter:inst_counter|cnt[4] ; counter:inst_counter|cnt[4] ; CLOCK_50     ; CLOCK_50    ; 0.000        ; 0.000      ; 0.527      ;
; 0.376 ; counter:inst_counter|cnt[6] ; counter:inst_counter|cnt[6] ; CLOCK_50     ; CLOCK_50    ; 0.000        ; 0.000      ; 0.528      ;
; 0.445 ; counter:inst_counter|cnt[0] ; counter:inst_counter|cnt[1] ; CLOCK_50     ; CLOCK_50    ; 0.000        ; 0.000      ; 0.597      ;
; 0.495 ; counter:inst_counter|cnt[1] ; counter:inst_counter|cnt[2] ; CLOCK_50     ; CLOCK_50    ; 0.000        ; 0.000      ; 0.647      ;
; 0.495 ; counter:inst_counter|cnt[2] ; counter:inst_counter|cnt[3] ; CLOCK_50     ; CLOCK_50    ; 0.000        ; 0.000      ; 0.647      ;
; 0.503 ; counter:inst_counter|cnt[3] ; counter:inst_counter|cnt[4] ; CLOCK_50     ; CLOCK_50    ; 0.000        ; 0.000      ; 0.655      ;
; 0.503 ; counter:inst_counter|cnt[5] ; counter:inst_counter|cnt[6] ; CLOCK_50     ; CLOCK_50    ; 0.000        ; 0.000      ; 0.655      ;
; 0.515 ; counter:inst_counter|cnt[4] ; counter:inst_counter|cnt[5] ; CLOCK_50     ; CLOCK_50    ; 0.000        ; 0.000      ; 0.667      ;
; 0.516 ; counter:inst_counter|cnt[6] ; counter:inst_counter|cnt[7] ; CLOCK_50     ; CLOCK_50    ; 0.000        ; 0.000      ; 0.668      ;
; 0.530 ; counter:inst_counter|cnt[1] ; counter:inst_counter|cnt[3] ; CLOCK_50     ; CLOCK_50    ; 0.000        ; 0.000      ; 0.682      ;
; 0.530 ; counter:inst_counter|cnt[2] ; counter:inst_counter|cnt[4] ; CLOCK_50     ; CLOCK_50    ; 0.000        ; 0.000      ; 0.682      ;
; 0.538 ; counter:inst_counter|cnt[3] ; counter:inst_counter|cnt[5] ; CLOCK_50     ; CLOCK_50    ; 0.000        ; 0.000      ; 0.690      ;
; 0.538 ; counter:inst_counter|cnt[5] ; counter:inst_counter|cnt[7] ; CLOCK_50     ; CLOCK_50    ; 0.000        ; 0.000      ; 0.690      ;
; 0.550 ; counter:inst_counter|cnt[4] ; counter:inst_counter|cnt[6] ; CLOCK_50     ; CLOCK_50    ; 0.000        ; 0.000      ; 0.702      ;
; 0.565 ; counter:inst_counter|cnt[1] ; counter:inst_counter|cnt[4] ; CLOCK_50     ; CLOCK_50    ; 0.000        ; 0.000      ; 0.717      ;
; 0.565 ; counter:inst_counter|cnt[2] ; counter:inst_counter|cnt[5] ; CLOCK_50     ; CLOCK_50    ; 0.000        ; 0.000      ; 0.717      ;
; 0.573 ; counter:inst_counter|cnt[3] ; counter:inst_counter|cnt[6] ; CLOCK_50     ; CLOCK_50    ; 0.000        ; 0.000      ; 0.725      ;
; 0.585 ; counter:inst_counter|cnt[0] ; counter:inst_counter|cnt[2] ; CLOCK_50     ; CLOCK_50    ; 0.000        ; 0.000      ; 0.737      ;
; 0.585 ; counter:inst_counter|cnt[4] ; counter:inst_counter|cnt[7] ; CLOCK_50     ; CLOCK_50    ; 0.000        ; 0.000      ; 0.737      ;
; 0.600 ; counter:inst_counter|cnt[1] ; counter:inst_counter|cnt[5] ; CLOCK_50     ; CLOCK_50    ; 0.000        ; 0.000      ; 0.752      ;
; 0.600 ; counter:inst_counter|cnt[2] ; counter:inst_counter|cnt[6] ; CLOCK_50     ; CLOCK_50    ; 0.000        ; 0.000      ; 0.752      ;
; 0.608 ; counter:inst_counter|cnt[3] ; counter:inst_counter|cnt[7] ; CLOCK_50     ; CLOCK_50    ; 0.000        ; 0.000      ; 0.760      ;
; 0.620 ; counter:inst_counter|cnt[0] ; counter:inst_counter|cnt[3] ; CLOCK_50     ; CLOCK_50    ; 0.000        ; 0.000      ; 0.772      ;
; 0.635 ; counter:inst_counter|cnt[1] ; counter:inst_counter|cnt[6] ; CLOCK_50     ; CLOCK_50    ; 0.000        ; 0.000      ; 0.787      ;
; 0.635 ; counter:inst_counter|cnt[2] ; counter:inst_counter|cnt[7] ; CLOCK_50     ; CLOCK_50    ; 0.000        ; 0.000      ; 0.787      ;
; 0.655 ; counter:inst_counter|cnt[0] ; counter:inst_counter|cnt[4] ; CLOCK_50     ; CLOCK_50    ; 0.000        ; 0.000      ; 0.807      ;
; 0.670 ; counter:inst_counter|cnt[1] ; counter:inst_counter|cnt[7] ; CLOCK_50     ; CLOCK_50    ; 0.000        ; 0.000      ; 0.822      ;
; 0.690 ; counter:inst_counter|cnt[0] ; counter:inst_counter|cnt[5] ; CLOCK_50     ; CLOCK_50    ; 0.000        ; 0.000      ; 0.842      ;
; 0.725 ; counter:inst_counter|cnt[0] ; counter:inst_counter|cnt[6] ; CLOCK_50     ; CLOCK_50    ; 0.000        ; 0.000      ; 0.877      ;
; 0.760 ; counter:inst_counter|cnt[0] ; counter:inst_counter|cnt[7] ; CLOCK_50     ; CLOCK_50    ; 0.000        ; 0.000      ; 0.912      ;
+-------+-----------------------------+-----------------------------+--------------+-------------+--------------+------------+------------+


+------------------------------------------------------------------------------------------------------------------------------------------+
; Fast Model Recovery: 'CLOCK_50'                                                                                                          ;
+--------+-----------------------------+-----------------------------+--------------+-------------+--------------+------------+------------+
; Slack  ; From Node                   ; To Node                     ; Launch Clock ; Latch Clock ; Relationship ; Clock Skew ; Data Delay ;
+--------+-----------------------------+-----------------------------+--------------+-------------+--------------+------------+------------+
; -0.268 ; counter:inst_counter|cnt[7] ; counter:inst_counter|cnt[2] ; CLOCK_50     ; CLOCK_50    ; 1.000        ; 0.000      ; 1.300      ;
; -0.268 ; counter:inst_counter|cnt[7] ; counter:inst_counter|cnt[3] ; CLOCK_50     ; CLOCK_50    ; 1.000        ; 0.000      ; 1.300      ;
; -0.268 ; counter:inst_counter|cnt[7] ; counter:inst_counter|cnt[4] ; CLOCK_50     ; CLOCK_50    ; 1.000        ; 0.000      ; 1.300      ;
; -0.268 ; counter:inst_counter|cnt[7] ; counter:inst_counter|cnt[5] ; CLOCK_50     ; CLOCK_50    ; 1.000        ; 0.000      ; 1.300      ;
; -0.268 ; counter:inst_counter|cnt[7] ; counter:inst_counter|cnt[6] ; CLOCK_50     ; CLOCK_50    ; 1.000        ; 0.000      ; 1.300      ;
; -0.268 ; counter:inst_counter|cnt[7] ; counter:inst_counter|cnt[7] ; CLOCK_50     ; CLOCK_50    ; 1.000        ; 0.000      ; 1.300      ;
; -0.268 ; counter:inst_counter|cnt[7] ; counter:inst_counter|cnt[0] ; CLOCK_50     ; CLOCK_50    ; 1.000        ; 0.000      ; 1.300      ;
; -0.268 ; counter:inst_counter|cnt[7] ; counter:inst_counter|cnt[1] ; CLOCK_50     ; CLOCK_50    ; 1.000        ; 0.000      ; 1.300      ;
; -0.249 ; counter:inst_counter|cnt[6] ; counter:inst_counter|cnt[2] ; CLOCK_50     ; CLOCK_50    ; 1.000        ; 0.000      ; 1.281      ;
; -0.249 ; counter:inst_counter|cnt[6] ; counter:inst_counter|cnt[3] ; CLOCK_50     ; CLOCK_50    ; 1.000        ; 0.000      ; 1.281      ;
; -0.249 ; counter:inst_counter|cnt[6] ; counter:inst_counter|cnt[4] ; CLOCK_50     ; CLOCK_50    ; 1.000        ; 0.000      ; 1.281      ;
; -0.249 ; counter:inst_counter|cnt[6] ; counter:inst_counter|cnt[5] ; CLOCK_50     ; CLOCK_50    ; 1.000        ; 0.000      ; 1.281      ;
; -0.249 ; counter:inst_counter|cnt[6] ; counter:inst_counter|cnt[6] ; CLOCK_50     ; CLOCK_50    ; 1.000        ; 0.000      ; 1.281      ;
; -0.249 ; counter:inst_counter|cnt[6] ; counter:inst_counter|cnt[7] ; CLOCK_50     ; CLOCK_50    ; 1.000        ; 0.000      ; 1.281      ;
; -0.249 ; counter:inst_counter|cnt[6] ; counter:inst_counter|cnt[0] ; CLOCK_50     ; CLOCK_50    ; 1.000        ; 0.000      ; 1.281      ;
; -0.249 ; counter:inst_counter|cnt[6] ; counter:inst_counter|cnt[1] ; CLOCK_50     ; CLOCK_50    ; 1.000        ; 0.000      ; 1.281      ;
; -0.238 ; counter:inst_counter|cnt[5] ; counter:inst_counter|cnt[2] ; CLOCK_50     ; CLOCK_50    ; 1.000        ; 0.000      ; 1.270      ;
; -0.238 ; counter:inst_counter|cnt[5] ; counter:inst_counter|cnt[3] ; CLOCK_50     ; CLOCK_50    ; 1.000        ; 0.000      ; 1.270      ;
; -0.238 ; counter:inst_counter|cnt[5] ; counter:inst_counter|cnt[4] ; CLOCK_50     ; CLOCK_50    ; 1.000        ; 0.000      ; 1.270      ;
; -0.238 ; counter:inst_counter|cnt[5] ; counter:inst_counter|cnt[5] ; CLOCK_50     ; CLOCK_50    ; 1.000        ; 0.000      ; 1.270      ;
; -0.238 ; counter:inst_counter|cnt[5] ; counter:inst_counter|cnt[6] ; CLOCK_50     ; CLOCK_50    ; 1.000        ; 0.000      ; 1.270      ;
; -0.238 ; counter:inst_counter|cnt[5] ; counter:inst_counter|cnt[7] ; CLOCK_50     ; CLOCK_50    ; 1.000        ; 0.000      ; 1.270      ;
; -0.238 ; counter:inst_counter|cnt[5] ; counter:inst_counter|cnt[0] ; CLOCK_50     ; CLOCK_50    ; 1.000        ; 0.000      ; 1.270      ;
; -0.238 ; counter:inst_counter|cnt[5] ; counter:inst_counter|cnt[1] ; CLOCK_50     ; CLOCK_50    ; 1.000        ; 0.000      ; 1.270      ;
; -0.229 ; counter:inst_counter|cnt[0] ; counter:inst_counter|cnt[2] ; CLOCK_50     ; CLOCK_50    ; 1.000        ; 0.000      ; 1.261      ;
; -0.229 ; counter:inst_counter|cnt[0] ; counter:inst_counter|cnt[3] ; CLOCK_50     ; CLOCK_50    ; 1.000        ; 0.000      ; 1.261      ;
; -0.229 ; counter:inst_counter|cnt[0] ; counter:inst_counter|cnt[4] ; CLOCK_50     ; CLOCK_50    ; 1.000        ; 0.000      ; 1.261      ;
; -0.229 ; counter:inst_counter|cnt[0] ; counter:inst_counter|cnt[5] ; CLOCK_50     ; CLOCK_50    ; 1.000        ; 0.000      ; 1.261      ;
; -0.229 ; counter:inst_counter|cnt[0] ; counter:inst_counter|cnt[6] ; CLOCK_50     ; CLOCK_50    ; 1.000        ; 0.000      ; 1.261      ;
; -0.229 ; counter:inst_counter|cnt[0] ; counter:inst_counter|cnt[7] ; CLOCK_50     ; CLOCK_50    ; 1.000        ; 0.000      ; 1.261      ;
; -0.229 ; counter:inst_counter|cnt[0] ; counter:inst_counter|cnt[0] ; CLOCK_50     ; CLOCK_50    ; 1.000        ; 0.000      ; 1.261      ;
; -0.229 ; counter:inst_counter|cnt[0] ; counter:inst_counter|cnt[1] ; CLOCK_50     ; CLOCK_50    ; 1.000        ; 0.000      ; 1.261      ;
; -0.151 ; counter:inst_counter|cnt[2] ; counter:inst_counter|cnt[2] ; CLOCK_50     ; CLOCK_50    ; 1.000        ; 0.000      ; 1.183      ;
; -0.151 ; counter:inst_counter|cnt[2] ; counter:inst_counter|cnt[3] ; CLOCK_50     ; CLOCK_50    ; 1.000        ; 0.000      ; 1.183      ;
; -0.151 ; counter:inst_counter|cnt[2] ; counter:inst_counter|cnt[4] ; CLOCK_50     ; CLOCK_50    ; 1.000        ; 0.000      ; 1.183      ;
; -0.151 ; counter:inst_counter|cnt[2] ; counter:inst_counter|cnt[5] ; CLOCK_50     ; CLOCK_50    ; 1.000        ; 0.000      ; 1.183      ;
; -0.151 ; counter:inst_counter|cnt[2] ; counter:inst_counter|cnt[6] ; CLOCK_50     ; CLOCK_50    ; 1.000        ; 0.000      ; 1.183      ;
; -0.151 ; counter:inst_counter|cnt[2] ; counter:inst_counter|cnt[7] ; CLOCK_50     ; CLOCK_50    ; 1.000        ; 0.000      ; 1.183      ;
; -0.151 ; counter:inst_counter|cnt[2] ; counter:inst_counter|cnt[0] ; CLOCK_50     ; CLOCK_50    ; 1.000        ; 0.000      ; 1.183      ;
; -0.151 ; counter:inst_counter|cnt[2] ; counter:inst_counter|cnt[1] ; CLOCK_50     ; CLOCK_50    ; 1.000        ; 0.000      ; 1.183      ;
; -0.121 ; counter:inst_counter|cnt[4] ; counter:inst_counter|cnt[2] ; CLOCK_50     ; CLOCK_50    ; 1.000        ; 0.000      ; 1.153      ;
; -0.121 ; counter:inst_counter|cnt[4] ; counter:inst_counter|cnt[3] ; CLOCK_50     ; CLOCK_50    ; 1.000        ; 0.000      ; 1.153      ;
; -0.121 ; counter:inst_counter|cnt[4] ; counter:inst_counter|cnt[4] ; CLOCK_50     ; CLOCK_50    ; 1.000        ; 0.000      ; 1.153      ;
; -0.121 ; counter:inst_counter|cnt[4] ; counter:inst_counter|cnt[5] ; CLOCK_50     ; CLOCK_50    ; 1.000        ; 0.000      ; 1.153      ;
; -0.121 ; counter:inst_counter|cnt[4] ; counter:inst_counter|cnt[6] ; CLOCK_50     ; CLOCK_50    ; 1.000        ; 0.000      ; 1.153      ;
; -0.121 ; counter:inst_counter|cnt[4] ; counter:inst_counter|cnt[7] ; CLOCK_50     ; CLOCK_50    ; 1.000        ; 0.000      ; 1.153      ;
; -0.121 ; counter:inst_counter|cnt[4] ; counter:inst_counter|cnt[0] ; CLOCK_50     ; CLOCK_50    ; 1.000        ; 0.000      ; 1.153      ;
; -0.121 ; counter:inst_counter|cnt[4] ; counter:inst_counter|cnt[1] ; CLOCK_50     ; CLOCK_50    ; 1.000        ; 0.000      ; 1.153      ;
; -0.112 ; counter:inst_counter|cnt[3] ; counter:inst_counter|cnt[2] ; CLOCK_50     ; CLOCK_50    ; 1.000        ; 0.000      ; 1.144      ;
; -0.112 ; counter:inst_counter|cnt[3] ; counter:inst_counter|cnt[3] ; CLOCK_50     ; CLOCK_50    ; 1.000        ; 0.000      ; 1.144      ;
; -0.112 ; counter:inst_counter|cnt[3] ; counter:inst_counter|cnt[4] ; CLOCK_50     ; CLOCK_50    ; 1.000        ; 0.000      ; 1.144      ;
; -0.112 ; counter:inst_counter|cnt[3] ; counter:inst_counter|cnt[5] ; CLOCK_50     ; CLOCK_50    ; 1.000        ; 0.000      ; 1.144      ;
; -0.112 ; counter:inst_counter|cnt[3] ; counter:inst_counter|cnt[6] ; CLOCK_50     ; CLOCK_50    ; 1.000        ; 0.000      ; 1.144      ;
; -0.112 ; counter:inst_counter|cnt[3] ; counter:inst_counter|cnt[7] ; CLOCK_50     ; CLOCK_50    ; 1.000        ; 0.000      ; 1.144      ;
; -0.112 ; counter:inst_counter|cnt[3] ; counter:inst_counter|cnt[0] ; CLOCK_50     ; CLOCK_50    ; 1.000        ; 0.000      ; 1.144      ;
; -0.112 ; counter:inst_counter|cnt[3] ; counter:inst_counter|cnt[1] ; CLOCK_50     ; CLOCK_50    ; 1.000        ; 0.000      ; 1.144      ;
; -0.028 ; counter:inst_counter|cnt[1] ; counter:inst_counter|cnt[2] ; CLOCK_50     ; CLOCK_50    ; 1.000        ; 0.000      ; 1.060      ;
; -0.028 ; counter:inst_counter|cnt[1] ; counter:inst_counter|cnt[3] ; CLOCK_50     ; CLOCK_50    ; 1.000        ; 0.000      ; 1.060      ;
; -0.028 ; counter:inst_counter|cnt[1] ; counter:inst_counter|cnt[4] ; CLOCK_50     ; CLOCK_50    ; 1.000        ; 0.000      ; 1.060      ;
; -0.028 ; counter:inst_counter|cnt[1] ; counter:inst_counter|cnt[5] ; CLOCK_50     ; CLOCK_50    ; 1.000        ; 0.000      ; 1.060      ;
; -0.028 ; counter:inst_counter|cnt[1] ; counter:inst_counter|cnt[6] ; CLOCK_50     ; CLOCK_50    ; 1.000        ; 0.000      ; 1.060      ;
; -0.028 ; counter:inst_counter|cnt[1] ; counter:inst_counter|cnt[7] ; CLOCK_50     ; CLOCK_50    ; 1.000        ; 0.000      ; 1.060      ;
; -0.028 ; counter:inst_counter|cnt[1] ; counter:inst_counter|cnt[0] ; CLOCK_50     ; CLOCK_50    ; 1.000        ; 0.000      ; 1.060      ;
; -0.028 ; counter:inst_counter|cnt[1] ; counter:inst_counter|cnt[1] ; CLOCK_50     ; CLOCK_50    ; 1.000        ; 0.000      ; 1.060      ;
+--------+-----------------------------+-----------------------------+--------------+-------------+--------------+------------+------------+


+-----------------------------------------------------------------------------------------------------------------------------------------+
; Fast Model Removal: 'CLOCK_50'                                                                                                          ;
+-------+-----------------------------+-----------------------------+--------------+-------------+--------------+------------+------------+
; Slack ; From Node                   ; To Node                     ; Launch Clock ; Latch Clock ; Relationship ; Clock Skew ; Data Delay ;
+-------+-----------------------------+-----------------------------+--------------+-------------+--------------+------------+------------+
; 0.908 ; counter:inst_counter|cnt[1] ; counter:inst_counter|cnt[2] ; CLOCK_50     ; CLOCK_50    ; 0.000        ; 0.000      ; 1.060      ;
; 0.908 ; counter:inst_counter|cnt[1] ; counter:inst_counter|cnt[3] ; CLOCK_50     ; CLOCK_50    ; 0.000        ; 0.000      ; 1.060      ;
; 0.908 ; counter:inst_counter|cnt[1] ; counter:inst_counter|cnt[4] ; CLOCK_50     ; CLOCK_50    ; 0.000        ; 0.000      ; 1.060      ;
; 0.908 ; counter:inst_counter|cnt[1] ; counter:inst_counter|cnt[5] ; CLOCK_50     ; CLOCK_50    ; 0.000        ; 0.000      ; 1.060      ;
; 0.908 ; counter:inst_counter|cnt[1] ; counter:inst_counter|cnt[6] ; CLOCK_50     ; CLOCK_50    ; 0.000        ; 0.000      ; 1.060      ;
; 0.908 ; counter:inst_counter|cnt[1] ; counter:inst_counter|cnt[7] ; CLOCK_50     ; CLOCK_50    ; 0.000        ; 0.000      ; 1.060      ;
; 0.908 ; counter:inst_counter|cnt[1] ; counter:inst_counter|cnt[0] ; CLOCK_50     ; CLOCK_50    ; 0.000        ; 0.000      ; 1.060      ;
; 0.908 ; counter:inst_counter|cnt[1] ; counter:inst_counter|cnt[1] ; CLOCK_50     ; CLOCK_50    ; 0.000        ; 0.000      ; 1.060      ;
; 0.992 ; counter:inst_counter|cnt[3] ; counter:inst_counter|cnt[2] ; CLOCK_50     ; CLOCK_50    ; 0.000        ; 0.000      ; 1.144      ;
; 0.992 ; counter:inst_counter|cnt[3] ; counter:inst_counter|cnt[3] ; CLOCK_50     ; CLOCK_50    ; 0.000        ; 0.000      ; 1.144      ;
; 0.992 ; counter:inst_counter|cnt[3] ; counter:inst_counter|cnt[4] ; CLOCK_50     ; CLOCK_50    ; 0.000        ; 0.000      ; 1.144      ;
; 0.992 ; counter:inst_counter|cnt[3] ; counter:inst_counter|cnt[5] ; CLOCK_50     ; CLOCK_50    ; 0.000        ; 0.000      ; 1.144      ;
; 0.992 ; counter:inst_counter|cnt[3] ; counter:inst_counter|cnt[6] ; CLOCK_50     ; CLOCK_50    ; 0.000        ; 0.000      ; 1.144      ;
; 0.992 ; counter:inst_counter|cnt[3] ; counter:inst_counter|cnt[7] ; CLOCK_50     ; CLOCK_50    ; 0.000        ; 0.000      ; 1.144      ;
; 0.992 ; counter:inst_counter|cnt[3] ; counter:inst_counter|cnt[0] ; CLOCK_50     ; CLOCK_50    ; 0.000        ; 0.000      ; 1.144      ;
; 0.992 ; counter:inst_counter|cnt[3] ; counter:inst_counter|cnt[1] ; CLOCK_50     ; CLOCK_50    ; 0.000        ; 0.000      ; 1.144      ;
; 1.001 ; counter:inst_counter|cnt[4] ; counter:inst_counter|cnt[2] ; CLOCK_50     ; CLOCK_50    ; 0.000        ; 0.000      ; 1.153      ;
; 1.001 ; counter:inst_counter|cnt[4] ; counter:inst_counter|cnt[3] ; CLOCK_50     ; CLOCK_50    ; 0.000        ; 0.000      ; 1.153      ;
; 1.001 ; counter:inst_counter|cnt[4] ; counter:inst_counter|cnt[4] ; CLOCK_50     ; CLOCK_50    ; 0.000        ; 0.000      ; 1.153      ;
; 1.001 ; counter:inst_counter|cnt[4] ; counter:inst_counter|cnt[5] ; CLOCK_50     ; CLOCK_50    ; 0.000        ; 0.000      ; 1.153      ;
; 1.001 ; counter:inst_counter|cnt[4] ; counter:inst_counter|cnt[6] ; CLOCK_50     ; CLOCK_50    ; 0.000        ; 0.000      ; 1.153      ;
; 1.001 ; counter:inst_counter|cnt[4] ; counter:inst_counter|cnt[7] ; CLOCK_50     ; CLOCK_50    ; 0.000        ; 0.000      ; 1.153      ;
; 1.001 ; counter:inst_counter|cnt[4] ; counter:inst_counter|cnt[0] ; CLOCK_50     ; CLOCK_50    ; 0.000        ; 0.000      ; 1.153      ;
; 1.001 ; counter:inst_counter|cnt[4] ; counter:inst_counter|cnt[1] ; CLOCK_50     ; CLOCK_50    ; 0.000        ; 0.000      ; 1.153      ;
; 1.031 ; counter:inst_counter|cnt[2] ; counter:inst_counter|cnt[2] ; CLOCK_50     ; CLOCK_50    ; 0.000        ; 0.000      ; 1.183      ;
; 1.031 ; counter:inst_counter|cnt[2] ; counter:inst_counter|cnt[3] ; CLOCK_50     ; CLOCK_50    ; 0.000        ; 0.000      ; 1.183      ;
; 1.031 ; counter:inst_counter|cnt[2] ; counter:inst_counter|cnt[4] ; CLOCK_50     ; CLOCK_50    ; 0.000        ; 0.000      ; 1.183      ;
; 1.031 ; counter:inst_counter|cnt[2] ; counter:inst_counter|cnt[5] ; CLOCK_50     ; CLOCK_50    ; 0.000        ; 0.000      ; 1.183      ;
; 1.031 ; counter:inst_counter|cnt[2] ; counter:inst_counter|cnt[6] ; CLOCK_50     ; CLOCK_50    ; 0.000        ; 0.000      ; 1.183      ;
; 1.031 ; counter:inst_counter|cnt[2] ; counter:inst_counter|cnt[7] ; CLOCK_50     ; CLOCK_50    ; 0.000        ; 0.000      ; 1.183      ;
; 1.031 ; counter:inst_counter|cnt[2] ; counter:inst_counter|cnt[0] ; CLOCK_50     ; CLOCK_50    ; 0.000        ; 0.000      ; 1.183      ;
; 1.031 ; counter:inst_counter|cnt[2] ; counter:inst_counter|cnt[1] ; CLOCK_50     ; CLOCK_50    ; 0.000        ; 0.000      ; 1.183      ;
; 1.109 ; counter:inst_counter|cnt[0] ; counter:inst_counter|cnt[2] ; CLOCK_50     ; CLOCK_50    ; 0.000        ; 0.000      ; 1.261      ;
; 1.109 ; counter:inst_counter|cnt[0] ; counter:inst_counter|cnt[3] ; CLOCK_50     ; CLOCK_50    ; 0.000        ; 0.000      ; 1.261      ;
; 1.109 ; counter:inst_counter|cnt[0] ; counter:inst_counter|cnt[4] ; CLOCK_50     ; CLOCK_50    ; 0.000        ; 0.000      ; 1.261      ;
; 1.109 ; counter:inst_counter|cnt[0] ; counter:inst_counter|cnt[5] ; CLOCK_50     ; CLOCK_50    ; 0.000        ; 0.000      ; 1.261      ;
; 1.109 ; counter:inst_counter|cnt[0] ; counter:inst_counter|cnt[6] ; CLOCK_50     ; CLOCK_50    ; 0.000        ; 0.000      ; 1.261      ;
; 1.109 ; counter:inst_counter|cnt[0] ; counter:inst_counter|cnt[7] ; CLOCK_50     ; CLOCK_50    ; 0.000        ; 0.000      ; 1.261      ;
; 1.109 ; counter:inst_counter|cnt[0] ; counter:inst_counter|cnt[0] ; CLOCK_50     ; CLOCK_50    ; 0.000        ; 0.000      ; 1.261      ;
; 1.109 ; counter:inst_counter|cnt[0] ; counter:inst_counter|cnt[1] ; CLOCK_50     ; CLOCK_50    ; 0.000        ; 0.000      ; 1.261      ;
; 1.118 ; counter:inst_counter|cnt[5] ; counter:inst_counter|cnt[2] ; CLOCK_50     ; CLOCK_50    ; 0.000        ; 0.000      ; 1.270      ;
; 1.118 ; counter:inst_counter|cnt[5] ; counter:inst_counter|cnt[3] ; CLOCK_50     ; CLOCK_50    ; 0.000        ; 0.000      ; 1.270      ;
; 1.118 ; counter:inst_counter|cnt[5] ; counter:inst_counter|cnt[4] ; CLOCK_50     ; CLOCK_50    ; 0.000        ; 0.000      ; 1.270      ;
; 1.118 ; counter:inst_counter|cnt[5] ; counter:inst_counter|cnt[5] ; CLOCK_50     ; CLOCK_50    ; 0.000        ; 0.000      ; 1.270      ;
; 1.118 ; counter:inst_counter|cnt[5] ; counter:inst_counter|cnt[6] ; CLOCK_50     ; CLOCK_50    ; 0.000        ; 0.000      ; 1.270      ;
; 1.118 ; counter:inst_counter|cnt[5] ; counter:inst_counter|cnt[7] ; CLOCK_50     ; CLOCK_50    ; 0.000        ; 0.000      ; 1.270      ;
; 1.118 ; counter:inst_counter|cnt[5] ; counter:inst_counter|cnt[0] ; CLOCK_50     ; CLOCK_50    ; 0.000        ; 0.000      ; 1.270      ;
; 1.118 ; counter:inst_counter|cnt[5] ; counter:inst_counter|cnt[1] ; CLOCK_50     ; CLOCK_50    ; 0.000        ; 0.000      ; 1.270      ;
; 1.129 ; counter:inst_counter|cnt[6] ; counter:inst_counter|cnt[2] ; CLOCK_50     ; CLOCK_50    ; 0.000        ; 0.000      ; 1.281      ;
; 1.129 ; counter:inst_counter|cnt[6] ; counter:inst_counter|cnt[3] ; CLOCK_50     ; CLOCK_50    ; 0.000        ; 0.000      ; 1.281      ;
; 1.129 ; counter:inst_counter|cnt[6] ; counter:inst_counter|cnt[4] ; CLOCK_50     ; CLOCK_50    ; 0.000        ; 0.000      ; 1.281      ;
; 1.129 ; counter:inst_counter|cnt[6] ; counter:inst_counter|cnt[5] ; CLOCK_50     ; CLOCK_50    ; 0.000        ; 0.000      ; 1.281      ;
; 1.129 ; counter:inst_counter|cnt[6] ; counter:inst_counter|cnt[6] ; CLOCK_50     ; CLOCK_50    ; 0.000        ; 0.000      ; 1.281      ;
; 1.129 ; counter:inst_counter|cnt[6] ; counter:inst_counter|cnt[7] ; CLOCK_50     ; CLOCK_50    ; 0.000        ; 0.000      ; 1.281      ;
; 1.129 ; counter:inst_counter|cnt[6] ; counter:inst_counter|cnt[0] ; CLOCK_50     ; CLOCK_50    ; 0.000        ; 0.000      ; 1.281      ;
; 1.129 ; counter:inst_counter|cnt[6] ; counter:inst_counter|cnt[1] ; CLOCK_50     ; CLOCK_50    ; 0.000        ; 0.000      ; 1.281      ;
; 1.148 ; counter:inst_counter|cnt[7] ; counter:inst_counter|cnt[2] ; CLOCK_50     ; CLOCK_50    ; 0.000        ; 0.000      ; 1.300      ;
; 1.148 ; counter:inst_counter|cnt[7] ; counter:inst_counter|cnt[3] ; CLOCK_50     ; CLOCK_50    ; 0.000        ; 0.000      ; 1.300      ;
; 1.148 ; counter:inst_counter|cnt[7] ; counter:inst_counter|cnt[4] ; CLOCK_50     ; CLOCK_50    ; 0.000        ; 0.000      ; 1.300      ;
; 1.148 ; counter:inst_counter|cnt[7] ; counter:inst_counter|cnt[5] ; CLOCK_50     ; CLOCK_50    ; 0.000        ; 0.000      ; 1.300      ;
; 1.148 ; counter:inst_counter|cnt[7] ; counter:inst_counter|cnt[6] ; CLOCK_50     ; CLOCK_50    ; 0.000        ; 0.000      ; 1.300      ;
; 1.148 ; counter:inst_counter|cnt[7] ; counter:inst_counter|cnt[7] ; CLOCK_50     ; CLOCK_50    ; 0.000        ; 0.000      ; 1.300      ;
; 1.148 ; counter:inst_counter|cnt[7] ; counter:inst_counter|cnt[0] ; CLOCK_50     ; CLOCK_50    ; 0.000        ; 0.000      ; 1.300      ;
; 1.148 ; counter:inst_counter|cnt[7] ; counter:inst_counter|cnt[1] ; CLOCK_50     ; CLOCK_50    ; 0.000        ; 0.000      ; 1.300      ;
+-------+-----------------------------+-----------------------------+--------------+-------------+--------------+------------+------------+


+-----------------------------------------------------------------------------------------------------------------+
; Fast Model Minimum Pulse Width: 'CLOCK_50'                                                                      ;
+--------+--------------+----------------+------------------+----------+------------+-----------------------------+
; Slack  ; Actual Width ; Required Width ; Type             ; Clock    ; Clock Edge ; Target                      ;
+--------+--------------+----------------+------------------+----------+------------+-----------------------------+
; -1.222 ; 1.000        ; 2.222          ; Port Rate        ; CLOCK_50 ; Rise       ; CLOCK_50                    ;
; -0.500 ; 0.500        ; 1.000          ; High Pulse Width ; CLOCK_50 ; Rise       ; counter:inst_counter|cnt[0] ;
; -0.500 ; 0.500        ; 1.000          ; Low Pulse Width  ; CLOCK_50 ; Rise       ; counter:inst_counter|cnt[0] ;
; -0.500 ; 0.500        ; 1.000          ; High Pulse Width ; CLOCK_50 ; Rise       ; counter:inst_counter|cnt[1] ;
; -0.500 ; 0.500        ; 1.000          ; Low Pulse Width  ; CLOCK_50 ; Rise       ; counter:inst_counter|cnt[1] ;
; -0.500 ; 0.500        ; 1.000          ; High Pulse Width ; CLOCK_50 ; Rise       ; counter:inst_counter|cnt[2] ;
; -0.500 ; 0.500        ; 1.000          ; Low Pulse Width  ; CLOCK_50 ; Rise       ; counter:inst_counter|cnt[2] ;
; -0.500 ; 0.500        ; 1.000          ; High Pulse Width ; CLOCK_50 ; Rise       ; counter:inst_counter|cnt[3] ;
; -0.500 ; 0.500        ; 1.000          ; Low Pulse Width  ; CLOCK_50 ; Rise       ; counter:inst_counter|cnt[3] ;
; -0.500 ; 0.500        ; 1.000          ; High Pulse Width ; CLOCK_50 ; Rise       ; counter:inst_counter|cnt[4] ;
; -0.500 ; 0.500        ; 1.000          ; Low Pulse Width  ; CLOCK_50 ; Rise       ; counter:inst_counter|cnt[4] ;
; -0.500 ; 0.500        ; 1.000          ; High Pulse Width ; CLOCK_50 ; Rise       ; counter:inst_counter|cnt[5] ;
; -0.500 ; 0.500        ; 1.000          ; Low Pulse Width  ; CLOCK_50 ; Rise       ; counter:inst_counter|cnt[5] ;
; -0.500 ; 0.500        ; 1.000          ; High Pulse Width ; CLOCK_50 ; Rise       ; counter:inst_counter|cnt[6] ;
; -0.500 ; 0.500        ; 1.000          ; Low Pulse Width  ; CLOCK_50 ; Rise       ; counter:inst_counter|cnt[6] ;
; -0.500 ; 0.500        ; 1.000          ; High Pulse Width ; CLOCK_50 ; Rise       ; counter:inst_counter|cnt[7] ;
; -0.500 ; 0.500        ; 1.000          ; Low Pulse Width  ; CLOCK_50 ; Rise       ; counter:inst_counter|cnt[7] ;
; 0.500  ; 0.500        ; 0.000          ; High Pulse Width ; CLOCK_50 ; Rise       ; CLOCK_50|combout            ;
; 0.500  ; 0.500        ; 0.000          ; Low Pulse Width  ; CLOCK_50 ; Rise       ; CLOCK_50|combout            ;
; 0.500  ; 0.500        ; 0.000          ; High Pulse Width ; CLOCK_50 ; Rise       ; CLOCK_50~clkctrl|inclk[0]   ;
; 0.500  ; 0.500        ; 0.000          ; Low Pulse Width  ; CLOCK_50 ; Rise       ; CLOCK_50~clkctrl|inclk[0]   ;
; 0.500  ; 0.500        ; 0.000          ; High Pulse Width ; CLOCK_50 ; Rise       ; CLOCK_50~clkctrl|outclk     ;
; 0.500  ; 0.500        ; 0.000          ; Low Pulse Width  ; CLOCK_50 ; Rise       ; CLOCK_50~clkctrl|outclk     ;
; 0.500  ; 0.500        ; 0.000          ; High Pulse Width ; CLOCK_50 ; Rise       ; inst_counter|cnt[0]|clk     ;
; 0.500  ; 0.500        ; 0.000          ; Low Pulse Width  ; CLOCK_50 ; Rise       ; inst_counter|cnt[0]|clk     ;
; 0.500  ; 0.500        ; 0.000          ; High Pulse Width ; CLOCK_50 ; Rise       ; inst_counter|cnt[1]|clk     ;
; 0.500  ; 0.500        ; 0.000          ; Low Pulse Width  ; CLOCK_50 ; Rise       ; inst_counter|cnt[1]|clk     ;
; 0.500  ; 0.500        ; 0.000          ; High Pulse Width ; CLOCK_50 ; Rise       ; inst_counter|cnt[2]|clk     ;
; 0.500  ; 0.500        ; 0.000          ; Low Pulse Width  ; CLOCK_50 ; Rise       ; inst_counter|cnt[2]|clk     ;
; 0.500  ; 0.500        ; 0.000          ; High Pulse Width ; CLOCK_50 ; Rise       ; inst_counter|cnt[3]|clk     ;
; 0.500  ; 0.500        ; 0.000          ; Low Pulse Width  ; CLOCK_50 ; Rise       ; inst_counter|cnt[3]|clk     ;
; 0.500  ; 0.500        ; 0.000          ; High Pulse Width ; CLOCK_50 ; Rise       ; inst_counter|cnt[4]|clk     ;
; 0.500  ; 0.500        ; 0.000          ; Low Pulse Width  ; CLOCK_50 ; Rise       ; inst_counter|cnt[4]|clk     ;
; 0.500  ; 0.500        ; 0.000          ; High Pulse Width ; CLOCK_50 ; Rise       ; inst_counter|cnt[5]|clk     ;
; 0.500  ; 0.500        ; 0.000          ; Low Pulse Width  ; CLOCK_50 ; Rise       ; inst_counter|cnt[5]|clk     ;
; 0.500  ; 0.500        ; 0.000          ; High Pulse Width ; CLOCK_50 ; Rise       ; inst_counter|cnt[6]|clk     ;
; 0.500  ; 0.500        ; 0.000          ; Low Pulse Width  ; CLOCK_50 ; Rise       ; inst_counter|cnt[6]|clk     ;
; 0.500  ; 0.500        ; 0.000          ; High Pulse Width ; CLOCK_50 ; Rise       ; inst_counter|cnt[7]|clk     ;
; 0.500  ; 0.500        ; 0.000          ; Low Pulse Width  ; CLOCK_50 ; Rise       ; inst_counter|cnt[7]|clk     ;
+--------+--------------+----------------+------------------+----------+------------+-----------------------------+


+-----------------------------------------------------------------------+
; Clock to Output Times                                                 ;
+-----------+------------+-------+-------+------------+-----------------+
; Data Port ; Clock Port ; Rise  ; Fall  ; Clock Edge ; Clock Reference ;
+-----------+------------+-------+-------+------------+-----------------+
; GPIO_0_0  ; CLOCK_50   ; 4.106 ; 4.106 ; Rise       ; CLOCK_50        ;
+-----------+------------+-------+-------+------------+-----------------+


+-----------------------------------------------------------------------+
; Minimum Clock to Output Times                                         ;
+-----------+------------+-------+-------+------------+-----------------+
; Data Port ; Clock Port ; Rise  ; Fall  ; Clock Edge ; Clock Reference ;
+-----------+------------+-------+-------+------------+-----------------+
; GPIO_0_0  ; CLOCK_50   ; 3.866 ; 3.866 ; Rise       ; CLOCK_50        ;
+-----------+------------+-------+-------+------------+-----------------+


+------------------------------------------------------------------------------+
; Multicorner Timing Analysis Summary                                          ;
+------------------+--------+-------+----------+---------+---------------------+
; Clock            ; Setup  ; Hold  ; Recovery ; Removal ; Minimum Pulse Width ;
+------------------+--------+-------+----------+---------+---------------------+
; Worst-case Slack ; -0.954 ; 0.215 ; -1.505   ; 0.908   ; -1.222              ;
;  CLOCK_50        ; -0.954 ; 0.215 ; -1.505   ; 0.908   ; -1.222              ;
; Design-wide TNS  ; -4.871 ; 0.0   ; -12.04   ; 0.0     ; -9.222              ;
;  CLOCK_50        ; -4.871 ; 0.000 ; -12.040  ; 0.000   ; -9.222              ;
+------------------+--------+-------+----------+---------+---------------------+


+-----------------------------------------------------------------------+
; Clock to Output Times                                                 ;
+-----------+------------+-------+-------+------------+-----------------+
; Data Port ; Clock Port ; Rise  ; Fall  ; Clock Edge ; Clock Reference ;
+-----------+------------+-------+-------+------------+-----------------+
; GPIO_0_0  ; CLOCK_50   ; 7.258 ; 7.258 ; Rise       ; CLOCK_50        ;
+-----------+------------+-------+-------+------------+-----------------+


+-----------------------------------------------------------------------+
; Minimum Clock to Output Times                                         ;
+-----------+------------+-------+-------+------------+-----------------+
; Data Port ; Clock Port ; Rise  ; Fall  ; Clock Edge ; Clock Reference ;
+-----------+------------+-------+-------+------------+-----------------+
; GPIO_0_0  ; CLOCK_50   ; 3.866 ; 3.866 ; Rise       ; CLOCK_50        ;
+-----------+------------+-------+-------+------------+-----------------+


+-------------------------------------------------------------------+
; Setup Transfers                                                   ;
+------------+----------+----------+----------+----------+----------+
; From Clock ; To Clock ; RR Paths ; FR Paths ; RF Paths ; FF Paths ;
+------------+----------+----------+----------+----------+----------+
; CLOCK_50   ; CLOCK_50 ; 36       ; 0        ; 0        ; 0        ;
+------------+----------+----------+----------+----------+----------+
Entries labeled "false path" only account for clock-to-clock false paths and not path-based false paths. As a result, actual path counts may be lower than reported.


+-------------------------------------------------------------------+
; Hold Transfers                                                    ;
+------------+----------+----------+----------+----------+----------+
; From Clock ; To Clock ; RR Paths ; FR Paths ; RF Paths ; FF Paths ;
+------------+----------+----------+----------+----------+----------+
; CLOCK_50   ; CLOCK_50 ; 36       ; 0        ; 0        ; 0        ;
+------------+----------+----------+----------+----------+----------+
Entries labeled "false path" only account for clock-to-clock false paths and not path-based false paths. As a result, actual path counts may be lower than reported.


+-------------------------------------------------------------------+
; Recovery Transfers                                                ;
+------------+----------+----------+----------+----------+----------+
; From Clock ; To Clock ; RR Paths ; FR Paths ; RF Paths ; FF Paths ;
+------------+----------+----------+----------+----------+----------+
; CLOCK_50   ; CLOCK_50 ; 64       ; 0        ; 0        ; 0        ;
+------------+----------+----------+----------+----------+----------+
Entries labeled "false path" only account for clock-to-clock false paths and not path-based false paths. As a result, actual path counts may be lower than reported.


+-------------------------------------------------------------------+
; Removal Transfers                                                 ;
+------------+----------+----------+----------+----------+----------+
; From Clock ; To Clock ; RR Paths ; FR Paths ; RF Paths ; FF Paths ;
+------------+----------+----------+----------+----------+----------+
; CLOCK_50   ; CLOCK_50 ; 64       ; 0        ; 0        ; 0        ;
+------------+----------+----------+----------+----------+----------+
Entries labeled "false path" only account for clock-to-clock false paths and not path-based false paths. As a result, actual path counts may be lower than reported.


---------------
; Report TCCS ;
---------------
No dedicated SERDES Transmitter circuitry present in device or used in design


---------------
; Report RSKM ;
---------------
No dedicated SERDES Receiver circuitry present in device or used in design


+------------------------------------------------+
; Unconstrained Paths                            ;
+---------------------------------+-------+------+
; Property                        ; Setup ; Hold ;
+---------------------------------+-------+------+
; Illegal Clocks                  ; 0     ; 0    ;
; Unconstrained Clocks            ; 0     ; 0    ;
; Unconstrained Input Ports       ; 0     ; 0    ;
; Unconstrained Input Port Paths  ; 0     ; 0    ;
; Unconstrained Output Ports      ; 1     ; 1    ;
; Unconstrained Output Port Paths ; 8     ; 8    ;
+---------------------------------+-------+------+


+------------------------------------+
; TimeQuest Timing Analyzer Messages ;
+------------------------------------+
Info: *******************************************************************
Info: Running Quartus II 64-Bit TimeQuest Timing Analyzer
    Info: Version 13.0.1 Build 232 06/12/2013 Service Pack 1 SJ Full Version
    Info: Processing started: Fri Oct  2 18:19:35 2015
Info: Command: quartus_sta Counter_irregularities -c Counter_irregularities
Info: qsta_default_script.tcl version: #1
Info (11104): Parallel Compilation has detected 4 hyper-threaded processors. However, the extra hyper-threaded processors will not be used by default. Parallel Compilation will use 2 of the 2 physical processors detected instead.
Info (21077): Low junction temperature is 0 degrees C
Info (21077): High junction temperature is 85 degrees C
Critical Warning (332012): Synopsys Design Constraints File file not found: 'Counter_irregularities.sdc'. A Synopsys Design Constraints File is required by the TimeQuest Timing Analyzer to get proper timing constraints. Without it, the Compiler will not properly optimize the design.
Info (332142): No user constrained base clocks found in the design. Calling "derive_clocks -period 1.0"
Info (332105): Deriving Clocks
    Info (332105): create_clock -period 1.000 -name CLOCK_50 CLOCK_50
Info: Found TIMEQUEST_REPORT_SCRIPT_INCLUDE_DEFAULT_ANALYSIS = ON
Info: Analyzing Slow Model
Critical Warning (332148): Timing requirements not met
Info (332146): Worst-case setup slack is -0.954
    Info (332119):     Slack End Point TNS Clock 
    Info (332119): ========= ============= =====================
    Info (332119):    -0.954        -4.871 CLOCK_50 
Info (332146): Worst-case hold slack is 0.391
    Info (332119):     Slack End Point TNS Clock 
    Info (332119): ========= ============= =====================
    Info (332119):     0.391         0.000 CLOCK_50 
Info (332146): Worst-case recovery slack is -1.505
    Info (332119):     Slack End Point TNS Clock 
    Info (332119): ========= ============= =====================
    Info (332119):    -1.505       -12.040 CLOCK_50 
Info (332146): Worst-case removal slack is 1.819
    Info (332119):     Slack End Point TNS Clock 
    Info (332119): ========= ============= =====================
    Info (332119):     1.819         0.000 CLOCK_50 
Info (332146): Worst-case minimum pulse width slack is -1.222
    Info (332119):     Slack End Point TNS Clock 
    Info (332119): ========= ============= =====================
    Info (332119):    -1.222        -9.222 CLOCK_50 
Info (332001): The selected device family is not supported by the report_metastability command.
Info: Analyzing Fast Model
Info (332146): Worst-case setup slack is 0.120
    Info (332119):     Slack End Point TNS Clock 
    Info (332119): ========= ============= =====================
    Info (332119):     0.120         0.000 CLOCK_50 
Info (332146): Worst-case hold slack is 0.215
    Info (332119):     Slack End Point TNS Clock 
    Info (332119): ========= ============= =====================
    Info (332119):     0.215         0.000 CLOCK_50 
Critical Warning (332148): Timing requirements not met
Info (332146): Worst-case recovery slack is -0.268
    Info (332119):     Slack End Point TNS Clock 
    Info (332119): ========= ============= =====================
    Info (332119):    -0.268        -2.144 CLOCK_50 
Info (332146): Worst-case removal slack is 0.908
    Info (332119):     Slack End Point TNS Clock 
    Info (332119): ========= ============= =====================
    Info (332119):     0.908         0.000 CLOCK_50 
Info (332146): Worst-case minimum pulse width slack is -1.222
    Info (332119):     Slack End Point TNS Clock 
    Info (332119): ========= ============= =====================
    Info (332119):    -1.222        -9.222 CLOCK_50 
Info (332001): The selected device family is not supported by the report_metastability command.
Info (332102): Design is not fully constrained for setup requirements
Info (332102): Design is not fully constrained for hold requirements
Info: Quartus II 64-Bit TimeQuest Timing Analyzer was successful. 0 errors, 3 warnings
    Info: Peak virtual memory: 520 megabytes
    Info: Processing ended: Fri Oct  2 18:19:36 2015
    Info: Elapsed time: 00:00:01
    Info: Total CPU time (on all processors): 00:00:01


