TimeQuest Timing Analyzer report for Counter_irregularities
Wed Sep 23 17:05:21 2015
Quartus II 64-Bit Version 13.0.1 Build 232 06/12/2013 Service Pack 1 SJ Full Version


---------------------
; Table of Contents ;
---------------------
  1. Legal Notice
  2. TimeQuest Timing Analyzer Summary
  3. Parallel Compilation
  4. SDC File List
  5. Clocks
  6. Slow Model Fmax Summary
  7. Slow Model Setup Summary
  8. Slow Model Hold Summary
  9. Slow Model Recovery Summary
 10. Slow Model Removal Summary
 11. Slow Model Minimum Pulse Width Summary
 12. Slow Model Setup: 'CLOCK_50'
 13. Slow Model Hold: 'CLOCK_50'
 14. Slow Model Recovery: 'CLOCK_50'
 15. Slow Model Removal: 'CLOCK_50'
 16. Slow Model Minimum Pulse Width: 'CLOCK_50'
 17. Clock to Output Times
 18. Minimum Clock to Output Times
 19. Fast Model Setup Summary
 20. Fast Model Hold Summary
 21. Fast Model Recovery Summary
 22. Fast Model Removal Summary
 23. Fast Model Minimum Pulse Width Summary
 24. Fast Model Setup: 'CLOCK_50'
 25. Fast Model Hold: 'CLOCK_50'
 26. Fast Model Recovery: 'CLOCK_50'
 27. Fast Model Removal: 'CLOCK_50'
 28. Fast Model Minimum Pulse Width: 'CLOCK_50'
 29. Clock to Output Times
 30. Minimum Clock to Output Times
 31. Multicorner Timing Analysis Summary
 32. Clock to Output Times
 33. Minimum Clock to Output Times
 34. Setup Transfers
 35. Hold Transfers
 36. Recovery Transfers
 37. Removal Transfers
 38. Report TCCS
 39. Report RSKM
 40. Unconstrained Paths
 41. TimeQuest Timing Analyzer Messages



----------------
; Legal Notice ;
----------------
Copyright (C) 1991-2013 Altera Corporation
Your use of Altera Corporation's design tools, logic functions 
and other software and tools, and its AMPP partner logic 
functions, and any output files from any of the foregoing 
(including device programming or simulation files), and any 
associated documentation or information are expressly subject 
to the terms and conditions of the Altera Program License 
Subscription Agreement, Altera MegaCore Function License 
Agreement, or other applicable license agreement, including, 
without limitation, that your use is for the sole purpose of 
programming logic devices manufactured by Altera and sold by 
Altera or its authorized distributors.  Please refer to the 
applicable agreement for further details.



+-----------------------------------------------------------------------------------------+
; TimeQuest Timing Analyzer Summary                                                       ;
+--------------------+--------------------------------------------------------------------+
; Quartus II Version ; Version 13.0.1 Build 232 06/12/2013 Service Pack 1 SJ Full Version ;
; Revision Name      ; Counter_irregularities                                             ;
; Device Family      ; Cyclone II                                                         ;
; Device Name        ; EP2C35F672C6                                                       ;
; Timing Models      ; Final                                                              ;
; Delay Model        ; Combined                                                           ;
; Rise/Fall Delays   ; Unavailable                                                        ;
+--------------------+--------------------------------------------------------------------+


+------------------------------------------+
; Parallel Compilation                     ;
+----------------------------+-------------+
; Processors                 ; Number      ;
+----------------------------+-------------+
; Number detected on machine ; 4           ;
; Maximum allowed            ; 2           ;
;                            ;             ;
; Average used               ; 1.00        ;
; Maximum used               ; 1           ;
;                            ;             ;
; Usage by Processor         ; % Time Used ;
;     Processor 1            ; 100.0%      ;
;     Processors 2-4         ;   0.0%      ;
+----------------------------+-------------+


+----------------------------------------------------------------+
; SDC File List                                                  ;
+----------------------------+--------+--------------------------+
; SDC File Path              ; Status ; Read at                  ;
+----------------------------+--------+--------------------------+
; Counter_irregularities.sdc ; OK     ; Wed Sep 23 17:05:21 2015 ;
+----------------------------+--------+--------------------------+


+--------------------------------------------------------------------------------------------------------------------------------------------------------------------------------------+
; Clocks                                                                                                                                                                               ;
+------------+------+--------+------------+-------+-------+------------+-----------+-------------+-------+--------+-----------+------------+----------+--------+--------+--------------+
; Clock Name ; Type ; Period ; Frequency  ; Rise  ; Fall  ; Duty Cycle ; Divide by ; Multiply by ; Phase ; Offset ; Edge List ; Edge Shift ; Inverted ; Master ; Source ; Targets      ;
+------------+------+--------+------------+-------+-------+------------+-----------+-------------+-------+--------+-----------+------------+----------+--------+--------+--------------+
; CLOCK_50   ; Base ; 1.000  ; 1000.0 MHz ; 0.000 ; 0.500 ;            ;           ;             ;       ;        ;           ;            ;          ;        ;        ; { CLOCK_50 } ;
+------------+------+--------+------------+-------+-------+------------+-----------+-------------+-------+--------+-----------+------------+----------+--------+--------+--------------+


+-----------------------------------------------------------------------------------------------------------+
; Slow Model Fmax Summary                                                                                   ;
+------------+-----------------+------------+---------------------------------------------------------------+
; Fmax       ; Restricted Fmax ; Clock Name ; Note                                                          ;
+------------+-----------------+------------+---------------------------------------------------------------+
; 527.15 MHz ; 450.05 MHz      ; CLOCK_50   ; limit due to minimum period restriction (max I/O toggle rate) ;
+------------+-----------------+------------+---------------------------------------------------------------+
This panel reports FMAX for every clock in the design, regardless of the user-specified clock periods.  FMAX is only computed for paths where the source and destination registers or ports are driven by the same clock.  Paths of different clocks, including generated clocks, are ignored.  For paths between a clock and its inversion, FMAX is computed as if the rising and falling edges are scaled along with FMAX, such that the duty cycle (in terms of a percentage) is maintained. Altera recommends that you always use clock constraints and other slack reports for sign-off analysis.


+-----------------------------------+
; Slow Model Setup Summary          ;
+----------+--------+---------------+
; Clock    ; Slack  ; End Point TNS ;
+----------+--------+---------------+
; CLOCK_50 ; -0.897 ; -4.208        ;
+----------+--------+---------------+


+----------------------------------+
; Slow Model Hold Summary          ;
+----------+-------+---------------+
; Clock    ; Slack ; End Point TNS ;
+----------+-------+---------------+
; CLOCK_50 ; 0.391 ; 0.000         ;
+----------+-------+---------------+


+-----------------------------------+
; Slow Model Recovery Summary       ;
+----------+--------+---------------+
; Clock    ; Slack  ; End Point TNS ;
+----------+--------+---------------+
; CLOCK_50 ; -1.607 ; -12.856       ;
+----------+--------+---------------+


+----------------------------------+
; Slow Model Removal Summary       ;
+----------+-------+---------------+
; Clock    ; Slack ; End Point TNS ;
+----------+-------+---------------+
; CLOCK_50 ; 1.836 ; 0.000         ;
+----------+-------+---------------+


+----------------------------------------+
; Slow Model Minimum Pulse Width Summary ;
+----------+--------+--------------------+
; Clock    ; Slack  ; End Point TNS      ;
+----------+--------+--------------------+
; CLOCK_50 ; -1.222 ; -9.222             ;
+----------+--------+--------------------+


+------------------------------------------------------------------------------------------------------------------------------------------+
; Slow Model Setup: 'CLOCK_50'                                                                                                             ;
+--------+-----------------------------+-----------------------------+--------------+-------------+--------------+------------+------------+
; Slack  ; From Node                   ; To Node                     ; Launch Clock ; Latch Clock ; Relationship ; Clock Skew ; Data Delay ;
+--------+-----------------------------+-----------------------------+--------------+-------------+--------------+------------+------------+
; -0.897 ; counter:inst_counter|cnt[1] ; counter:inst_counter|cnt[7] ; CLOCK_50     ; CLOCK_50    ; 1.000        ; 0.000      ; 1.933      ;
; -0.862 ; counter:inst_counter|cnt[0] ; counter:inst_counter|cnt[7] ; CLOCK_50     ; CLOCK_50    ; 1.000        ; 0.000      ; 1.898      ;
; -0.826 ; counter:inst_counter|cnt[1] ; counter:inst_counter|cnt[6] ; CLOCK_50     ; CLOCK_50    ; 1.000        ; 0.000      ; 1.862      ;
; -0.826 ; counter:inst_counter|cnt[2] ; counter:inst_counter|cnt[7] ; CLOCK_50     ; CLOCK_50    ; 1.000        ; 0.000      ; 1.862      ;
; -0.791 ; counter:inst_counter|cnt[0] ; counter:inst_counter|cnt[6] ; CLOCK_50     ; CLOCK_50    ; 1.000        ; 0.000      ; 1.827      ;
; -0.755 ; counter:inst_counter|cnt[1] ; counter:inst_counter|cnt[5] ; CLOCK_50     ; CLOCK_50    ; 1.000        ; 0.000      ; 1.791      ;
; -0.755 ; counter:inst_counter|cnt[2] ; counter:inst_counter|cnt[6] ; CLOCK_50     ; CLOCK_50    ; 1.000        ; 0.000      ; 1.791      ;
; -0.724 ; counter:inst_counter|cnt[3] ; counter:inst_counter|cnt[7] ; CLOCK_50     ; CLOCK_50    ; 1.000        ; 0.000      ; 1.760      ;
; -0.720 ; counter:inst_counter|cnt[0] ; counter:inst_counter|cnt[5] ; CLOCK_50     ; CLOCK_50    ; 1.000        ; 0.000      ; 1.756      ;
; -0.684 ; counter:inst_counter|cnt[1] ; counter:inst_counter|cnt[4] ; CLOCK_50     ; CLOCK_50    ; 1.000        ; 0.000      ; 1.720      ;
; -0.684 ; counter:inst_counter|cnt[2] ; counter:inst_counter|cnt[5] ; CLOCK_50     ; CLOCK_50    ; 1.000        ; 0.000      ; 1.720      ;
; -0.653 ; counter:inst_counter|cnt[3] ; counter:inst_counter|cnt[6] ; CLOCK_50     ; CLOCK_50    ; 1.000        ; 0.000      ; 1.689      ;
; -0.649 ; counter:inst_counter|cnt[0] ; counter:inst_counter|cnt[4] ; CLOCK_50     ; CLOCK_50    ; 1.000        ; 0.000      ; 1.685      ;
; -0.613 ; counter:inst_counter|cnt[2] ; counter:inst_counter|cnt[4] ; CLOCK_50     ; CLOCK_50    ; 1.000        ; 0.000      ; 1.649      ;
; -0.592 ; counter:inst_counter|cnt[4] ; counter:inst_counter|cnt[7] ; CLOCK_50     ; CLOCK_50    ; 1.000        ; 0.000      ; 1.628      ;
; -0.591 ; counter:inst_counter|cnt[6] ; counter:inst_counter|cnt[7] ; CLOCK_50     ; CLOCK_50    ; 1.000        ; 0.000      ; 1.627      ;
; -0.582 ; counter:inst_counter|cnt[3] ; counter:inst_counter|cnt[5] ; CLOCK_50     ; CLOCK_50    ; 1.000        ; 0.000      ; 1.618      ;
; -0.525 ; counter:inst_counter|cnt[1] ; counter:inst_counter|cnt[3] ; CLOCK_50     ; CLOCK_50    ; 1.000        ; 0.000      ; 1.561      ;
; -0.521 ; counter:inst_counter|cnt[4] ; counter:inst_counter|cnt[6] ; CLOCK_50     ; CLOCK_50    ; 1.000        ; 0.000      ; 1.557      ;
; -0.511 ; counter:inst_counter|cnt[3] ; counter:inst_counter|cnt[4] ; CLOCK_50     ; CLOCK_50    ; 1.000        ; 0.000      ; 1.547      ;
; -0.493 ; counter:inst_counter|cnt[5] ; counter:inst_counter|cnt[7] ; CLOCK_50     ; CLOCK_50    ; 1.000        ; 0.000      ; 1.529      ;
; -0.490 ; counter:inst_counter|cnt[0] ; counter:inst_counter|cnt[3] ; CLOCK_50     ; CLOCK_50    ; 1.000        ; 0.000      ; 1.526      ;
; -0.454 ; counter:inst_counter|cnt[1] ; counter:inst_counter|cnt[2] ; CLOCK_50     ; CLOCK_50    ; 1.000        ; 0.000      ; 1.490      ;
; -0.454 ; counter:inst_counter|cnt[2] ; counter:inst_counter|cnt[3] ; CLOCK_50     ; CLOCK_50    ; 1.000        ; 0.000      ; 1.490      ;
; -0.450 ; counter:inst_counter|cnt[4] ; counter:inst_counter|cnt[5] ; CLOCK_50     ; CLOCK_50    ; 1.000        ; 0.000      ; 1.486      ;
; -0.422 ; counter:inst_counter|cnt[5] ; counter:inst_counter|cnt[6] ; CLOCK_50     ; CLOCK_50    ; 1.000        ; 0.000      ; 1.458      ;
; -0.419 ; counter:inst_counter|cnt[0] ; counter:inst_counter|cnt[2] ; CLOCK_50     ; CLOCK_50    ; 1.000        ; 0.000      ; 1.455      ;
; -0.208 ; counter:inst_counter|cnt[6] ; counter:inst_counter|cnt[6] ; CLOCK_50     ; CLOCK_50    ; 1.000        ; 0.000      ; 1.244      ;
; -0.068 ; counter:inst_counter|cnt[2] ; counter:inst_counter|cnt[2] ; CLOCK_50     ; CLOCK_50    ; 1.000        ; 0.000      ; 1.104      ;
; -0.067 ; counter:inst_counter|cnt[1] ; counter:inst_counter|cnt[1] ; CLOCK_50     ; CLOCK_50    ; 1.000        ; 0.000      ; 1.103      ;
; -0.064 ; counter:inst_counter|cnt[4] ; counter:inst_counter|cnt[4] ; CLOCK_50     ; CLOCK_50    ; 1.000        ; 0.000      ; 1.100      ;
; -0.039 ; counter:inst_counter|cnt[5] ; counter:inst_counter|cnt[5] ; CLOCK_50     ; CLOCK_50    ; 1.000        ; 0.000      ; 1.075      ;
; -0.036 ; counter:inst_counter|cnt[3] ; counter:inst_counter|cnt[3] ; CLOCK_50     ; CLOCK_50    ; 1.000        ; 0.000      ; 1.072      ;
; -0.036 ; counter:inst_counter|cnt[0] ; counter:inst_counter|cnt[1] ; CLOCK_50     ; CLOCK_50    ; 1.000        ; 0.000      ; 1.072      ;
; 0.235  ; counter:inst_counter|cnt[7] ; counter:inst_counter|cnt[7] ; CLOCK_50     ; CLOCK_50    ; 1.000        ; 0.000      ; 0.801      ;
; 0.379  ; counter:inst_counter|cnt[0] ; counter:inst_counter|cnt[0] ; CLOCK_50     ; CLOCK_50    ; 1.000        ; 0.000      ; 0.657      ;
+--------+-----------------------------+-----------------------------+--------------+-------------+--------------+------------+------------+


+-----------------------------------------------------------------------------------------------------------------------------------------+
; Slow Model Hold: 'CLOCK_50'                                                                                                             ;
+-------+-----------------------------+-----------------------------+--------------+-------------+--------------+------------+------------+
; Slack ; From Node                   ; To Node                     ; Launch Clock ; Latch Clock ; Relationship ; Clock Skew ; Data Delay ;
+-------+-----------------------------+-----------------------------+--------------+-------------+--------------+------------+------------+
; 0.391 ; counter:inst_counter|cnt[0] ; counter:inst_counter|cnt[0] ; CLOCK_50     ; CLOCK_50    ; 0.000        ; 0.000      ; 0.657      ;
; 0.535 ; counter:inst_counter|cnt[7] ; counter:inst_counter|cnt[7] ; CLOCK_50     ; CLOCK_50    ; 0.000        ; 0.000      ; 0.801      ;
; 0.806 ; counter:inst_counter|cnt[3] ; counter:inst_counter|cnt[3] ; CLOCK_50     ; CLOCK_50    ; 0.000        ; 0.000      ; 1.072      ;
; 0.806 ; counter:inst_counter|cnt[0] ; counter:inst_counter|cnt[1] ; CLOCK_50     ; CLOCK_50    ; 0.000        ; 0.000      ; 1.072      ;
; 0.809 ; counter:inst_counter|cnt[5] ; counter:inst_counter|cnt[5] ; CLOCK_50     ; CLOCK_50    ; 0.000        ; 0.000      ; 1.075      ;
; 0.834 ; counter:inst_counter|cnt[4] ; counter:inst_counter|cnt[4] ; CLOCK_50     ; CLOCK_50    ; 0.000        ; 0.000      ; 1.100      ;
; 0.837 ; counter:inst_counter|cnt[1] ; counter:inst_counter|cnt[1] ; CLOCK_50     ; CLOCK_50    ; 0.000        ; 0.000      ; 1.103      ;
; 0.838 ; counter:inst_counter|cnt[2] ; counter:inst_counter|cnt[2] ; CLOCK_50     ; CLOCK_50    ; 0.000        ; 0.000      ; 1.104      ;
; 0.978 ; counter:inst_counter|cnt[6] ; counter:inst_counter|cnt[6] ; CLOCK_50     ; CLOCK_50    ; 0.000        ; 0.000      ; 1.244      ;
; 1.189 ; counter:inst_counter|cnt[0] ; counter:inst_counter|cnt[2] ; CLOCK_50     ; CLOCK_50    ; 0.000        ; 0.000      ; 1.455      ;
; 1.192 ; counter:inst_counter|cnt[5] ; counter:inst_counter|cnt[6] ; CLOCK_50     ; CLOCK_50    ; 0.000        ; 0.000      ; 1.458      ;
; 1.220 ; counter:inst_counter|cnt[4] ; counter:inst_counter|cnt[5] ; CLOCK_50     ; CLOCK_50    ; 0.000        ; 0.000      ; 1.486      ;
; 1.224 ; counter:inst_counter|cnt[2] ; counter:inst_counter|cnt[3] ; CLOCK_50     ; CLOCK_50    ; 0.000        ; 0.000      ; 1.490      ;
; 1.224 ; counter:inst_counter|cnt[1] ; counter:inst_counter|cnt[2] ; CLOCK_50     ; CLOCK_50    ; 0.000        ; 0.000      ; 1.490      ;
; 1.260 ; counter:inst_counter|cnt[0] ; counter:inst_counter|cnt[3] ; CLOCK_50     ; CLOCK_50    ; 0.000        ; 0.000      ; 1.526      ;
; 1.263 ; counter:inst_counter|cnt[5] ; counter:inst_counter|cnt[7] ; CLOCK_50     ; CLOCK_50    ; 0.000        ; 0.000      ; 1.529      ;
; 1.281 ; counter:inst_counter|cnt[3] ; counter:inst_counter|cnt[4] ; CLOCK_50     ; CLOCK_50    ; 0.000        ; 0.000      ; 1.547      ;
; 1.291 ; counter:inst_counter|cnt[4] ; counter:inst_counter|cnt[6] ; CLOCK_50     ; CLOCK_50    ; 0.000        ; 0.000      ; 1.557      ;
; 1.295 ; counter:inst_counter|cnt[1] ; counter:inst_counter|cnt[3] ; CLOCK_50     ; CLOCK_50    ; 0.000        ; 0.000      ; 1.561      ;
; 1.352 ; counter:inst_counter|cnt[3] ; counter:inst_counter|cnt[5] ; CLOCK_50     ; CLOCK_50    ; 0.000        ; 0.000      ; 1.618      ;
; 1.361 ; counter:inst_counter|cnt[6] ; counter:inst_counter|cnt[7] ; CLOCK_50     ; CLOCK_50    ; 0.000        ; 0.000      ; 1.627      ;
; 1.362 ; counter:inst_counter|cnt[4] ; counter:inst_counter|cnt[7] ; CLOCK_50     ; CLOCK_50    ; 0.000        ; 0.000      ; 1.628      ;
; 1.383 ; counter:inst_counter|cnt[2] ; counter:inst_counter|cnt[4] ; CLOCK_50     ; CLOCK_50    ; 0.000        ; 0.000      ; 1.649      ;
; 1.419 ; counter:inst_counter|cnt[0] ; counter:inst_counter|cnt[4] ; CLOCK_50     ; CLOCK_50    ; 0.000        ; 0.000      ; 1.685      ;
; 1.423 ; counter:inst_counter|cnt[3] ; counter:inst_counter|cnt[6] ; CLOCK_50     ; CLOCK_50    ; 0.000        ; 0.000      ; 1.689      ;
; 1.454 ; counter:inst_counter|cnt[2] ; counter:inst_counter|cnt[5] ; CLOCK_50     ; CLOCK_50    ; 0.000        ; 0.000      ; 1.720      ;
; 1.454 ; counter:inst_counter|cnt[1] ; counter:inst_counter|cnt[4] ; CLOCK_50     ; CLOCK_50    ; 0.000        ; 0.000      ; 1.720      ;
; 1.490 ; counter:inst_counter|cnt[0] ; counter:inst_counter|cnt[5] ; CLOCK_50     ; CLOCK_50    ; 0.000        ; 0.000      ; 1.756      ;
; 1.494 ; counter:inst_counter|cnt[3] ; counter:inst_counter|cnt[7] ; CLOCK_50     ; CLOCK_50    ; 0.000        ; 0.000      ; 1.760      ;
; 1.525 ; counter:inst_counter|cnt[2] ; counter:inst_counter|cnt[6] ; CLOCK_50     ; CLOCK_50    ; 0.000        ; 0.000      ; 1.791      ;
; 1.525 ; counter:inst_counter|cnt[1] ; counter:inst_counter|cnt[5] ; CLOCK_50     ; CLOCK_50    ; 0.000        ; 0.000      ; 1.791      ;
; 1.561 ; counter:inst_counter|cnt[0] ; counter:inst_counter|cnt[6] ; CLOCK_50     ; CLOCK_50    ; 0.000        ; 0.000      ; 1.827      ;
; 1.596 ; counter:inst_counter|cnt[2] ; counter:inst_counter|cnt[7] ; CLOCK_50     ; CLOCK_50    ; 0.000        ; 0.000      ; 1.862      ;
; 1.596 ; counter:inst_counter|cnt[1] ; counter:inst_counter|cnt[6] ; CLOCK_50     ; CLOCK_50    ; 0.000        ; 0.000      ; 1.862      ;
; 1.632 ; counter:inst_counter|cnt[0] ; counter:inst_counter|cnt[7] ; CLOCK_50     ; CLOCK_50    ; 0.000        ; 0.000      ; 1.898      ;
; 1.667 ; counter:inst_counter|cnt[1] ; counter:inst_counter|cnt[7] ; CLOCK_50     ; CLOCK_50    ; 0.000        ; 0.000      ; 1.933      ;
+-------+-----------------------------+-----------------------------+--------------+-------------+--------------+------------+------------+


+------------------------------------------------------------------------------------------------------------------------------------------+
; Slow Model Recovery: 'CLOCK_50'                                                                                                          ;
+--------+-----------------------------+-----------------------------+--------------+-------------+--------------+------------+------------+
; Slack  ; From Node                   ; To Node                     ; Launch Clock ; Latch Clock ; Relationship ; Clock Skew ; Data Delay ;
+--------+-----------------------------+-----------------------------+--------------+-------------+--------------+------------+------------+
; -1.607 ; counter:inst_counter|cnt[2] ; counter:inst_counter|cnt[2] ; CLOCK_50     ; CLOCK_50    ; 1.000        ; 0.000      ; 2.643      ;
; -1.607 ; counter:inst_counter|cnt[2] ; counter:inst_counter|cnt[3] ; CLOCK_50     ; CLOCK_50    ; 1.000        ; 0.000      ; 2.643      ;
; -1.607 ; counter:inst_counter|cnt[2] ; counter:inst_counter|cnt[4] ; CLOCK_50     ; CLOCK_50    ; 1.000        ; 0.000      ; 2.643      ;
; -1.607 ; counter:inst_counter|cnt[2] ; counter:inst_counter|cnt[5] ; CLOCK_50     ; CLOCK_50    ; 1.000        ; 0.000      ; 2.643      ;
; -1.607 ; counter:inst_counter|cnt[2] ; counter:inst_counter|cnt[6] ; CLOCK_50     ; CLOCK_50    ; 1.000        ; 0.000      ; 2.643      ;
; -1.607 ; counter:inst_counter|cnt[2] ; counter:inst_counter|cnt[7] ; CLOCK_50     ; CLOCK_50    ; 1.000        ; 0.000      ; 2.643      ;
; -1.607 ; counter:inst_counter|cnt[2] ; counter:inst_counter|cnt[0] ; CLOCK_50     ; CLOCK_50    ; 1.000        ; 0.000      ; 2.643      ;
; -1.607 ; counter:inst_counter|cnt[2] ; counter:inst_counter|cnt[1] ; CLOCK_50     ; CLOCK_50    ; 1.000        ; 0.000      ; 2.643      ;
; -1.550 ; counter:inst_counter|cnt[0] ; counter:inst_counter|cnt[2] ; CLOCK_50     ; CLOCK_50    ; 1.000        ; 0.000      ; 2.586      ;
; -1.550 ; counter:inst_counter|cnt[0] ; counter:inst_counter|cnt[3] ; CLOCK_50     ; CLOCK_50    ; 1.000        ; 0.000      ; 2.586      ;
; -1.550 ; counter:inst_counter|cnt[0] ; counter:inst_counter|cnt[4] ; CLOCK_50     ; CLOCK_50    ; 1.000        ; 0.000      ; 2.586      ;
; -1.550 ; counter:inst_counter|cnt[0] ; counter:inst_counter|cnt[5] ; CLOCK_50     ; CLOCK_50    ; 1.000        ; 0.000      ; 2.586      ;
; -1.550 ; counter:inst_counter|cnt[0] ; counter:inst_counter|cnt[6] ; CLOCK_50     ; CLOCK_50    ; 1.000        ; 0.000      ; 2.586      ;
; -1.550 ; counter:inst_counter|cnt[0] ; counter:inst_counter|cnt[7] ; CLOCK_50     ; CLOCK_50    ; 1.000        ; 0.000      ; 2.586      ;
; -1.550 ; counter:inst_counter|cnt[0] ; counter:inst_counter|cnt[0] ; CLOCK_50     ; CLOCK_50    ; 1.000        ; 0.000      ; 2.586      ;
; -1.550 ; counter:inst_counter|cnt[0] ; counter:inst_counter|cnt[1] ; CLOCK_50     ; CLOCK_50    ; 1.000        ; 0.000      ; 2.586      ;
; -1.458 ; counter:inst_counter|cnt[3] ; counter:inst_counter|cnt[2] ; CLOCK_50     ; CLOCK_50    ; 1.000        ; 0.000      ; 2.494      ;
; -1.458 ; counter:inst_counter|cnt[3] ; counter:inst_counter|cnt[3] ; CLOCK_50     ; CLOCK_50    ; 1.000        ; 0.000      ; 2.494      ;
; -1.458 ; counter:inst_counter|cnt[3] ; counter:inst_counter|cnt[4] ; CLOCK_50     ; CLOCK_50    ; 1.000        ; 0.000      ; 2.494      ;
; -1.458 ; counter:inst_counter|cnt[3] ; counter:inst_counter|cnt[5] ; CLOCK_50     ; CLOCK_50    ; 1.000        ; 0.000      ; 2.494      ;
; -1.458 ; counter:inst_counter|cnt[3] ; counter:inst_counter|cnt[6] ; CLOCK_50     ; CLOCK_50    ; 1.000        ; 0.000      ; 2.494      ;
; -1.458 ; counter:inst_counter|cnt[3] ; counter:inst_counter|cnt[7] ; CLOCK_50     ; CLOCK_50    ; 1.000        ; 0.000      ; 2.494      ;
; -1.458 ; counter:inst_counter|cnt[3] ; counter:inst_counter|cnt[0] ; CLOCK_50     ; CLOCK_50    ; 1.000        ; 0.000      ; 2.494      ;
; -1.458 ; counter:inst_counter|cnt[3] ; counter:inst_counter|cnt[1] ; CLOCK_50     ; CLOCK_50    ; 1.000        ; 0.000      ; 2.494      ;
; -1.337 ; counter:inst_counter|cnt[4] ; counter:inst_counter|cnt[2] ; CLOCK_50     ; CLOCK_50    ; 1.000        ; 0.000      ; 2.373      ;
; -1.337 ; counter:inst_counter|cnt[4] ; counter:inst_counter|cnt[3] ; CLOCK_50     ; CLOCK_50    ; 1.000        ; 0.000      ; 2.373      ;
; -1.337 ; counter:inst_counter|cnt[4] ; counter:inst_counter|cnt[4] ; CLOCK_50     ; CLOCK_50    ; 1.000        ; 0.000      ; 2.373      ;
; -1.337 ; counter:inst_counter|cnt[4] ; counter:inst_counter|cnt[5] ; CLOCK_50     ; CLOCK_50    ; 1.000        ; 0.000      ; 2.373      ;
; -1.337 ; counter:inst_counter|cnt[4] ; counter:inst_counter|cnt[6] ; CLOCK_50     ; CLOCK_50    ; 1.000        ; 0.000      ; 2.373      ;
; -1.337 ; counter:inst_counter|cnt[4] ; counter:inst_counter|cnt[7] ; CLOCK_50     ; CLOCK_50    ; 1.000        ; 0.000      ; 2.373      ;
; -1.337 ; counter:inst_counter|cnt[4] ; counter:inst_counter|cnt[0] ; CLOCK_50     ; CLOCK_50    ; 1.000        ; 0.000      ; 2.373      ;
; -1.337 ; counter:inst_counter|cnt[4] ; counter:inst_counter|cnt[1] ; CLOCK_50     ; CLOCK_50    ; 1.000        ; 0.000      ; 2.373      ;
; -1.324 ; counter:inst_counter|cnt[1] ; counter:inst_counter|cnt[2] ; CLOCK_50     ; CLOCK_50    ; 1.000        ; 0.000      ; 2.360      ;
; -1.324 ; counter:inst_counter|cnt[1] ; counter:inst_counter|cnt[3] ; CLOCK_50     ; CLOCK_50    ; 1.000        ; 0.000      ; 2.360      ;
; -1.324 ; counter:inst_counter|cnt[1] ; counter:inst_counter|cnt[4] ; CLOCK_50     ; CLOCK_50    ; 1.000        ; 0.000      ; 2.360      ;
; -1.324 ; counter:inst_counter|cnt[1] ; counter:inst_counter|cnt[5] ; CLOCK_50     ; CLOCK_50    ; 1.000        ; 0.000      ; 2.360      ;
; -1.324 ; counter:inst_counter|cnt[1] ; counter:inst_counter|cnt[6] ; CLOCK_50     ; CLOCK_50    ; 1.000        ; 0.000      ; 2.360      ;
; -1.324 ; counter:inst_counter|cnt[1] ; counter:inst_counter|cnt[7] ; CLOCK_50     ; CLOCK_50    ; 1.000        ; 0.000      ; 2.360      ;
; -1.324 ; counter:inst_counter|cnt[1] ; counter:inst_counter|cnt[0] ; CLOCK_50     ; CLOCK_50    ; 1.000        ; 0.000      ; 2.360      ;
; -1.324 ; counter:inst_counter|cnt[1] ; counter:inst_counter|cnt[1] ; CLOCK_50     ; CLOCK_50    ; 1.000        ; 0.000      ; 2.360      ;
; -1.292 ; counter:inst_counter|cnt[5] ; counter:inst_counter|cnt[2] ; CLOCK_50     ; CLOCK_50    ; 1.000        ; 0.000      ; 2.328      ;
; -1.292 ; counter:inst_counter|cnt[5] ; counter:inst_counter|cnt[3] ; CLOCK_50     ; CLOCK_50    ; 1.000        ; 0.000      ; 2.328      ;
; -1.292 ; counter:inst_counter|cnt[5] ; counter:inst_counter|cnt[4] ; CLOCK_50     ; CLOCK_50    ; 1.000        ; 0.000      ; 2.328      ;
; -1.292 ; counter:inst_counter|cnt[5] ; counter:inst_counter|cnt[5] ; CLOCK_50     ; CLOCK_50    ; 1.000        ; 0.000      ; 2.328      ;
; -1.292 ; counter:inst_counter|cnt[5] ; counter:inst_counter|cnt[6] ; CLOCK_50     ; CLOCK_50    ; 1.000        ; 0.000      ; 2.328      ;
; -1.292 ; counter:inst_counter|cnt[5] ; counter:inst_counter|cnt[7] ; CLOCK_50     ; CLOCK_50    ; 1.000        ; 0.000      ; 2.328      ;
; -1.292 ; counter:inst_counter|cnt[5] ; counter:inst_counter|cnt[0] ; CLOCK_50     ; CLOCK_50    ; 1.000        ; 0.000      ; 2.328      ;
; -1.292 ; counter:inst_counter|cnt[5] ; counter:inst_counter|cnt[1] ; CLOCK_50     ; CLOCK_50    ; 1.000        ; 0.000      ; 2.328      ;
; -1.195 ; counter:inst_counter|cnt[6] ; counter:inst_counter|cnt[2] ; CLOCK_50     ; CLOCK_50    ; 1.000        ; 0.000      ; 2.231      ;
; -1.195 ; counter:inst_counter|cnt[6] ; counter:inst_counter|cnt[3] ; CLOCK_50     ; CLOCK_50    ; 1.000        ; 0.000      ; 2.231      ;
; -1.195 ; counter:inst_counter|cnt[6] ; counter:inst_counter|cnt[4] ; CLOCK_50     ; CLOCK_50    ; 1.000        ; 0.000      ; 2.231      ;
; -1.195 ; counter:inst_counter|cnt[6] ; counter:inst_counter|cnt[5] ; CLOCK_50     ; CLOCK_50    ; 1.000        ; 0.000      ; 2.231      ;
; -1.195 ; counter:inst_counter|cnt[6] ; counter:inst_counter|cnt[6] ; CLOCK_50     ; CLOCK_50    ; 1.000        ; 0.000      ; 2.231      ;
; -1.195 ; counter:inst_counter|cnt[6] ; counter:inst_counter|cnt[7] ; CLOCK_50     ; CLOCK_50    ; 1.000        ; 0.000      ; 2.231      ;
; -1.195 ; counter:inst_counter|cnt[6] ; counter:inst_counter|cnt[0] ; CLOCK_50     ; CLOCK_50    ; 1.000        ; 0.000      ; 2.231      ;
; -1.195 ; counter:inst_counter|cnt[6] ; counter:inst_counter|cnt[1] ; CLOCK_50     ; CLOCK_50    ; 1.000        ; 0.000      ; 2.231      ;
; -1.066 ; counter:inst_counter|cnt[7] ; counter:inst_counter|cnt[2] ; CLOCK_50     ; CLOCK_50    ; 1.000        ; 0.000      ; 2.102      ;
; -1.066 ; counter:inst_counter|cnt[7] ; counter:inst_counter|cnt[3] ; CLOCK_50     ; CLOCK_50    ; 1.000        ; 0.000      ; 2.102      ;
; -1.066 ; counter:inst_counter|cnt[7] ; counter:inst_counter|cnt[4] ; CLOCK_50     ; CLOCK_50    ; 1.000        ; 0.000      ; 2.102      ;
; -1.066 ; counter:inst_counter|cnt[7] ; counter:inst_counter|cnt[5] ; CLOCK_50     ; CLOCK_50    ; 1.000        ; 0.000      ; 2.102      ;
; -1.066 ; counter:inst_counter|cnt[7] ; counter:inst_counter|cnt[6] ; CLOCK_50     ; CLOCK_50    ; 1.000        ; 0.000      ; 2.102      ;
; -1.066 ; counter:inst_counter|cnt[7] ; counter:inst_counter|cnt[7] ; CLOCK_50     ; CLOCK_50    ; 1.000        ; 0.000      ; 2.102      ;
; -1.066 ; counter:inst_counter|cnt[7] ; counter:inst_counter|cnt[0] ; CLOCK_50     ; CLOCK_50    ; 1.000        ; 0.000      ; 2.102      ;
; -1.066 ; counter:inst_counter|cnt[7] ; counter:inst_counter|cnt[1] ; CLOCK_50     ; CLOCK_50    ; 1.000        ; 0.000      ; 2.102      ;
+--------+-----------------------------+-----------------------------+--------------+-------------+--------------+------------+------------+


+-----------------------------------------------------------------------------------------------------------------------------------------+
; Slow Model Removal: 'CLOCK_50'                                                                                                          ;
+-------+-----------------------------+-----------------------------+--------------+-------------+--------------+------------+------------+
; Slack ; From Node                   ; To Node                     ; Launch Clock ; Latch Clock ; Relationship ; Clock Skew ; Data Delay ;
+-------+-----------------------------+-----------------------------+--------------+-------------+--------------+------------+------------+
; 1.836 ; counter:inst_counter|cnt[7] ; counter:inst_counter|cnt[2] ; CLOCK_50     ; CLOCK_50    ; 0.000        ; 0.000      ; 2.102      ;
; 1.836 ; counter:inst_counter|cnt[7] ; counter:inst_counter|cnt[3] ; CLOCK_50     ; CLOCK_50    ; 0.000        ; 0.000      ; 2.102      ;
; 1.836 ; counter:inst_counter|cnt[7] ; counter:inst_counter|cnt[4] ; CLOCK_50     ; CLOCK_50    ; 0.000        ; 0.000      ; 2.102      ;
; 1.836 ; counter:inst_counter|cnt[7] ; counter:inst_counter|cnt[5] ; CLOCK_50     ; CLOCK_50    ; 0.000        ; 0.000      ; 2.102      ;
; 1.836 ; counter:inst_counter|cnt[7] ; counter:inst_counter|cnt[6] ; CLOCK_50     ; CLOCK_50    ; 0.000        ; 0.000      ; 2.102      ;
; 1.836 ; counter:inst_counter|cnt[7] ; counter:inst_counter|cnt[7] ; CLOCK_50     ; CLOCK_50    ; 0.000        ; 0.000      ; 2.102      ;
; 1.836 ; counter:inst_counter|cnt[7] ; counter:inst_counter|cnt[0] ; CLOCK_50     ; CLOCK_50    ; 0.000        ; 0.000      ; 2.102      ;
; 1.836 ; counter:inst_counter|cnt[7] ; counter:inst_counter|cnt[1] ; CLOCK_50     ; CLOCK_50    ; 0.000        ; 0.000      ; 2.102      ;
; 1.965 ; counter:inst_counter|cnt[6] ; counter:inst_counter|cnt[2] ; CLOCK_50     ; CLOCK_50    ; 0.000        ; 0.000      ; 2.231      ;
; 1.965 ; counter:inst_counter|cnt[6] ; counter:inst_counter|cnt[3] ; CLOCK_50     ; CLOCK_50    ; 0.000        ; 0.000      ; 2.231      ;
; 1.965 ; counter:inst_counter|cnt[6] ; counter:inst_counter|cnt[4] ; CLOCK_50     ; CLOCK_50    ; 0.000        ; 0.000      ; 2.231      ;
; 1.965 ; counter:inst_counter|cnt[6] ; counter:inst_counter|cnt[5] ; CLOCK_50     ; CLOCK_50    ; 0.000        ; 0.000      ; 2.231      ;
; 1.965 ; counter:inst_counter|cnt[6] ; counter:inst_counter|cnt[6] ; CLOCK_50     ; CLOCK_50    ; 0.000        ; 0.000      ; 2.231      ;
; 1.965 ; counter:inst_counter|cnt[6] ; counter:inst_counter|cnt[7] ; CLOCK_50     ; CLOCK_50    ; 0.000        ; 0.000      ; 2.231      ;
; 1.965 ; counter:inst_counter|cnt[6] ; counter:inst_counter|cnt[0] ; CLOCK_50     ; CLOCK_50    ; 0.000        ; 0.000      ; 2.231      ;
; 1.965 ; counter:inst_counter|cnt[6] ; counter:inst_counter|cnt[1] ; CLOCK_50     ; CLOCK_50    ; 0.000        ; 0.000      ; 2.231      ;
; 2.062 ; counter:inst_counter|cnt[5] ; counter:inst_counter|cnt[2] ; CLOCK_50     ; CLOCK_50    ; 0.000        ; 0.000      ; 2.328      ;
; 2.062 ; counter:inst_counter|cnt[5] ; counter:inst_counter|cnt[3] ; CLOCK_50     ; CLOCK_50    ; 0.000        ; 0.000      ; 2.328      ;
; 2.062 ; counter:inst_counter|cnt[5] ; counter:inst_counter|cnt[4] ; CLOCK_50     ; CLOCK_50    ; 0.000        ; 0.000      ; 2.328      ;
; 2.062 ; counter:inst_counter|cnt[5] ; counter:inst_counter|cnt[5] ; CLOCK_50     ; CLOCK_50    ; 0.000        ; 0.000      ; 2.328      ;
; 2.062 ; counter:inst_counter|cnt[5] ; counter:inst_counter|cnt[6] ; CLOCK_50     ; CLOCK_50    ; 0.000        ; 0.000      ; 2.328      ;
; 2.062 ; counter:inst_counter|cnt[5] ; counter:inst_counter|cnt[7] ; CLOCK_50     ; CLOCK_50    ; 0.000        ; 0.000      ; 2.328      ;
; 2.062 ; counter:inst_counter|cnt[5] ; counter:inst_counter|cnt[0] ; CLOCK_50     ; CLOCK_50    ; 0.000        ; 0.000      ; 2.328      ;
; 2.062 ; counter:inst_counter|cnt[5] ; counter:inst_counter|cnt[1] ; CLOCK_50     ; CLOCK_50    ; 0.000        ; 0.000      ; 2.328      ;
; 2.094 ; counter:inst_counter|cnt[1] ; counter:inst_counter|cnt[2] ; CLOCK_50     ; CLOCK_50    ; 0.000        ; 0.000      ; 2.360      ;
; 2.094 ; counter:inst_counter|cnt[1] ; counter:inst_counter|cnt[3] ; CLOCK_50     ; CLOCK_50    ; 0.000        ; 0.000      ; 2.360      ;
; 2.094 ; counter:inst_counter|cnt[1] ; counter:inst_counter|cnt[4] ; CLOCK_50     ; CLOCK_50    ; 0.000        ; 0.000      ; 2.360      ;
; 2.094 ; counter:inst_counter|cnt[1] ; counter:inst_counter|cnt[5] ; CLOCK_50     ; CLOCK_50    ; 0.000        ; 0.000      ; 2.360      ;
; 2.094 ; counter:inst_counter|cnt[1] ; counter:inst_counter|cnt[6] ; CLOCK_50     ; CLOCK_50    ; 0.000        ; 0.000      ; 2.360      ;
; 2.094 ; counter:inst_counter|cnt[1] ; counter:inst_counter|cnt[7] ; CLOCK_50     ; CLOCK_50    ; 0.000        ; 0.000      ; 2.360      ;
; 2.094 ; counter:inst_counter|cnt[1] ; counter:inst_counter|cnt[0] ; CLOCK_50     ; CLOCK_50    ; 0.000        ; 0.000      ; 2.360      ;
; 2.094 ; counter:inst_counter|cnt[1] ; counter:inst_counter|cnt[1] ; CLOCK_50     ; CLOCK_50    ; 0.000        ; 0.000      ; 2.360      ;
; 2.107 ; counter:inst_counter|cnt[4] ; counter:inst_counter|cnt[2] ; CLOCK_50     ; CLOCK_50    ; 0.000        ; 0.000      ; 2.373      ;
; 2.107 ; counter:inst_counter|cnt[4] ; counter:inst_counter|cnt[3] ; CLOCK_50     ; CLOCK_50    ; 0.000        ; 0.000      ; 2.373      ;
; 2.107 ; counter:inst_counter|cnt[4] ; counter:inst_counter|cnt[4] ; CLOCK_50     ; CLOCK_50    ; 0.000        ; 0.000      ; 2.373      ;
; 2.107 ; counter:inst_counter|cnt[4] ; counter:inst_counter|cnt[5] ; CLOCK_50     ; CLOCK_50    ; 0.000        ; 0.000      ; 2.373      ;
; 2.107 ; counter:inst_counter|cnt[4] ; counter:inst_counter|cnt[6] ; CLOCK_50     ; CLOCK_50    ; 0.000        ; 0.000      ; 2.373      ;
; 2.107 ; counter:inst_counter|cnt[4] ; counter:inst_counter|cnt[7] ; CLOCK_50     ; CLOCK_50    ; 0.000        ; 0.000      ; 2.373      ;
; 2.107 ; counter:inst_counter|cnt[4] ; counter:inst_counter|cnt[0] ; CLOCK_50     ; CLOCK_50    ; 0.000        ; 0.000      ; 2.373      ;
; 2.107 ; counter:inst_counter|cnt[4] ; counter:inst_counter|cnt[1] ; CLOCK_50     ; CLOCK_50    ; 0.000        ; 0.000      ; 2.373      ;
; 2.228 ; counter:inst_counter|cnt[3] ; counter:inst_counter|cnt[2] ; CLOCK_50     ; CLOCK_50    ; 0.000        ; 0.000      ; 2.494      ;
; 2.228 ; counter:inst_counter|cnt[3] ; counter:inst_counter|cnt[3] ; CLOCK_50     ; CLOCK_50    ; 0.000        ; 0.000      ; 2.494      ;
; 2.228 ; counter:inst_counter|cnt[3] ; counter:inst_counter|cnt[4] ; CLOCK_50     ; CLOCK_50    ; 0.000        ; 0.000      ; 2.494      ;
; 2.228 ; counter:inst_counter|cnt[3] ; counter:inst_counter|cnt[5] ; CLOCK_50     ; CLOCK_50    ; 0.000        ; 0.000      ; 2.494      ;
; 2.228 ; counter:inst_counter|cnt[3] ; counter:inst_counter|cnt[6] ; CLOCK_50     ; CLOCK_50    ; 0.000        ; 0.000      ; 2.494      ;
; 2.228 ; counter:inst_counter|cnt[3] ; counter:inst_counter|cnt[7] ; CLOCK_50     ; CLOCK_50    ; 0.000        ; 0.000      ; 2.494      ;
; 2.228 ; counter:inst_counter|cnt[3] ; counter:inst_counter|cnt[0] ; CLOCK_50     ; CLOCK_50    ; 0.000        ; 0.000      ; 2.494      ;
; 2.228 ; counter:inst_counter|cnt[3] ; counter:inst_counter|cnt[1] ; CLOCK_50     ; CLOCK_50    ; 0.000        ; 0.000      ; 2.494      ;
; 2.320 ; counter:inst_counter|cnt[0] ; counter:inst_counter|cnt[2] ; CLOCK_50     ; CLOCK_50    ; 0.000        ; 0.000      ; 2.586      ;
; 2.320 ; counter:inst_counter|cnt[0] ; counter:inst_counter|cnt[3] ; CLOCK_50     ; CLOCK_50    ; 0.000        ; 0.000      ; 2.586      ;
; 2.320 ; counter:inst_counter|cnt[0] ; counter:inst_counter|cnt[4] ; CLOCK_50     ; CLOCK_50    ; 0.000        ; 0.000      ; 2.586      ;
; 2.320 ; counter:inst_counter|cnt[0] ; counter:inst_counter|cnt[5] ; CLOCK_50     ; CLOCK_50    ; 0.000        ; 0.000      ; 2.586      ;
; 2.320 ; counter:inst_counter|cnt[0] ; counter:inst_counter|cnt[6] ; CLOCK_50     ; CLOCK_50    ; 0.000        ; 0.000      ; 2.586      ;
; 2.320 ; counter:inst_counter|cnt[0] ; counter:inst_counter|cnt[7] ; CLOCK_50     ; CLOCK_50    ; 0.000        ; 0.000      ; 2.586      ;
; 2.320 ; counter:inst_counter|cnt[0] ; counter:inst_counter|cnt[0] ; CLOCK_50     ; CLOCK_50    ; 0.000        ; 0.000      ; 2.586      ;
; 2.320 ; counter:inst_counter|cnt[0] ; counter:inst_counter|cnt[1] ; CLOCK_50     ; CLOCK_50    ; 0.000        ; 0.000      ; 2.586      ;
; 2.377 ; counter:inst_counter|cnt[2] ; counter:inst_counter|cnt[2] ; CLOCK_50     ; CLOCK_50    ; 0.000        ; 0.000      ; 2.643      ;
; 2.377 ; counter:inst_counter|cnt[2] ; counter:inst_counter|cnt[3] ; CLOCK_50     ; CLOCK_50    ; 0.000        ; 0.000      ; 2.643      ;
; 2.377 ; counter:inst_counter|cnt[2] ; counter:inst_counter|cnt[4] ; CLOCK_50     ; CLOCK_50    ; 0.000        ; 0.000      ; 2.643      ;
; 2.377 ; counter:inst_counter|cnt[2] ; counter:inst_counter|cnt[5] ; CLOCK_50     ; CLOCK_50    ; 0.000        ; 0.000      ; 2.643      ;
; 2.377 ; counter:inst_counter|cnt[2] ; counter:inst_counter|cnt[6] ; CLOCK_50     ; CLOCK_50    ; 0.000        ; 0.000      ; 2.643      ;
; 2.377 ; counter:inst_counter|cnt[2] ; counter:inst_counter|cnt[7] ; CLOCK_50     ; CLOCK_50    ; 0.000        ; 0.000      ; 2.643      ;
; 2.377 ; counter:inst_counter|cnt[2] ; counter:inst_counter|cnt[0] ; CLOCK_50     ; CLOCK_50    ; 0.000        ; 0.000      ; 2.643      ;
; 2.377 ; counter:inst_counter|cnt[2] ; counter:inst_counter|cnt[1] ; CLOCK_50     ; CLOCK_50    ; 0.000        ; 0.000      ; 2.643      ;
+-------+-----------------------------+-----------------------------+--------------+-------------+--------------+------------+------------+


+-----------------------------------------------------------------------------------------------------------------+
; Slow Model Minimum Pulse Width: 'CLOCK_50'                                                                      ;
+--------+--------------+----------------+------------------+----------+------------+-----------------------------+
; Slack  ; Actual Width ; Required Width ; Type             ; Clock    ; Clock Edge ; Target                      ;
+--------+--------------+----------------+------------------+----------+------------+-----------------------------+
; -1.222 ; 1.000        ; 2.222          ; Port Rate        ; CLOCK_50 ; Rise       ; CLOCK_50                    ;
; -0.500 ; 0.500        ; 1.000          ; High Pulse Width ; CLOCK_50 ; Rise       ; counter:inst_counter|cnt[0] ;
; -0.500 ; 0.500        ; 1.000          ; Low Pulse Width  ; CLOCK_50 ; Rise       ; counter:inst_counter|cnt[0] ;
; -0.500 ; 0.500        ; 1.000          ; High Pulse Width ; CLOCK_50 ; Rise       ; counter:inst_counter|cnt[1] ;
; -0.500 ; 0.500        ; 1.000          ; Low Pulse Width  ; CLOCK_50 ; Rise       ; counter:inst_counter|cnt[1] ;
; -0.500 ; 0.500        ; 1.000          ; High Pulse Width ; CLOCK_50 ; Rise       ; counter:inst_counter|cnt[2] ;
; -0.500 ; 0.500        ; 1.000          ; Low Pulse Width  ; CLOCK_50 ; Rise       ; counter:inst_counter|cnt[2] ;
; -0.500 ; 0.500        ; 1.000          ; High Pulse Width ; CLOCK_50 ; Rise       ; counter:inst_counter|cnt[3] ;
; -0.500 ; 0.500        ; 1.000          ; Low Pulse Width  ; CLOCK_50 ; Rise       ; counter:inst_counter|cnt[3] ;
; -0.500 ; 0.500        ; 1.000          ; High Pulse Width ; CLOCK_50 ; Rise       ; counter:inst_counter|cnt[4] ;
; -0.500 ; 0.500        ; 1.000          ; Low Pulse Width  ; CLOCK_50 ; Rise       ; counter:inst_counter|cnt[4] ;
; -0.500 ; 0.500        ; 1.000          ; High Pulse Width ; CLOCK_50 ; Rise       ; counter:inst_counter|cnt[5] ;
; -0.500 ; 0.500        ; 1.000          ; Low Pulse Width  ; CLOCK_50 ; Rise       ; counter:inst_counter|cnt[5] ;
; -0.500 ; 0.500        ; 1.000          ; High Pulse Width ; CLOCK_50 ; Rise       ; counter:inst_counter|cnt[6] ;
; -0.500 ; 0.500        ; 1.000          ; Low Pulse Width  ; CLOCK_50 ; Rise       ; counter:inst_counter|cnt[6] ;
; -0.500 ; 0.500        ; 1.000          ; High Pulse Width ; CLOCK_50 ; Rise       ; counter:inst_counter|cnt[7] ;
; -0.500 ; 0.500        ; 1.000          ; Low Pulse Width  ; CLOCK_50 ; Rise       ; counter:inst_counter|cnt[7] ;
; 0.500  ; 0.500        ; 0.000          ; High Pulse Width ; CLOCK_50 ; Rise       ; CLOCK_50|combout            ;
; 0.500  ; 0.500        ; 0.000          ; Low Pulse Width  ; CLOCK_50 ; Rise       ; CLOCK_50|combout            ;
; 0.500  ; 0.500        ; 0.000          ; High Pulse Width ; CLOCK_50 ; Rise       ; CLOCK_50~clkctrl|inclk[0]   ;
; 0.500  ; 0.500        ; 0.000          ; Low Pulse Width  ; CLOCK_50 ; Rise       ; CLOCK_50~clkctrl|inclk[0]   ;
; 0.500  ; 0.500        ; 0.000          ; High Pulse Width ; CLOCK_50 ; Rise       ; CLOCK_50~clkctrl|outclk     ;
; 0.500  ; 0.500        ; 0.000          ; Low Pulse Width  ; CLOCK_50 ; Rise       ; CLOCK_50~clkctrl|outclk     ;
; 0.500  ; 0.500        ; 0.000          ; High Pulse Width ; CLOCK_50 ; Rise       ; inst_counter|cnt[0]|clk     ;
; 0.500  ; 0.500        ; 0.000          ; Low Pulse Width  ; CLOCK_50 ; Rise       ; inst_counter|cnt[0]|clk     ;
; 0.500  ; 0.500        ; 0.000          ; High Pulse Width ; CLOCK_50 ; Rise       ; inst_counter|cnt[1]|clk     ;
; 0.500  ; 0.500        ; 0.000          ; Low Pulse Width  ; CLOCK_50 ; Rise       ; inst_counter|cnt[1]|clk     ;
; 0.500  ; 0.500        ; 0.000          ; High Pulse Width ; CLOCK_50 ; Rise       ; inst_counter|cnt[2]|clk     ;
; 0.500  ; 0.500        ; 0.000          ; Low Pulse Width  ; CLOCK_50 ; Rise       ; inst_counter|cnt[2]|clk     ;
; 0.500  ; 0.500        ; 0.000          ; High Pulse Width ; CLOCK_50 ; Rise       ; inst_counter|cnt[3]|clk     ;
; 0.500  ; 0.500        ; 0.000          ; Low Pulse Width  ; CLOCK_50 ; Rise       ; inst_counter|cnt[3]|clk     ;
; 0.500  ; 0.500        ; 0.000          ; High Pulse Width ; CLOCK_50 ; Rise       ; inst_counter|cnt[4]|clk     ;
; 0.500  ; 0.500        ; 0.000          ; Low Pulse Width  ; CLOCK_50 ; Rise       ; inst_counter|cnt[4]|clk     ;
; 0.500  ; 0.500        ; 0.000          ; High Pulse Width ; CLOCK_50 ; Rise       ; inst_counter|cnt[5]|clk     ;
; 0.500  ; 0.500        ; 0.000          ; Low Pulse Width  ; CLOCK_50 ; Rise       ; inst_counter|cnt[5]|clk     ;
; 0.500  ; 0.500        ; 0.000          ; High Pulse Width ; CLOCK_50 ; Rise       ; inst_counter|cnt[6]|clk     ;
; 0.500  ; 0.500        ; 0.000          ; Low Pulse Width  ; CLOCK_50 ; Rise       ; inst_counter|cnt[6]|clk     ;
; 0.500  ; 0.500        ; 0.000          ; High Pulse Width ; CLOCK_50 ; Rise       ; inst_counter|cnt[7]|clk     ;
; 0.500  ; 0.500        ; 0.000          ; Low Pulse Width  ; CLOCK_50 ; Rise       ; inst_counter|cnt[7]|clk     ;
+--------+--------------+----------------+------------------+----------+------------+-----------------------------+


+-----------------------------------------------------------------------+
; Clock to Output Times                                                 ;
+-----------+------------+-------+-------+------------+-----------------+
; Data Port ; Clock Port ; Rise  ; Fall  ; Clock Edge ; Clock Reference ;
+-----------+------------+-------+-------+------------+-----------------+
; GPIO_0_0  ; CLOCK_50   ; 7.313 ; 7.313 ; Rise       ; CLOCK_50        ;
+-----------+------------+-------+-------+------------+-----------------+


+-----------------------------------------------------------------------+
; Minimum Clock to Output Times                                         ;
+-----------+------------+-------+-------+------------+-----------------+
; Data Port ; Clock Port ; Rise  ; Fall  ; Clock Edge ; Clock Reference ;
+-----------+------------+-------+-------+------------+-----------------+
; GPIO_0_0  ; CLOCK_50   ; 6.772 ; 6.772 ; Rise       ; CLOCK_50        ;
+-----------+------------+-------+-------+------------+-----------------+


+----------------------------------+
; Fast Model Setup Summary         ;
+----------+-------+---------------+
; Clock    ; Slack ; End Point TNS ;
+----------+-------+---------------+
; CLOCK_50 ; 0.132 ; 0.000         ;
+----------+-------+---------------+


+----------------------------------+
; Fast Model Hold Summary          ;
+----------+-------+---------------+
; Clock    ; Slack ; End Point TNS ;
+----------+-------+---------------+
; CLOCK_50 ; 0.215 ; 0.000         ;
+----------+-------+---------------+


+-----------------------------------+
; Fast Model Recovery Summary       ;
+----------+--------+---------------+
; Clock    ; Slack  ; End Point TNS ;
+----------+--------+---------------+
; CLOCK_50 ; -0.306 ; -2.448        ;
+----------+--------+---------------+


+----------------------------------+
; Fast Model Removal Summary       ;
+----------+-------+---------------+
; Clock    ; Slack ; End Point TNS ;
+----------+-------+---------------+
; CLOCK_50 ; 0.920 ; 0.000         ;
+----------+-------+---------------+


+----------------------------------------+
; Fast Model Minimum Pulse Width Summary ;
+----------+--------+--------------------+
; Clock    ; Slack  ; End Point TNS      ;
+----------+--------+--------------------+
; CLOCK_50 ; -1.222 ; -9.222             ;
+----------+--------+--------------------+


+-----------------------------------------------------------------------------------------------------------------------------------------+
; Fast Model Setup: 'CLOCK_50'                                                                                                            ;
+-------+-----------------------------+-----------------------------+--------------+-------------+--------------+------------+------------+
; Slack ; From Node                   ; To Node                     ; Launch Clock ; Latch Clock ; Relationship ; Clock Skew ; Data Delay ;
+-------+-----------------------------+-----------------------------+--------------+-------------+--------------+------------+------------+
; 0.132 ; counter:inst_counter|cnt[1] ; counter:inst_counter|cnt[7] ; CLOCK_50     ; CLOCK_50    ; 1.000        ; 0.000      ; 0.900      ;
; 0.145 ; counter:inst_counter|cnt[0] ; counter:inst_counter|cnt[7] ; CLOCK_50     ; CLOCK_50    ; 1.000        ; 0.000      ; 0.887      ;
; 0.167 ; counter:inst_counter|cnt[1] ; counter:inst_counter|cnt[6] ; CLOCK_50     ; CLOCK_50    ; 1.000        ; 0.000      ; 0.865      ;
; 0.167 ; counter:inst_counter|cnt[2] ; counter:inst_counter|cnt[7] ; CLOCK_50     ; CLOCK_50    ; 1.000        ; 0.000      ; 0.865      ;
; 0.180 ; counter:inst_counter|cnt[0] ; counter:inst_counter|cnt[6] ; CLOCK_50     ; CLOCK_50    ; 1.000        ; 0.000      ; 0.852      ;
; 0.202 ; counter:inst_counter|cnt[1] ; counter:inst_counter|cnt[5] ; CLOCK_50     ; CLOCK_50    ; 1.000        ; 0.000      ; 0.830      ;
; 0.202 ; counter:inst_counter|cnt[2] ; counter:inst_counter|cnt[6] ; CLOCK_50     ; CLOCK_50    ; 1.000        ; 0.000      ; 0.830      ;
; 0.215 ; counter:inst_counter|cnt[0] ; counter:inst_counter|cnt[5] ; CLOCK_50     ; CLOCK_50    ; 1.000        ; 0.000      ; 0.817      ;
; 0.218 ; counter:inst_counter|cnt[3] ; counter:inst_counter|cnt[7] ; CLOCK_50     ; CLOCK_50    ; 1.000        ; 0.000      ; 0.814      ;
; 0.237 ; counter:inst_counter|cnt[1] ; counter:inst_counter|cnt[4] ; CLOCK_50     ; CLOCK_50    ; 1.000        ; 0.000      ; 0.795      ;
; 0.237 ; counter:inst_counter|cnt[2] ; counter:inst_counter|cnt[5] ; CLOCK_50     ; CLOCK_50    ; 1.000        ; 0.000      ; 0.795      ;
; 0.250 ; counter:inst_counter|cnt[0] ; counter:inst_counter|cnt[4] ; CLOCK_50     ; CLOCK_50    ; 1.000        ; 0.000      ; 0.782      ;
; 0.253 ; counter:inst_counter|cnt[3] ; counter:inst_counter|cnt[6] ; CLOCK_50     ; CLOCK_50    ; 1.000        ; 0.000      ; 0.779      ;
; 0.272 ; counter:inst_counter|cnt[2] ; counter:inst_counter|cnt[4] ; CLOCK_50     ; CLOCK_50    ; 1.000        ; 0.000      ; 0.760      ;
; 0.288 ; counter:inst_counter|cnt[3] ; counter:inst_counter|cnt[5] ; CLOCK_50     ; CLOCK_50    ; 1.000        ; 0.000      ; 0.744      ;
; 0.300 ; counter:inst_counter|cnt[4] ; counter:inst_counter|cnt[7] ; CLOCK_50     ; CLOCK_50    ; 1.000        ; 0.000      ; 0.732      ;
; 0.306 ; counter:inst_counter|cnt[6] ; counter:inst_counter|cnt[7] ; CLOCK_50     ; CLOCK_50    ; 1.000        ; 0.000      ; 0.726      ;
; 0.323 ; counter:inst_counter|cnt[3] ; counter:inst_counter|cnt[4] ; CLOCK_50     ; CLOCK_50    ; 1.000        ; 0.000      ; 0.709      ;
; 0.331 ; counter:inst_counter|cnt[1] ; counter:inst_counter|cnt[3] ; CLOCK_50     ; CLOCK_50    ; 1.000        ; 0.000      ; 0.701      ;
; 0.335 ; counter:inst_counter|cnt[4] ; counter:inst_counter|cnt[6] ; CLOCK_50     ; CLOCK_50    ; 1.000        ; 0.000      ; 0.697      ;
; 0.343 ; counter:inst_counter|cnt[5] ; counter:inst_counter|cnt[7] ; CLOCK_50     ; CLOCK_50    ; 1.000        ; 0.000      ; 0.689      ;
; 0.344 ; counter:inst_counter|cnt[0] ; counter:inst_counter|cnt[3] ; CLOCK_50     ; CLOCK_50    ; 1.000        ; 0.000      ; 0.688      ;
; 0.366 ; counter:inst_counter|cnt[1] ; counter:inst_counter|cnt[2] ; CLOCK_50     ; CLOCK_50    ; 1.000        ; 0.000      ; 0.666      ;
; 0.366 ; counter:inst_counter|cnt[2] ; counter:inst_counter|cnt[3] ; CLOCK_50     ; CLOCK_50    ; 1.000        ; 0.000      ; 0.666      ;
; 0.370 ; counter:inst_counter|cnt[4] ; counter:inst_counter|cnt[5] ; CLOCK_50     ; CLOCK_50    ; 1.000        ; 0.000      ; 0.662      ;
; 0.378 ; counter:inst_counter|cnt[5] ; counter:inst_counter|cnt[6] ; CLOCK_50     ; CLOCK_50    ; 1.000        ; 0.000      ; 0.654      ;
; 0.379 ; counter:inst_counter|cnt[0] ; counter:inst_counter|cnt[2] ; CLOCK_50     ; CLOCK_50    ; 1.000        ; 0.000      ; 0.653      ;
; 0.444 ; counter:inst_counter|cnt[6] ; counter:inst_counter|cnt[6] ; CLOCK_50     ; CLOCK_50    ; 1.000        ; 0.000      ; 0.588      ;
; 0.506 ; counter:inst_counter|cnt[1] ; counter:inst_counter|cnt[1] ; CLOCK_50     ; CLOCK_50    ; 1.000        ; 0.000      ; 0.526      ;
; 0.506 ; counter:inst_counter|cnt[2] ; counter:inst_counter|cnt[2] ; CLOCK_50     ; CLOCK_50    ; 1.000        ; 0.000      ; 0.526      ;
; 0.510 ; counter:inst_counter|cnt[4] ; counter:inst_counter|cnt[4] ; CLOCK_50     ; CLOCK_50    ; 1.000        ; 0.000      ; 0.522      ;
; 0.514 ; counter:inst_counter|cnt[0] ; counter:inst_counter|cnt[1] ; CLOCK_50     ; CLOCK_50    ; 1.000        ; 0.000      ; 0.518      ;
; 0.516 ; counter:inst_counter|cnt[5] ; counter:inst_counter|cnt[5] ; CLOCK_50     ; CLOCK_50    ; 1.000        ; 0.000      ; 0.516      ;
; 0.516 ; counter:inst_counter|cnt[3] ; counter:inst_counter|cnt[3] ; CLOCK_50     ; CLOCK_50    ; 1.000        ; 0.000      ; 0.516      ;
; 0.633 ; counter:inst_counter|cnt[7] ; counter:inst_counter|cnt[7] ; CLOCK_50     ; CLOCK_50    ; 1.000        ; 0.000      ; 0.399      ;
; 0.665 ; counter:inst_counter|cnt[0] ; counter:inst_counter|cnt[0] ; CLOCK_50     ; CLOCK_50    ; 1.000        ; 0.000      ; 0.367      ;
+-------+-----------------------------+-----------------------------+--------------+-------------+--------------+------------+------------+


+-----------------------------------------------------------------------------------------------------------------------------------------+
; Fast Model Hold: 'CLOCK_50'                                                                                                             ;
+-------+-----------------------------+-----------------------------+--------------+-------------+--------------+------------+------------+
; Slack ; From Node                   ; To Node                     ; Launch Clock ; Latch Clock ; Relationship ; Clock Skew ; Data Delay ;
+-------+-----------------------------+-----------------------------+--------------+-------------+--------------+------------+------------+
; 0.215 ; counter:inst_counter|cnt[0] ; counter:inst_counter|cnt[0] ; CLOCK_50     ; CLOCK_50    ; 0.000        ; 0.000      ; 0.367      ;
; 0.247 ; counter:inst_counter|cnt[7] ; counter:inst_counter|cnt[7] ; CLOCK_50     ; CLOCK_50    ; 0.000        ; 0.000      ; 0.399      ;
; 0.364 ; counter:inst_counter|cnt[3] ; counter:inst_counter|cnt[3] ; CLOCK_50     ; CLOCK_50    ; 0.000        ; 0.000      ; 0.516      ;
; 0.364 ; counter:inst_counter|cnt[5] ; counter:inst_counter|cnt[5] ; CLOCK_50     ; CLOCK_50    ; 0.000        ; 0.000      ; 0.516      ;
; 0.366 ; counter:inst_counter|cnt[0] ; counter:inst_counter|cnt[1] ; CLOCK_50     ; CLOCK_50    ; 0.000        ; 0.000      ; 0.518      ;
; 0.370 ; counter:inst_counter|cnt[4] ; counter:inst_counter|cnt[4] ; CLOCK_50     ; CLOCK_50    ; 0.000        ; 0.000      ; 0.522      ;
; 0.374 ; counter:inst_counter|cnt[2] ; counter:inst_counter|cnt[2] ; CLOCK_50     ; CLOCK_50    ; 0.000        ; 0.000      ; 0.526      ;
; 0.374 ; counter:inst_counter|cnt[1] ; counter:inst_counter|cnt[1] ; CLOCK_50     ; CLOCK_50    ; 0.000        ; 0.000      ; 0.526      ;
; 0.436 ; counter:inst_counter|cnt[6] ; counter:inst_counter|cnt[6] ; CLOCK_50     ; CLOCK_50    ; 0.000        ; 0.000      ; 0.588      ;
; 0.501 ; counter:inst_counter|cnt[0] ; counter:inst_counter|cnt[2] ; CLOCK_50     ; CLOCK_50    ; 0.000        ; 0.000      ; 0.653      ;
; 0.502 ; counter:inst_counter|cnt[5] ; counter:inst_counter|cnt[6] ; CLOCK_50     ; CLOCK_50    ; 0.000        ; 0.000      ; 0.654      ;
; 0.510 ; counter:inst_counter|cnt[4] ; counter:inst_counter|cnt[5] ; CLOCK_50     ; CLOCK_50    ; 0.000        ; 0.000      ; 0.662      ;
; 0.514 ; counter:inst_counter|cnt[2] ; counter:inst_counter|cnt[3] ; CLOCK_50     ; CLOCK_50    ; 0.000        ; 0.000      ; 0.666      ;
; 0.514 ; counter:inst_counter|cnt[1] ; counter:inst_counter|cnt[2] ; CLOCK_50     ; CLOCK_50    ; 0.000        ; 0.000      ; 0.666      ;
; 0.536 ; counter:inst_counter|cnt[0] ; counter:inst_counter|cnt[3] ; CLOCK_50     ; CLOCK_50    ; 0.000        ; 0.000      ; 0.688      ;
; 0.537 ; counter:inst_counter|cnt[5] ; counter:inst_counter|cnt[7] ; CLOCK_50     ; CLOCK_50    ; 0.000        ; 0.000      ; 0.689      ;
; 0.545 ; counter:inst_counter|cnt[4] ; counter:inst_counter|cnt[6] ; CLOCK_50     ; CLOCK_50    ; 0.000        ; 0.000      ; 0.697      ;
; 0.549 ; counter:inst_counter|cnt[1] ; counter:inst_counter|cnt[3] ; CLOCK_50     ; CLOCK_50    ; 0.000        ; 0.000      ; 0.701      ;
; 0.557 ; counter:inst_counter|cnt[3] ; counter:inst_counter|cnt[4] ; CLOCK_50     ; CLOCK_50    ; 0.000        ; 0.000      ; 0.709      ;
; 0.574 ; counter:inst_counter|cnt[6] ; counter:inst_counter|cnt[7] ; CLOCK_50     ; CLOCK_50    ; 0.000        ; 0.000      ; 0.726      ;
; 0.580 ; counter:inst_counter|cnt[4] ; counter:inst_counter|cnt[7] ; CLOCK_50     ; CLOCK_50    ; 0.000        ; 0.000      ; 0.732      ;
; 0.592 ; counter:inst_counter|cnt[3] ; counter:inst_counter|cnt[5] ; CLOCK_50     ; CLOCK_50    ; 0.000        ; 0.000      ; 0.744      ;
; 0.608 ; counter:inst_counter|cnt[2] ; counter:inst_counter|cnt[4] ; CLOCK_50     ; CLOCK_50    ; 0.000        ; 0.000      ; 0.760      ;
; 0.627 ; counter:inst_counter|cnt[3] ; counter:inst_counter|cnt[6] ; CLOCK_50     ; CLOCK_50    ; 0.000        ; 0.000      ; 0.779      ;
; 0.630 ; counter:inst_counter|cnt[0] ; counter:inst_counter|cnt[4] ; CLOCK_50     ; CLOCK_50    ; 0.000        ; 0.000      ; 0.782      ;
; 0.643 ; counter:inst_counter|cnt[2] ; counter:inst_counter|cnt[5] ; CLOCK_50     ; CLOCK_50    ; 0.000        ; 0.000      ; 0.795      ;
; 0.643 ; counter:inst_counter|cnt[1] ; counter:inst_counter|cnt[4] ; CLOCK_50     ; CLOCK_50    ; 0.000        ; 0.000      ; 0.795      ;
; 0.662 ; counter:inst_counter|cnt[3] ; counter:inst_counter|cnt[7] ; CLOCK_50     ; CLOCK_50    ; 0.000        ; 0.000      ; 0.814      ;
; 0.665 ; counter:inst_counter|cnt[0] ; counter:inst_counter|cnt[5] ; CLOCK_50     ; CLOCK_50    ; 0.000        ; 0.000      ; 0.817      ;
; 0.678 ; counter:inst_counter|cnt[2] ; counter:inst_counter|cnt[6] ; CLOCK_50     ; CLOCK_50    ; 0.000        ; 0.000      ; 0.830      ;
; 0.678 ; counter:inst_counter|cnt[1] ; counter:inst_counter|cnt[5] ; CLOCK_50     ; CLOCK_50    ; 0.000        ; 0.000      ; 0.830      ;
; 0.700 ; counter:inst_counter|cnt[0] ; counter:inst_counter|cnt[6] ; CLOCK_50     ; CLOCK_50    ; 0.000        ; 0.000      ; 0.852      ;
; 0.713 ; counter:inst_counter|cnt[2] ; counter:inst_counter|cnt[7] ; CLOCK_50     ; CLOCK_50    ; 0.000        ; 0.000      ; 0.865      ;
; 0.713 ; counter:inst_counter|cnt[1] ; counter:inst_counter|cnt[6] ; CLOCK_50     ; CLOCK_50    ; 0.000        ; 0.000      ; 0.865      ;
; 0.735 ; counter:inst_counter|cnt[0] ; counter:inst_counter|cnt[7] ; CLOCK_50     ; CLOCK_50    ; 0.000        ; 0.000      ; 0.887      ;
; 0.748 ; counter:inst_counter|cnt[1] ; counter:inst_counter|cnt[7] ; CLOCK_50     ; CLOCK_50    ; 0.000        ; 0.000      ; 0.900      ;
+-------+-----------------------------+-----------------------------+--------------+-------------+--------------+------------+------------+


+------------------------------------------------------------------------------------------------------------------------------------------+
; Fast Model Recovery: 'CLOCK_50'                                                                                                          ;
+--------+-----------------------------+-----------------------------+--------------+-------------+--------------+------------+------------+
; Slack  ; From Node                   ; To Node                     ; Launch Clock ; Latch Clock ; Relationship ; Clock Skew ; Data Delay ;
+--------+-----------------------------+-----------------------------+--------------+-------------+--------------+------------+------------+
; -0.306 ; counter:inst_counter|cnt[2] ; counter:inst_counter|cnt[2] ; CLOCK_50     ; CLOCK_50    ; 1.000        ; 0.000      ; 1.338      ;
; -0.306 ; counter:inst_counter|cnt[2] ; counter:inst_counter|cnt[3] ; CLOCK_50     ; CLOCK_50    ; 1.000        ; 0.000      ; 1.338      ;
; -0.306 ; counter:inst_counter|cnt[2] ; counter:inst_counter|cnt[4] ; CLOCK_50     ; CLOCK_50    ; 1.000        ; 0.000      ; 1.338      ;
; -0.306 ; counter:inst_counter|cnt[2] ; counter:inst_counter|cnt[5] ; CLOCK_50     ; CLOCK_50    ; 1.000        ; 0.000      ; 1.338      ;
; -0.306 ; counter:inst_counter|cnt[2] ; counter:inst_counter|cnt[6] ; CLOCK_50     ; CLOCK_50    ; 1.000        ; 0.000      ; 1.338      ;
; -0.306 ; counter:inst_counter|cnt[2] ; counter:inst_counter|cnt[7] ; CLOCK_50     ; CLOCK_50    ; 1.000        ; 0.000      ; 1.338      ;
; -0.306 ; counter:inst_counter|cnt[2] ; counter:inst_counter|cnt[0] ; CLOCK_50     ; CLOCK_50    ; 1.000        ; 0.000      ; 1.338      ;
; -0.306 ; counter:inst_counter|cnt[2] ; counter:inst_counter|cnt[1] ; CLOCK_50     ; CLOCK_50    ; 1.000        ; 0.000      ; 1.338      ;
; -0.290 ; counter:inst_counter|cnt[0] ; counter:inst_counter|cnt[2] ; CLOCK_50     ; CLOCK_50    ; 1.000        ; 0.000      ; 1.322      ;
; -0.290 ; counter:inst_counter|cnt[0] ; counter:inst_counter|cnt[3] ; CLOCK_50     ; CLOCK_50    ; 1.000        ; 0.000      ; 1.322      ;
; -0.290 ; counter:inst_counter|cnt[0] ; counter:inst_counter|cnt[4] ; CLOCK_50     ; CLOCK_50    ; 1.000        ; 0.000      ; 1.322      ;
; -0.290 ; counter:inst_counter|cnt[0] ; counter:inst_counter|cnt[5] ; CLOCK_50     ; CLOCK_50    ; 1.000        ; 0.000      ; 1.322      ;
; -0.290 ; counter:inst_counter|cnt[0] ; counter:inst_counter|cnt[6] ; CLOCK_50     ; CLOCK_50    ; 1.000        ; 0.000      ; 1.322      ;
; -0.290 ; counter:inst_counter|cnt[0] ; counter:inst_counter|cnt[7] ; CLOCK_50     ; CLOCK_50    ; 1.000        ; 0.000      ; 1.322      ;
; -0.290 ; counter:inst_counter|cnt[0] ; counter:inst_counter|cnt[0] ; CLOCK_50     ; CLOCK_50    ; 1.000        ; 0.000      ; 1.322      ;
; -0.290 ; counter:inst_counter|cnt[0] ; counter:inst_counter|cnt[1] ; CLOCK_50     ; CLOCK_50    ; 1.000        ; 0.000      ; 1.322      ;
; -0.246 ; counter:inst_counter|cnt[3] ; counter:inst_counter|cnt[2] ; CLOCK_50     ; CLOCK_50    ; 1.000        ; 0.000      ; 1.278      ;
; -0.246 ; counter:inst_counter|cnt[3] ; counter:inst_counter|cnt[3] ; CLOCK_50     ; CLOCK_50    ; 1.000        ; 0.000      ; 1.278      ;
; -0.246 ; counter:inst_counter|cnt[3] ; counter:inst_counter|cnt[4] ; CLOCK_50     ; CLOCK_50    ; 1.000        ; 0.000      ; 1.278      ;
; -0.246 ; counter:inst_counter|cnt[3] ; counter:inst_counter|cnt[5] ; CLOCK_50     ; CLOCK_50    ; 1.000        ; 0.000      ; 1.278      ;
; -0.246 ; counter:inst_counter|cnt[3] ; counter:inst_counter|cnt[6] ; CLOCK_50     ; CLOCK_50    ; 1.000        ; 0.000      ; 1.278      ;
; -0.246 ; counter:inst_counter|cnt[3] ; counter:inst_counter|cnt[7] ; CLOCK_50     ; CLOCK_50    ; 1.000        ; 0.000      ; 1.278      ;
; -0.246 ; counter:inst_counter|cnt[3] ; counter:inst_counter|cnt[0] ; CLOCK_50     ; CLOCK_50    ; 1.000        ; 0.000      ; 1.278      ;
; -0.246 ; counter:inst_counter|cnt[3] ; counter:inst_counter|cnt[1] ; CLOCK_50     ; CLOCK_50    ; 1.000        ; 0.000      ; 1.278      ;
; -0.171 ; counter:inst_counter|cnt[4] ; counter:inst_counter|cnt[2] ; CLOCK_50     ; CLOCK_50    ; 1.000        ; 0.000      ; 1.203      ;
; -0.171 ; counter:inst_counter|cnt[4] ; counter:inst_counter|cnt[3] ; CLOCK_50     ; CLOCK_50    ; 1.000        ; 0.000      ; 1.203      ;
; -0.171 ; counter:inst_counter|cnt[4] ; counter:inst_counter|cnt[4] ; CLOCK_50     ; CLOCK_50    ; 1.000        ; 0.000      ; 1.203      ;
; -0.171 ; counter:inst_counter|cnt[4] ; counter:inst_counter|cnt[5] ; CLOCK_50     ; CLOCK_50    ; 1.000        ; 0.000      ; 1.203      ;
; -0.171 ; counter:inst_counter|cnt[4] ; counter:inst_counter|cnt[6] ; CLOCK_50     ; CLOCK_50    ; 1.000        ; 0.000      ; 1.203      ;
; -0.171 ; counter:inst_counter|cnt[4] ; counter:inst_counter|cnt[7] ; CLOCK_50     ; CLOCK_50    ; 1.000        ; 0.000      ; 1.203      ;
; -0.171 ; counter:inst_counter|cnt[4] ; counter:inst_counter|cnt[0] ; CLOCK_50     ; CLOCK_50    ; 1.000        ; 0.000      ; 1.203      ;
; -0.171 ; counter:inst_counter|cnt[4] ; counter:inst_counter|cnt[1] ; CLOCK_50     ; CLOCK_50    ; 1.000        ; 0.000      ; 1.203      ;
; -0.169 ; counter:inst_counter|cnt[1] ; counter:inst_counter|cnt[2] ; CLOCK_50     ; CLOCK_50    ; 1.000        ; 0.000      ; 1.201      ;
; -0.169 ; counter:inst_counter|cnt[1] ; counter:inst_counter|cnt[3] ; CLOCK_50     ; CLOCK_50    ; 1.000        ; 0.000      ; 1.201      ;
; -0.169 ; counter:inst_counter|cnt[1] ; counter:inst_counter|cnt[4] ; CLOCK_50     ; CLOCK_50    ; 1.000        ; 0.000      ; 1.201      ;
; -0.169 ; counter:inst_counter|cnt[1] ; counter:inst_counter|cnt[5] ; CLOCK_50     ; CLOCK_50    ; 1.000        ; 0.000      ; 1.201      ;
; -0.169 ; counter:inst_counter|cnt[1] ; counter:inst_counter|cnt[6] ; CLOCK_50     ; CLOCK_50    ; 1.000        ; 0.000      ; 1.201      ;
; -0.169 ; counter:inst_counter|cnt[1] ; counter:inst_counter|cnt[7] ; CLOCK_50     ; CLOCK_50    ; 1.000        ; 0.000      ; 1.201      ;
; -0.169 ; counter:inst_counter|cnt[1] ; counter:inst_counter|cnt[0] ; CLOCK_50     ; CLOCK_50    ; 1.000        ; 0.000      ; 1.201      ;
; -0.169 ; counter:inst_counter|cnt[1] ; counter:inst_counter|cnt[1] ; CLOCK_50     ; CLOCK_50    ; 1.000        ; 0.000      ; 1.201      ;
; -0.161 ; counter:inst_counter|cnt[5] ; counter:inst_counter|cnt[2] ; CLOCK_50     ; CLOCK_50    ; 1.000        ; 0.000      ; 1.193      ;
; -0.161 ; counter:inst_counter|cnt[5] ; counter:inst_counter|cnt[3] ; CLOCK_50     ; CLOCK_50    ; 1.000        ; 0.000      ; 1.193      ;
; -0.161 ; counter:inst_counter|cnt[5] ; counter:inst_counter|cnt[4] ; CLOCK_50     ; CLOCK_50    ; 1.000        ; 0.000      ; 1.193      ;
; -0.161 ; counter:inst_counter|cnt[5] ; counter:inst_counter|cnt[5] ; CLOCK_50     ; CLOCK_50    ; 1.000        ; 0.000      ; 1.193      ;
; -0.161 ; counter:inst_counter|cnt[5] ; counter:inst_counter|cnt[6] ; CLOCK_50     ; CLOCK_50    ; 1.000        ; 0.000      ; 1.193      ;
; -0.161 ; counter:inst_counter|cnt[5] ; counter:inst_counter|cnt[7] ; CLOCK_50     ; CLOCK_50    ; 1.000        ; 0.000      ; 1.193      ;
; -0.161 ; counter:inst_counter|cnt[5] ; counter:inst_counter|cnt[0] ; CLOCK_50     ; CLOCK_50    ; 1.000        ; 0.000      ; 1.193      ;
; -0.161 ; counter:inst_counter|cnt[5] ; counter:inst_counter|cnt[1] ; CLOCK_50     ; CLOCK_50    ; 1.000        ; 0.000      ; 1.193      ;
; -0.085 ; counter:inst_counter|cnt[6] ; counter:inst_counter|cnt[2] ; CLOCK_50     ; CLOCK_50    ; 1.000        ; 0.000      ; 1.117      ;
; -0.085 ; counter:inst_counter|cnt[6] ; counter:inst_counter|cnt[3] ; CLOCK_50     ; CLOCK_50    ; 1.000        ; 0.000      ; 1.117      ;
; -0.085 ; counter:inst_counter|cnt[6] ; counter:inst_counter|cnt[4] ; CLOCK_50     ; CLOCK_50    ; 1.000        ; 0.000      ; 1.117      ;
; -0.085 ; counter:inst_counter|cnt[6] ; counter:inst_counter|cnt[5] ; CLOCK_50     ; CLOCK_50    ; 1.000        ; 0.000      ; 1.117      ;
; -0.085 ; counter:inst_counter|cnt[6] ; counter:inst_counter|cnt[6] ; CLOCK_50     ; CLOCK_50    ; 1.000        ; 0.000      ; 1.117      ;
; -0.085 ; counter:inst_counter|cnt[6] ; counter:inst_counter|cnt[7] ; CLOCK_50     ; CLOCK_50    ; 1.000        ; 0.000      ; 1.117      ;
; -0.085 ; counter:inst_counter|cnt[6] ; counter:inst_counter|cnt[0] ; CLOCK_50     ; CLOCK_50    ; 1.000        ; 0.000      ; 1.117      ;
; -0.085 ; counter:inst_counter|cnt[6] ; counter:inst_counter|cnt[1] ; CLOCK_50     ; CLOCK_50    ; 1.000        ; 0.000      ; 1.117      ;
; -0.040 ; counter:inst_counter|cnt[7] ; counter:inst_counter|cnt[2] ; CLOCK_50     ; CLOCK_50    ; 1.000        ; 0.000      ; 1.072      ;
; -0.040 ; counter:inst_counter|cnt[7] ; counter:inst_counter|cnt[3] ; CLOCK_50     ; CLOCK_50    ; 1.000        ; 0.000      ; 1.072      ;
; -0.040 ; counter:inst_counter|cnt[7] ; counter:inst_counter|cnt[4] ; CLOCK_50     ; CLOCK_50    ; 1.000        ; 0.000      ; 1.072      ;
; -0.040 ; counter:inst_counter|cnt[7] ; counter:inst_counter|cnt[5] ; CLOCK_50     ; CLOCK_50    ; 1.000        ; 0.000      ; 1.072      ;
; -0.040 ; counter:inst_counter|cnt[7] ; counter:inst_counter|cnt[6] ; CLOCK_50     ; CLOCK_50    ; 1.000        ; 0.000      ; 1.072      ;
; -0.040 ; counter:inst_counter|cnt[7] ; counter:inst_counter|cnt[7] ; CLOCK_50     ; CLOCK_50    ; 1.000        ; 0.000      ; 1.072      ;
; -0.040 ; counter:inst_counter|cnt[7] ; counter:inst_counter|cnt[0] ; CLOCK_50     ; CLOCK_50    ; 1.000        ; 0.000      ; 1.072      ;
; -0.040 ; counter:inst_counter|cnt[7] ; counter:inst_counter|cnt[1] ; CLOCK_50     ; CLOCK_50    ; 1.000        ; 0.000      ; 1.072      ;
+--------+-----------------------------+-----------------------------+--------------+-------------+--------------+------------+------------+


+-----------------------------------------------------------------------------------------------------------------------------------------+
; Fast Model Removal: 'CLOCK_50'                                                                                                          ;
+-------+-----------------------------+-----------------------------+--------------+-------------+--------------+------------+------------+
; Slack ; From Node                   ; To Node                     ; Launch Clock ; Latch Clock ; Relationship ; Clock Skew ; Data Delay ;
+-------+-----------------------------+-----------------------------+--------------+-------------+--------------+------------+------------+
; 0.920 ; counter:inst_counter|cnt[7] ; counter:inst_counter|cnt[2] ; CLOCK_50     ; CLOCK_50    ; 0.000        ; 0.000      ; 1.072      ;
; 0.920 ; counter:inst_counter|cnt[7] ; counter:inst_counter|cnt[3] ; CLOCK_50     ; CLOCK_50    ; 0.000        ; 0.000      ; 1.072      ;
; 0.920 ; counter:inst_counter|cnt[7] ; counter:inst_counter|cnt[4] ; CLOCK_50     ; CLOCK_50    ; 0.000        ; 0.000      ; 1.072      ;
; 0.920 ; counter:inst_counter|cnt[7] ; counter:inst_counter|cnt[5] ; CLOCK_50     ; CLOCK_50    ; 0.000        ; 0.000      ; 1.072      ;
; 0.920 ; counter:inst_counter|cnt[7] ; counter:inst_counter|cnt[6] ; CLOCK_50     ; CLOCK_50    ; 0.000        ; 0.000      ; 1.072      ;
; 0.920 ; counter:inst_counter|cnt[7] ; counter:inst_counter|cnt[7] ; CLOCK_50     ; CLOCK_50    ; 0.000        ; 0.000      ; 1.072      ;
; 0.920 ; counter:inst_counter|cnt[7] ; counter:inst_counter|cnt[0] ; CLOCK_50     ; CLOCK_50    ; 0.000        ; 0.000      ; 1.072      ;
; 0.920 ; counter:inst_counter|cnt[7] ; counter:inst_counter|cnt[1] ; CLOCK_50     ; CLOCK_50    ; 0.000        ; 0.000      ; 1.072      ;
; 0.965 ; counter:inst_counter|cnt[6] ; counter:inst_counter|cnt[2] ; CLOCK_50     ; CLOCK_50    ; 0.000        ; 0.000      ; 1.117      ;
; 0.965 ; counter:inst_counter|cnt[6] ; counter:inst_counter|cnt[3] ; CLOCK_50     ; CLOCK_50    ; 0.000        ; 0.000      ; 1.117      ;
; 0.965 ; counter:inst_counter|cnt[6] ; counter:inst_counter|cnt[4] ; CLOCK_50     ; CLOCK_50    ; 0.000        ; 0.000      ; 1.117      ;
; 0.965 ; counter:inst_counter|cnt[6] ; counter:inst_counter|cnt[5] ; CLOCK_50     ; CLOCK_50    ; 0.000        ; 0.000      ; 1.117      ;
; 0.965 ; counter:inst_counter|cnt[6] ; counter:inst_counter|cnt[6] ; CLOCK_50     ; CLOCK_50    ; 0.000        ; 0.000      ; 1.117      ;
; 0.965 ; counter:inst_counter|cnt[6] ; counter:inst_counter|cnt[7] ; CLOCK_50     ; CLOCK_50    ; 0.000        ; 0.000      ; 1.117      ;
; 0.965 ; counter:inst_counter|cnt[6] ; counter:inst_counter|cnt[0] ; CLOCK_50     ; CLOCK_50    ; 0.000        ; 0.000      ; 1.117      ;
; 0.965 ; counter:inst_counter|cnt[6] ; counter:inst_counter|cnt[1] ; CLOCK_50     ; CLOCK_50    ; 0.000        ; 0.000      ; 1.117      ;
; 1.041 ; counter:inst_counter|cnt[5] ; counter:inst_counter|cnt[2] ; CLOCK_50     ; CLOCK_50    ; 0.000        ; 0.000      ; 1.193      ;
; 1.041 ; counter:inst_counter|cnt[5] ; counter:inst_counter|cnt[3] ; CLOCK_50     ; CLOCK_50    ; 0.000        ; 0.000      ; 1.193      ;
; 1.041 ; counter:inst_counter|cnt[5] ; counter:inst_counter|cnt[4] ; CLOCK_50     ; CLOCK_50    ; 0.000        ; 0.000      ; 1.193      ;
; 1.041 ; counter:inst_counter|cnt[5] ; counter:inst_counter|cnt[5] ; CLOCK_50     ; CLOCK_50    ; 0.000        ; 0.000      ; 1.193      ;
; 1.041 ; counter:inst_counter|cnt[5] ; counter:inst_counter|cnt[6] ; CLOCK_50     ; CLOCK_50    ; 0.000        ; 0.000      ; 1.193      ;
; 1.041 ; counter:inst_counter|cnt[5] ; counter:inst_counter|cnt[7] ; CLOCK_50     ; CLOCK_50    ; 0.000        ; 0.000      ; 1.193      ;
; 1.041 ; counter:inst_counter|cnt[5] ; counter:inst_counter|cnt[0] ; CLOCK_50     ; CLOCK_50    ; 0.000        ; 0.000      ; 1.193      ;
; 1.041 ; counter:inst_counter|cnt[5] ; counter:inst_counter|cnt[1] ; CLOCK_50     ; CLOCK_50    ; 0.000        ; 0.000      ; 1.193      ;
; 1.049 ; counter:inst_counter|cnt[1] ; counter:inst_counter|cnt[2] ; CLOCK_50     ; CLOCK_50    ; 0.000        ; 0.000      ; 1.201      ;
; 1.049 ; counter:inst_counter|cnt[1] ; counter:inst_counter|cnt[3] ; CLOCK_50     ; CLOCK_50    ; 0.000        ; 0.000      ; 1.201      ;
; 1.049 ; counter:inst_counter|cnt[1] ; counter:inst_counter|cnt[4] ; CLOCK_50     ; CLOCK_50    ; 0.000        ; 0.000      ; 1.201      ;
; 1.049 ; counter:inst_counter|cnt[1] ; counter:inst_counter|cnt[5] ; CLOCK_50     ; CLOCK_50    ; 0.000        ; 0.000      ; 1.201      ;
; 1.049 ; counter:inst_counter|cnt[1] ; counter:inst_counter|cnt[6] ; CLOCK_50     ; CLOCK_50    ; 0.000        ; 0.000      ; 1.201      ;
; 1.049 ; counter:inst_counter|cnt[1] ; counter:inst_counter|cnt[7] ; CLOCK_50     ; CLOCK_50    ; 0.000        ; 0.000      ; 1.201      ;
; 1.049 ; counter:inst_counter|cnt[1] ; counter:inst_counter|cnt[0] ; CLOCK_50     ; CLOCK_50    ; 0.000        ; 0.000      ; 1.201      ;
; 1.049 ; counter:inst_counter|cnt[1] ; counter:inst_counter|cnt[1] ; CLOCK_50     ; CLOCK_50    ; 0.000        ; 0.000      ; 1.201      ;
; 1.051 ; counter:inst_counter|cnt[4] ; counter:inst_counter|cnt[2] ; CLOCK_50     ; CLOCK_50    ; 0.000        ; 0.000      ; 1.203      ;
; 1.051 ; counter:inst_counter|cnt[4] ; counter:inst_counter|cnt[3] ; CLOCK_50     ; CLOCK_50    ; 0.000        ; 0.000      ; 1.203      ;
; 1.051 ; counter:inst_counter|cnt[4] ; counter:inst_counter|cnt[4] ; CLOCK_50     ; CLOCK_50    ; 0.000        ; 0.000      ; 1.203      ;
; 1.051 ; counter:inst_counter|cnt[4] ; counter:inst_counter|cnt[5] ; CLOCK_50     ; CLOCK_50    ; 0.000        ; 0.000      ; 1.203      ;
; 1.051 ; counter:inst_counter|cnt[4] ; counter:inst_counter|cnt[6] ; CLOCK_50     ; CLOCK_50    ; 0.000        ; 0.000      ; 1.203      ;
; 1.051 ; counter:inst_counter|cnt[4] ; counter:inst_counter|cnt[7] ; CLOCK_50     ; CLOCK_50    ; 0.000        ; 0.000      ; 1.203      ;
; 1.051 ; counter:inst_counter|cnt[4] ; counter:inst_counter|cnt[0] ; CLOCK_50     ; CLOCK_50    ; 0.000        ; 0.000      ; 1.203      ;
; 1.051 ; counter:inst_counter|cnt[4] ; counter:inst_counter|cnt[1] ; CLOCK_50     ; CLOCK_50    ; 0.000        ; 0.000      ; 1.203      ;
; 1.126 ; counter:inst_counter|cnt[3] ; counter:inst_counter|cnt[2] ; CLOCK_50     ; CLOCK_50    ; 0.000        ; 0.000      ; 1.278      ;
; 1.126 ; counter:inst_counter|cnt[3] ; counter:inst_counter|cnt[3] ; CLOCK_50     ; CLOCK_50    ; 0.000        ; 0.000      ; 1.278      ;
; 1.126 ; counter:inst_counter|cnt[3] ; counter:inst_counter|cnt[4] ; CLOCK_50     ; CLOCK_50    ; 0.000        ; 0.000      ; 1.278      ;
; 1.126 ; counter:inst_counter|cnt[3] ; counter:inst_counter|cnt[5] ; CLOCK_50     ; CLOCK_50    ; 0.000        ; 0.000      ; 1.278      ;
; 1.126 ; counter:inst_counter|cnt[3] ; counter:inst_counter|cnt[6] ; CLOCK_50     ; CLOCK_50    ; 0.000        ; 0.000      ; 1.278      ;
; 1.126 ; counter:inst_counter|cnt[3] ; counter:inst_counter|cnt[7] ; CLOCK_50     ; CLOCK_50    ; 0.000        ; 0.000      ; 1.278      ;
; 1.126 ; counter:inst_counter|cnt[3] ; counter:inst_counter|cnt[0] ; CLOCK_50     ; CLOCK_50    ; 0.000        ; 0.000      ; 1.278      ;
; 1.126 ; counter:inst_counter|cnt[3] ; counter:inst_counter|cnt[1] ; CLOCK_50     ; CLOCK_50    ; 0.000        ; 0.000      ; 1.278      ;
; 1.170 ; counter:inst_counter|cnt[0] ; counter:inst_counter|cnt[2] ; CLOCK_50     ; CLOCK_50    ; 0.000        ; 0.000      ; 1.322      ;
; 1.170 ; counter:inst_counter|cnt[0] ; counter:inst_counter|cnt[3] ; CLOCK_50     ; CLOCK_50    ; 0.000        ; 0.000      ; 1.322      ;
; 1.170 ; counter:inst_counter|cnt[0] ; counter:inst_counter|cnt[4] ; CLOCK_50     ; CLOCK_50    ; 0.000        ; 0.000      ; 1.322      ;
; 1.170 ; counter:inst_counter|cnt[0] ; counter:inst_counter|cnt[5] ; CLOCK_50     ; CLOCK_50    ; 0.000        ; 0.000      ; 1.322      ;
; 1.170 ; counter:inst_counter|cnt[0] ; counter:inst_counter|cnt[6] ; CLOCK_50     ; CLOCK_50    ; 0.000        ; 0.000      ; 1.322      ;
; 1.170 ; counter:inst_counter|cnt[0] ; counter:inst_counter|cnt[7] ; CLOCK_50     ; CLOCK_50    ; 0.000        ; 0.000      ; 1.322      ;
; 1.170 ; counter:inst_counter|cnt[0] ; counter:inst_counter|cnt[0] ; CLOCK_50     ; CLOCK_50    ; 0.000        ; 0.000      ; 1.322      ;
; 1.170 ; counter:inst_counter|cnt[0] ; counter:inst_counter|cnt[1] ; CLOCK_50     ; CLOCK_50    ; 0.000        ; 0.000      ; 1.322      ;
; 1.186 ; counter:inst_counter|cnt[2] ; counter:inst_counter|cnt[2] ; CLOCK_50     ; CLOCK_50    ; 0.000        ; 0.000      ; 1.338      ;
; 1.186 ; counter:inst_counter|cnt[2] ; counter:inst_counter|cnt[3] ; CLOCK_50     ; CLOCK_50    ; 0.000        ; 0.000      ; 1.338      ;
; 1.186 ; counter:inst_counter|cnt[2] ; counter:inst_counter|cnt[4] ; CLOCK_50     ; CLOCK_50    ; 0.000        ; 0.000      ; 1.338      ;
; 1.186 ; counter:inst_counter|cnt[2] ; counter:inst_counter|cnt[5] ; CLOCK_50     ; CLOCK_50    ; 0.000        ; 0.000      ; 1.338      ;
; 1.186 ; counter:inst_counter|cnt[2] ; counter:inst_counter|cnt[6] ; CLOCK_50     ; CLOCK_50    ; 0.000        ; 0.000      ; 1.338      ;
; 1.186 ; counter:inst_counter|cnt[2] ; counter:inst_counter|cnt[7] ; CLOCK_50     ; CLOCK_50    ; 0.000        ; 0.000      ; 1.338      ;
; 1.186 ; counter:inst_counter|cnt[2] ; counter:inst_counter|cnt[0] ; CLOCK_50     ; CLOCK_50    ; 0.000        ; 0.000      ; 1.338      ;
; 1.186 ; counter:inst_counter|cnt[2] ; counter:inst_counter|cnt[1] ; CLOCK_50     ; CLOCK_50    ; 0.000        ; 0.000      ; 1.338      ;
+-------+-----------------------------+-----------------------------+--------------+-------------+--------------+------------+------------+


+-----------------------------------------------------------------------------------------------------------------+
; Fast Model Minimum Pulse Width: 'CLOCK_50'                                                                      ;
+--------+--------------+----------------+------------------+----------+------------+-----------------------------+
; Slack  ; Actual Width ; Required Width ; Type             ; Clock    ; Clock Edge ; Target                      ;
+--------+--------------+----------------+------------------+----------+------------+-----------------------------+
; -1.222 ; 1.000        ; 2.222          ; Port Rate        ; CLOCK_50 ; Rise       ; CLOCK_50                    ;
; -0.500 ; 0.500        ; 1.000          ; High Pulse Width ; CLOCK_50 ; Rise       ; counter:inst_counter|cnt[0] ;
; -0.500 ; 0.500        ; 1.000          ; Low Pulse Width  ; CLOCK_50 ; Rise       ; counter:inst_counter|cnt[0] ;
; -0.500 ; 0.500        ; 1.000          ; High Pulse Width ; CLOCK_50 ; Rise       ; counter:inst_counter|cnt[1] ;
; -0.500 ; 0.500        ; 1.000          ; Low Pulse Width  ; CLOCK_50 ; Rise       ; counter:inst_counter|cnt[1] ;
; -0.500 ; 0.500        ; 1.000          ; High Pulse Width ; CLOCK_50 ; Rise       ; counter:inst_counter|cnt[2] ;
; -0.500 ; 0.500        ; 1.000          ; Low Pulse Width  ; CLOCK_50 ; Rise       ; counter:inst_counter|cnt[2] ;
; -0.500 ; 0.500        ; 1.000          ; High Pulse Width ; CLOCK_50 ; Rise       ; counter:inst_counter|cnt[3] ;
; -0.500 ; 0.500        ; 1.000          ; Low Pulse Width  ; CLOCK_50 ; Rise       ; counter:inst_counter|cnt[3] ;
; -0.500 ; 0.500        ; 1.000          ; High Pulse Width ; CLOCK_50 ; Rise       ; counter:inst_counter|cnt[4] ;
; -0.500 ; 0.500        ; 1.000          ; Low Pulse Width  ; CLOCK_50 ; Rise       ; counter:inst_counter|cnt[4] ;
; -0.500 ; 0.500        ; 1.000          ; High Pulse Width ; CLOCK_50 ; Rise       ; counter:inst_counter|cnt[5] ;
; -0.500 ; 0.500        ; 1.000          ; Low Pulse Width  ; CLOCK_50 ; Rise       ; counter:inst_counter|cnt[5] ;
; -0.500 ; 0.500        ; 1.000          ; High Pulse Width ; CLOCK_50 ; Rise       ; counter:inst_counter|cnt[6] ;
; -0.500 ; 0.500        ; 1.000          ; Low Pulse Width  ; CLOCK_50 ; Rise       ; counter:inst_counter|cnt[6] ;
; -0.500 ; 0.500        ; 1.000          ; High Pulse Width ; CLOCK_50 ; Rise       ; counter:inst_counter|cnt[7] ;
; -0.500 ; 0.500        ; 1.000          ; Low Pulse Width  ; CLOCK_50 ; Rise       ; counter:inst_counter|cnt[7] ;
; 0.500  ; 0.500        ; 0.000          ; High Pulse Width ; CLOCK_50 ; Rise       ; CLOCK_50|combout            ;
; 0.500  ; 0.500        ; 0.000          ; Low Pulse Width  ; CLOCK_50 ; Rise       ; CLOCK_50|combout            ;
; 0.500  ; 0.500        ; 0.000          ; High Pulse Width ; CLOCK_50 ; Rise       ; CLOCK_50~clkctrl|inclk[0]   ;
; 0.500  ; 0.500        ; 0.000          ; Low Pulse Width  ; CLOCK_50 ; Rise       ; CLOCK_50~clkctrl|inclk[0]   ;
; 0.500  ; 0.500        ; 0.000          ; High Pulse Width ; CLOCK_50 ; Rise       ; CLOCK_50~clkctrl|outclk     ;
; 0.500  ; 0.500        ; 0.000          ; Low Pulse Width  ; CLOCK_50 ; Rise       ; CLOCK_50~clkctrl|outclk     ;
; 0.500  ; 0.500        ; 0.000          ; High Pulse Width ; CLOCK_50 ; Rise       ; inst_counter|cnt[0]|clk     ;
; 0.500  ; 0.500        ; 0.000          ; Low Pulse Width  ; CLOCK_50 ; Rise       ; inst_counter|cnt[0]|clk     ;
; 0.500  ; 0.500        ; 0.000          ; High Pulse Width ; CLOCK_50 ; Rise       ; inst_counter|cnt[1]|clk     ;
; 0.500  ; 0.500        ; 0.000          ; Low Pulse Width  ; CLOCK_50 ; Rise       ; inst_counter|cnt[1]|clk     ;
; 0.500  ; 0.500        ; 0.000          ; High Pulse Width ; CLOCK_50 ; Rise       ; inst_counter|cnt[2]|clk     ;
; 0.500  ; 0.500        ; 0.000          ; Low Pulse Width  ; CLOCK_50 ; Rise       ; inst_counter|cnt[2]|clk     ;
; 0.500  ; 0.500        ; 0.000          ; High Pulse Width ; CLOCK_50 ; Rise       ; inst_counter|cnt[3]|clk     ;
; 0.500  ; 0.500        ; 0.000          ; Low Pulse Width  ; CLOCK_50 ; Rise       ; inst_counter|cnt[3]|clk     ;
; 0.500  ; 0.500        ; 0.000          ; High Pulse Width ; CLOCK_50 ; Rise       ; inst_counter|cnt[4]|clk     ;
; 0.500  ; 0.500        ; 0.000          ; Low Pulse Width  ; CLOCK_50 ; Rise       ; inst_counter|cnt[4]|clk     ;
; 0.500  ; 0.500        ; 0.000          ; High Pulse Width ; CLOCK_50 ; Rise       ; inst_counter|cnt[5]|clk     ;
; 0.500  ; 0.500        ; 0.000          ; Low Pulse Width  ; CLOCK_50 ; Rise       ; inst_counter|cnt[5]|clk     ;
; 0.500  ; 0.500        ; 0.000          ; High Pulse Width ; CLOCK_50 ; Rise       ; inst_counter|cnt[6]|clk     ;
; 0.500  ; 0.500        ; 0.000          ; Low Pulse Width  ; CLOCK_50 ; Rise       ; inst_counter|cnt[6]|clk     ;
; 0.500  ; 0.500        ; 0.000          ; High Pulse Width ; CLOCK_50 ; Rise       ; inst_counter|cnt[7]|clk     ;
; 0.500  ; 0.500        ; 0.000          ; Low Pulse Width  ; CLOCK_50 ; Rise       ; inst_counter|cnt[7]|clk     ;
+--------+--------------+----------------+------------------+----------+------------+-----------------------------+


+-----------------------------------------------------------------------+
; Clock to Output Times                                                 ;
+-----------+------------+-------+-------+------------+-----------------+
; Data Port ; Clock Port ; Rise  ; Fall  ; Clock Edge ; Clock Reference ;
+-----------+------------+-------+-------+------------+-----------------+
; GPIO_0_0  ; CLOCK_50   ; 4.117 ; 4.117 ; Rise       ; CLOCK_50        ;
+-----------+------------+-------+-------+------------+-----------------+


+-----------------------------------------------------------------------+
; Minimum Clock to Output Times                                         ;
+-----------+------------+-------+-------+------------+-----------------+
; Data Port ; Clock Port ; Rise  ; Fall  ; Clock Edge ; Clock Reference ;
+-----------+------------+-------+-------+------------+-----------------+
; GPIO_0_0  ; CLOCK_50   ; 3.851 ; 3.851 ; Rise       ; CLOCK_50        ;
+-----------+------------+-------+-------+------------+-----------------+


+------------------------------------------------------------------------------+
; Multicorner Timing Analysis Summary                                          ;
+------------------+--------+-------+----------+---------+---------------------+
; Clock            ; Setup  ; Hold  ; Recovery ; Removal ; Minimum Pulse Width ;
+------------------+--------+-------+----------+---------+---------------------+
; Worst-case Slack ; -0.897 ; 0.215 ; -1.607   ; 0.920   ; -1.222              ;
;  CLOCK_50        ; -0.897 ; 0.215 ; -1.607   ; 0.920   ; -1.222              ;
; Design-wide TNS  ; -4.208 ; 0.0   ; -12.856  ; 0.0     ; -9.222              ;
;  CLOCK_50        ; -4.208 ; 0.000 ; -12.856  ; 0.000   ; -9.222              ;
+------------------+--------+-------+----------+---------+---------------------+


+-----------------------------------------------------------------------+
; Clock to Output Times                                                 ;
+-----------+------------+-------+-------+------------+-----------------+
; Data Port ; Clock Port ; Rise  ; Fall  ; Clock Edge ; Clock Reference ;
+-----------+------------+-------+-------+------------+-----------------+
; GPIO_0_0  ; CLOCK_50   ; 7.313 ; 7.313 ; Rise       ; CLOCK_50        ;
+-----------+------------+-------+-------+------------+-----------------+


+-----------------------------------------------------------------------+
; Minimum Clock to Output Times                                         ;
+-----------+------------+-------+-------+------------+-----------------+
; Data Port ; Clock Port ; Rise  ; Fall  ; Clock Edge ; Clock Reference ;
+-----------+------------+-------+-------+------------+-----------------+
; GPIO_0_0  ; CLOCK_50   ; 3.851 ; 3.851 ; Rise       ; CLOCK_50        ;
+-----------+------------+-------+-------+------------+-----------------+


+-------------------------------------------------------------------+
; Setup Transfers                                                   ;
+------------+----------+----------+----------+----------+----------+
; From Clock ; To Clock ; RR Paths ; FR Paths ; RF Paths ; FF Paths ;
+------------+----------+----------+----------+----------+----------+
; CLOCK_50   ; CLOCK_50 ; 36       ; 0        ; 0        ; 0        ;
+------------+----------+----------+----------+----------+----------+
Entries labeled "false path" only account for clock-to-clock false paths and not path-based false paths. As a result, actual path counts may be lower than reported.


+-------------------------------------------------------------------+
; Hold Transfers                                                    ;
+------------+----------+----------+----------+----------+----------+
; From Clock ; To Clock ; RR Paths ; FR Paths ; RF Paths ; FF Paths ;
+------------+----------+----------+----------+----------+----------+
; CLOCK_50   ; CLOCK_50 ; 36       ; 0        ; 0        ; 0        ;
+------------+----------+----------+----------+----------+----------+
Entries labeled "false path" only account for clock-to-clock false paths and not path-based false paths. As a result, actual path counts may be lower than reported.


+-------------------------------------------------------------------+
; Recovery Transfers                                                ;
+------------+----------+----------+----------+----------+----------+
; From Clock ; To Clock ; RR Paths ; FR Paths ; RF Paths ; FF Paths ;
+------------+----------+----------+----------+----------+----------+
; CLOCK_50   ; CLOCK_50 ; 64       ; 0        ; 0        ; 0        ;
+------------+----------+----------+----------+----------+----------+
Entries labeled "false path" only account for clock-to-clock false paths and not path-based false paths. As a result, actual path counts may be lower than reported.


+-------------------------------------------------------------------+
; Removal Transfers                                                 ;
+------------+----------+----------+----------+----------+----------+
; From Clock ; To Clock ; RR Paths ; FR Paths ; RF Paths ; FF Paths ;
+------------+----------+----------+----------+----------+----------+
; CLOCK_50   ; CLOCK_50 ; 64       ; 0        ; 0        ; 0        ;
+------------+----------+----------+----------+----------+----------+
Entries labeled "false path" only account for clock-to-clock false paths and not path-based false paths. As a result, actual path counts may be lower than reported.


---------------
; Report TCCS ;
---------------
No dedicated SERDES Transmitter circuitry present in device or used in design


---------------
; Report RSKM ;
---------------
No dedicated SERDES Receiver circuitry present in device or used in design


+------------------------------------------------+
; Unconstrained Paths                            ;
+---------------------------------+-------+------+
; Property                        ; Setup ; Hold ;
+---------------------------------+-------+------+
; Illegal Clocks                  ; 0     ; 0    ;
; Unconstrained Clocks            ; 0     ; 0    ;
; Unconstrained Input Ports       ; 0     ; 0    ;
; Unconstrained Input Port Paths  ; 0     ; 0    ;
; Unconstrained Output Ports      ; 1     ; 1    ;
; Unconstrained Output Port Paths ; 8     ; 8    ;
+---------------------------------+-------+------+


+------------------------------------+
; TimeQuest Timing Analyzer Messages ;
+------------------------------------+
Info: *******************************************************************
Info: Running Quartus II 64-Bit TimeQuest Timing Analyzer
    Info: Version 13.0.1 Build 232 06/12/2013 Service Pack 1 SJ Full Version
    Info: Processing started: Wed Sep 23 17:05:20 2015
Info: Command: quartus_sta Counter_irregularities -c Counter_irregularities
Info: qsta_default_script.tcl version: #1
Info (11104): Parallel Compilation has detected 4 hyper-threaded processors. However, the extra hyper-threaded processors will not be used by default. Parallel Compilation will use 2 of the 2 physical processors detected instead.
Info (21077): Low junction temperature is 0 degrees C
Info (21077): High junction temperature is 85 degrees C
Info (332104): Reading SDC File: 'Counter_irregularities.sdc'
Warning (332153): Family doesn't support jitter analysis.
Info (332142): No user constrained base clocks found in the design. Calling "derive_clocks -period 1.0"
Info (332105): Deriving Clocks
    Info (332105): create_clock -period 1.000 -name CLOCK_50 CLOCK_50
Info: Found TIMEQUEST_REPORT_SCRIPT_INCLUDE_DEFAULT_ANALYSIS = ON
Info: Analyzing Slow Model
Critical Warning (332148): Timing requirements not met
Info (332146): Worst-case setup slack is -0.897
    Info (332119):     Slack End Point TNS Clock 
    Info (332119): ========= ============= =====================
    Info (332119):    -0.897        -4.208 CLOCK_50 
Info (332146): Worst-case hold slack is 0.391
    Info (332119):     Slack End Point TNS Clock 
    Info (332119): ========= ============= =====================
    Info (332119):     0.391         0.000 CLOCK_50 
Info (332146): Worst-case recovery slack is -1.607
    Info (332119):     Slack End Point TNS Clock 
    Info (332119): ========= ============= =====================
    Info (332119):    -1.607       -12.856 CLOCK_50 
Info (332146): Worst-case removal slack is 1.836
    Info (332119):     Slack End Point TNS Clock 
    Info (332119): ========= ============= =====================
    Info (332119):     1.836         0.000 CLOCK_50 
Info (332146): Worst-case minimum pulse width slack is -1.222
    Info (332119):     Slack End Point TNS Clock 
    Info (332119): ========= ============= =====================
    Info (332119):    -1.222        -9.222 CLOCK_50 
Info (332001): The selected device family is not supported by the report_metastability command.
Info: Analyzing Fast Model
Info (332146): Worst-case setup slack is 0.132
    Info (332119):     Slack End Point TNS Clock 
    Info (332119): ========= ============= =====================
    Info (332119):     0.132         0.000 CLOCK_50 
Info (332146): Worst-case hold slack is 0.215
    Info (332119):     Slack End Point TNS Clock 
    Info (332119): ========= ============= =====================
    Info (332119):     0.215         0.000 CLOCK_50 
Critical Warning (332148): Timing requirements not met
Info (332146): Worst-case recovery slack is -0.306
    Info (332119):     Slack End Point TNS Clock 
    Info (332119): ========= ============= =====================
    Info (332119):    -0.306        -2.448 CLOCK_50 
Info (332146): Worst-case removal slack is 0.920
    Info (332119):     Slack End Point TNS Clock 
    Info (332119): ========= ============= =====================
    Info (332119):     0.920         0.000 CLOCK_50 
Info (332146): Worst-case minimum pulse width slack is -1.222
    Info (332119):     Slack End Point TNS Clock 
    Info (332119): ========= ============= =====================
    Info (332119):    -1.222        -9.222 CLOCK_50 
Info (332001): The selected device family is not supported by the report_metastability command.
Info (332102): Design is not fully constrained for setup requirements
Info (332102): Design is not fully constrained for hold requirements
Info: Quartus II 64-Bit TimeQuest Timing Analyzer was successful. 0 errors, 3 warnings
    Info: Peak virtual memory: 523 megabytes
    Info: Processing ended: Wed Sep 23 17:05:21 2015
    Info: Elapsed time: 00:00:01
    Info: Total CPU time (on all processors): 00:00:01


