Flow report for Counter_irregularities
Mon Oct  5 12:07:26 2015
Quartus II 64-Bit Version 13.0.1 Build 232 06/12/2013 Service Pack 1 SJ Full Version


---------------------
; Table of Contents ;
---------------------
  1. Legal Notice
  2. Flow Summary
  3. Flow Settings
  4. Flow Non-Default Global Settings
  5. Flow Elapsed Time
  6. Flow OS Summary
  7. Flow Log
  8. Flow Messages
  9. Flow Suppressed Messages



----------------
; Legal Notice ;
----------------
Copyright (C) 1991-2013 Altera Corporation
Your use of Altera Corporation's design tools, logic functions 
and other software and tools, and its AMPP partner logic 
functions, and any output files from any of the foregoing 
(including device programming or simulation files), and any 
associated documentation or information are expressly subject 
to the terms and conditions of the Altera Program License 
Subscription Agreement, Altera MegaCore Function License 
Agreement, or other applicable license agreement, including, 
without limitation, that your use is for the sole purpose of 
programming logic devices manufactured by Altera and sold by 
Altera or its authorized distributors.  Please refer to the 
applicable agreement for further details.



+---------------------------------------------------------------------------------------+
; Flow Summary                                                                          ;
+------------------------------------+--------------------------------------------------+
; Flow Status                        ; Successful - Mon Oct  5 12:07:18 2015            ;
; Quartus II 64-Bit Version          ; 13.0.1 Build 232 06/12/2013 SP 1 SJ Full Version ;
; Revision Name                      ; Counter_irregularities                           ;
; Top-level Entity Name              ; top_counter_verification_4b                      ;
; Family                             ; Cyclone IV GX                                    ;
; Total logic elements               ; 11 / 14,400 ( < 1 % )                            ;
;     Total combinational functions  ; 11 / 14,400 ( < 1 % )                            ;
;     Dedicated logic registers      ; 8 / 14,400 ( < 1 % )                             ;
; Total registers                    ; 8                                                ;
; Total pins                         ; 18 / 81 ( 22 % )                                 ;
; Total virtual pins                 ; 0                                                ;
; Total memory bits                  ; 0 / 552,960 ( 0 % )                              ;
; Embedded Multiplier 9-bit elements ; 0                                                ;
; Total GXB Receiver Channel PCS     ; 0 / 2 ( 0 % )                                    ;
; Total GXB Receiver Channel PMA     ; 0 / 2 ( 0 % )                                    ;
; Total GXB Transmitter Channel PCS  ; 0 / 2 ( 0 % )                                    ;
; Total GXB Transmitter Channel PMA  ; 0 / 2 ( 0 % )                                    ;
; Total PLLs                         ; 0 / 3 ( 0 % )                                    ;
; Device                             ; EP4CGX15BF14C6                                   ;
; Timing Models                      ; Final                                            ;
+------------------------------------+--------------------------------------------------+


+--------------------------------------------+
; Flow Settings                              ;
+-------------------+------------------------+
; Option            ; Setting                ;
+-------------------+------------------------+
; Start date & time ; 10/05/2015 12:06:54    ;
; Main task         ; Compilation            ;
; Revision Name     ; Counter_irregularities ;
+-------------------+------------------------+


+-------------------------------------------------------------------------------------------------------------------------------------------+
; Flow Non-Default Global Settings                                                                                                          ;
+-------------------------------------+---------------------------------+------------------------+-----------------------------+------------+
; Assignment Name                     ; Value                           ; Default Value          ; Entity Name                 ; Section Id ;
+-------------------------------------+---------------------------------+------------------------+-----------------------------+------------+
; COMPILER_SIGNATURE_ID               ; 264840316757912.144403961408193 ; --                     ; --                          ; --         ;
; PARTITION_COLOR                     ; 16764057                        ; --                     ; top_counter_verification_4b ; Top        ;
; PARTITION_FITTER_PRESERVATION_LEVEL ; PLACEMENT_AND_ROUTING           ; --                     ; top_counter_verification_4b ; Top        ;
; PARTITION_NETLIST_TYPE              ; SOURCE                          ; --                     ; top_counter_verification_4b ; Top        ;
; TOP_LEVEL_ENTITY                    ; top_counter_verification_4b     ; Counter_irregularities ; --                          ; --         ;
+-------------------------------------+---------------------------------+------------------------+-----------------------------+------------+


+-------------------------------------------------------------------------------------------------------------------------------+
; Flow Elapsed Time                                                                                                             ;
+---------------------------+--------------+-------------------------+---------------------+------------------------------------+
; Module Name               ; Elapsed Time ; Average Processors Used ; Peak Virtual Memory ; Total CPU Time (on all processors) ;
+---------------------------+--------------+-------------------------+---------------------+------------------------------------+
; Analysis & Synthesis      ; 00:00:03     ; 1.0                     ; 661 MB              ; 00:00:03                           ;
; Fitter                    ; 00:00:13     ; 1.2                     ; 879 MB              ; 00:00:13                           ;
; Assembler                 ; 00:00:02     ; 1.0                     ; 605 MB              ; 00:00:02                           ;
; TimeQuest Timing Analyzer ; 00:00:05     ; 1.0                     ; 600 MB              ; 00:00:04                           ;
; Total                     ; 00:00:23     ; --                      ; --                  ; 00:00:22                           ;
+---------------------------+--------------+-------------------------+---------------------+------------------------------------+


+---------------------------------------------------------------------------------------------+
; Flow OS Summary                                                                             ;
+---------------------------+------------------+----------------+------------+----------------+
; Module Name               ; Machine Hostname ; OS Name        ; OS Version ; Processor type ;
+---------------------------+------------------+----------------+------------+----------------+
; Analysis & Synthesis      ; ThinkPadHPMM     ; Ubuntu 14.04.3 ; 14         ; x86_64         ;
; Fitter                    ; ThinkPadHPMM     ; Ubuntu 14.04.3 ; 14         ; x86_64         ;
; Assembler                 ; ThinkPadHPMM     ; Ubuntu 14.04.3 ; 14         ; x86_64         ;
; TimeQuest Timing Analyzer ; ThinkPadHPMM     ; Ubuntu 14.04.3 ; 14         ; x86_64         ;
+---------------------------+------------------+----------------+------------+----------------+


------------
; Flow Log ;
------------
quartus_map --read_settings_files=on --write_settings_files=off Counter_irregularities -c Counter_irregularities
quartus_fit --read_settings_files=off --write_settings_files=off Counter_irregularities -c Counter_irregularities
quartus_asm --read_settings_files=off --write_settings_files=off Counter_irregularities -c Counter_irregularities
quartus_sta Counter_irregularities -c Counter_irregularities



